{"total": {"lines":{"total":6433,"covered":5709,"skipped":0,"pct":88.74},"statements":{"total":6564,"covered":5816,"skipped":0,"pct":88.6},"functions":{"total":1223,"covered":1127,"skipped":0,"pct":92.15},"branches":{"total":4401,"covered":3400,"skipped":0,"pct":77.25},"branchesTrue":{"total":0,"covered":0,"skipped":0,"pct":100}}
,"/home/runner/work/cx-cli/cx-cli/package.json": {"lines":{"total":15,"covered":15,"skipped":0,"pct":100},"functions":{"total":0,"covered":0,"skipped":0,"pct":100},"statements":{"total":15,"covered":15,"skipped":0,"pct":100},"branches":{"total":0,"covered":0,"skipped":0,"pct":100}}
,"/home/runner/work/cx-cli/cx-cli/vitest.shared.ts": {"lines":{"total":3,"covered":3,"skipped":0,"pct":100},"functions":{"total":1,"covered":1,"skipped":0,"pct":100},"statements":{"total":3,"covered":3,"skipped":0,"pct":100},"branches":{"total":3,"covered":3,"skipped":0,"pct":100}}
,"/home/runner/work/cx-cli/cx-cli/src/adapter/capabilities.ts": {"lines":{"total":69,"covered":62,"skipped":0,"pct":89.85},"functions":{"total":11,"covered":11,"skipped":0,"pct":100},"statements":{"total":69,"covered":62,"skipped":0,"pct":89.85},"branches":{"total":36,"covered":29,"skipped":0,"pct":80.55}}
,"/home/runner/work/cx-cli/cx-cli/src/adapter/cliParity.ts": {"lines":{"total":0,"covered":0,"skipped":0,"pct":100},"functions":{"total":0,"covered":0,"skipped":0,"pct":100},"statements":{"total":0,"covered":0,"skipped":0,"pct":100},"branches":{"total":0,"covered":0,"skipped":0,"pct":100}}
,"/home/runner/work/cx-cli/cx-cli/src/adapter/oracleAdapterRenderConfig.ts": {"lines":{"total":1,"covered":1,"skipped":0,"pct":100},"functions":{"total":1,"covered":1,"skipped":0,"pct":100},"statements":{"total":1,"covered":1,"skipped":0,"pct":100},"branches":{"total":4,"covered":2,"skipped":0,"pct":50}}
,"/home/runner/work/cx-cli/cx-cli/src/adapter/oracleRender.ts": {"lines":{"total":72,"covered":63,"skipped":0,"pct":87.5},"functions":{"total":9,"covered":8,"skipped":0,"pct":88.88},"statements":{"total":72,"covered":63,"skipped":0,"pct":87.5},"branches":{"total":41,"covered":30,"skipped":0,"pct":73.17}}
,"/home/runner/work/cx-cli/cx-cli/src/adapter/section.ts": {"lines":{"total":8,"covered":8,"skipped":0,"pct":100},"functions":{"total":2,"covered":2,"skipped":0,"pct":100},"statements":{"total":8,"covered":8,"skipped":0,"pct":100},"branches":{"total":2,"covered":2,"skipped":0,"pct":100}}
,"/home/runner/work/cx-cli/cx-cli/src/bundle/derivedReviewExports.ts": {"lines":{"total":24,"covered":22,"skipped":0,"pct":91.66},"functions":{"total":3,"covered":3,"skipped":0,"pct":100},"statements":{"total":24,"covered":22,"skipped":0,"pct":91.66},"branches":{"total":14,"covered":12,"skipped":0,"pct":85.71}}
,"/home/runner/work/cx-cli/cx-cli/src/bundle/validate.ts": {"lines":{"total":47,"covered":46,"skipped":0,"pct":97.87},"functions":{"total":4,"covered":4,"skipped":0,"pct":100},"statements":{"total":48,"covered":47,"skipped":0,"pct":97.91},"branches":{"total":37,"covered":33,"skipped":0,"pct":89.18}}
,"/home/runner/work/cx-cli/cx-cli/src/bundle/verify.ts": {"lines":{"total":111,"covered":106,"skipped":0,"pct":95.49},"functions":{"total":27,"covered":27,"skipped":0,"pct":100},"statements":{"total":118,"covered":113,"skipped":0,"pct":95.76},"branches":{"total":100,"covered":93,"skipped":0,"pct":93}}
,"/home/runner/work/cx-cli/cx-cli/src/cli/completion.ts": {"lines":{"total":56,"covered":55,"skipped":0,"pct":98.21},"functions":{"total":14,"covered":12,"skipped":0,"pct":85.71},"statements":{"total":58,"covered":56,"skipped":0,"pct":96.55},"branches":{"total":19,"covered":19,"skipped":0,"pct":100}}
,"/home/runner/work/cx-cli/cx-cli/src/cli/jsonContracts.ts": {"lines":{"total":28,"covered":28,"skipped":0,"pct":100},"functions":{"total":0,"covered":0,"skipped":0,"pct":100},"statements":{"total":28,"covered":28,"skipped":0,"pct":100},"branches":{"total":0,"covered":0,"skipped":0,"pct":100}}
,"/home/runner/work/cx-cli/cx-cli/src/cli/main.ts": {"lines":{"total":118,"covered":71,"skipped":0,"pct":60.16},"functions":{"total":49,"covered":40,"skipped":0,"pct":81.63},"statements":{"total":119,"covered":72,"skipped":0,"pct":60.5},"branches":{"total":84,"covered":39,"skipped":0,"pct":46.42}}
,"/home/runner/work/cx-cli/cx-cli/src/cli/commands/adapter.ts": {"lines":{"total":97,"covered":92,"skipped":0,"pct":94.84},"functions":{"total":10,"covered":9,"skipped":0,"pct":90},"statements":{"total":98,"covered":93,"skipped":0,"pct":94.89},"branches":{"total":65,"covered":41,"skipped":0,"pct":63.07}}
,"/home/runner/work/cx-cli/cx-cli/src/cli/commands/audit.ts": {"lines":{"total":39,"covered":37,"skipped":0,"pct":94.87},"functions":{"total":4,"covered":3,"skipped":0,"pct":75},"statements":{"total":39,"covered":37,"skipped":0,"pct":94.87},"branches":{"total":28,"covered":21,"skipped":0,"pct":75}}
,"/home/runner/work/cx-cli/cx-cli/src/cli/commands/bundle.ts": {"lines":{"total":265,"covered":242,"skipped":0,"pct":91.32},"functions":{"total":49,"covered":45,"skipped":0,"pct":91.83},"statements":{"total":268,"covered":245,"skipped":0,"pct":91.41},"branches":{"total":186,"covered":161,"skipped":0,"pct":86.55}}
,"/home/runner/work/cx-cli/cx-cli/src/cli/commands/config.ts": {"lines":{"total":76,"covered":71,"skipped":0,"pct":93.42},"functions":{"total":8,"covered":8,"skipped":0,"pct":100},"statements":{"total":78,"covered":73,"skipped":0,"pct":93.58},"branches":{"total":54,"covered":43,"skipped":0,"pct":79.62}}
,"/home/runner/work/cx-cli/cx-cli/src/cli/commands/docs.ts": {"lines":{"total":54,"covered":33,"skipped":0,"pct":61.11},"functions":{"total":5,"covered":5,"skipped":0,"pct":100},"statements":{"total":54,"covered":33,"skipped":0,"pct":61.11},"branches":{"total":37,"covered":20,"skipped":0,"pct":54.05}}
,"/home/runner/work/cx-cli/cx-cli/src/cli/commands/doctor.ts": {"lines":{"total":187,"covered":173,"skipped":0,"pct":92.51},"functions":{"total":30,"covered":27,"skipped":0,"pct":90},"statements":{"total":190,"covered":176,"skipped":0,"pct":92.63},"branches":{"total":131,"covered":107,"skipped":0,"pct":81.67}}
,"/home/runner/work/cx-cli/cx-cli/src/cli/commands/extract.ts": {"lines":{"total":59,"covered":55,"skipped":0,"pct":93.22},"functions":{"total":14,"covered":13,"skipped":0,"pct":92.85},"statements":{"total":62,"covered":58,"skipped":0,"pct":93.54},"branches":{"total":69,"covered":46,"skipped":0,"pct":66.66}}
,"/home/runner/work/cx-cli/cx-cli/src/cli/commands/init.ts": {"lines":{"total":118,"covered":103,"skipped":0,"pct":87.28},"functions":{"total":11,"covered":10,"skipped":0,"pct":90.9},"statements":{"total":119,"covered":104,"skipped":0,"pct":87.39},"branches":{"total":94,"covered":77,"skipped":0,"pct":81.91}}
,"/home/runner/work/cx-cli/cx-cli/src/cli/commands/inspect.ts": {"lines":{"total":42,"covered":38,"skipped":0,"pct":90.47},"functions":{"total":9,"covered":8,"skipped":0,"pct":88.88},"statements":{"total":42,"covered":38,"skipped":0,"pct":90.47},"branches":{"total":45,"covered":26,"skipped":0,"pct":57.77}}
,"/home/runner/work/cx-cli/cx-cli/src/cli/commands/list.ts": {"lines":{"total":155,"covered":93,"skipped":0,"pct":60},"functions":{"total":27,"covered":20,"skipped":0,"pct":74.07},"statements":{"total":156,"covered":93,"skipped":0,"pct":59.61},"branches":{"total":118,"covered":48,"skipped":0,"pct":40.67}}
,"/home/runner/work/cx-cli/cx-cli/src/cli/commands/mcp.ts": {"lines":{"total":25,"covered":25,"skipped":0,"pct":100},"functions":{"total":4,"covered":4,"skipped":0,"pct":100},"statements":{"total":25,"covered":25,"skipped":0,"pct":100},"branches":{"total":17,"covered":12,"skipped":0,"pct":70.58}}
,"/home/runner/work/cx-cli/cx-cli/src/cli/commands/notes.ts": {"lines":{"total":0,"covered":0,"skipped":0,"pct":100},"functions":{"total":0,"covered":0,"skipped":0,"pct":100},"statements":{"total":0,"covered":0,"skipped":0,"pct":100},"branches":{"total":0,"covered":0,"skipped":0,"pct":100}}
,"/home/runner/work/cx-cli/cx-cli/src/cli/commands/render.ts": {"lines":{"total":60,"covered":56,"skipped":0,"pct":93.33},"functions":{"total":15,"covered":14,"skipped":0,"pct":93.33},"statements":{"total":66,"covered":62,"skipped":0,"pct":93.93},"branches":{"total":48,"covered":43,"skipped":0,"pct":89.58}}
,"/home/runner/work/cx-cli/cx-cli/src/cli/commands/validate.ts": {"lines":{"total":21,"covered":18,"skipped":0,"pct":85.71},"functions":{"total":1,"covered":1,"skipped":0,"pct":100},"statements":{"total":21,"covered":18,"skipped":0,"pct":85.71},"branches":{"total":13,"covered":11,"skipped":0,"pct":84.61}}
,"/home/runner/work/cx-cli/cx-cli/src/cli/commands/verify.ts": {"lines":{"total":75,"covered":62,"skipped":0,"pct":82.66},"functions":{"total":2,"covered":2,"skipped":0,"pct":100},"statements":{"total":76,"covered":62,"skipped":0,"pct":81.57},"branches":{"total":72,"covered":50,"skipped":0,"pct":69.44}}
,"/home/runner/work/cx-cli/cx-cli/src/cli/commands/notes/run.ts": {"lines":{"total":375,"covered":285,"skipped":0,"pct":76},"functions":{"total":25,"covered":18,"skipped":0,"pct":72},"statements":{"total":387,"covered":290,"skipped":0,"pct":74.93},"branches":{"total":289,"covered":211,"skipped":0,"pct":73.01}}
,"/home/runner/work/cx-cli/cx-cli/src/config/defaults.ts": {"lines":{"total":6,"covered":6,"skipped":0,"pct":100},"functions":{"total":0,"covered":0,"skipped":0,"pct":100},"statements":{"total":6,"covered":6,"skipped":0,"pct":100},"branches":{"total":0,"covered":0,"skipped":0,"pct":100}}
,"/home/runner/work/cx-cli/cx-cli/src/config/display.ts": {"lines":{"total":25,"covered":25,"skipped":0,"pct":100},"functions":{"total":3,"covered":3,"skipped":0,"pct":100},"statements":{"total":26,"covered":26,"skipped":0,"pct":100},"branches":{"total":27,"covered":27,"skipped":0,"pct":100}}
,"/home/runner/work/cx-cli/cx-cli/src/config/env.ts": {"lines":{"total":29,"covered":29,"skipped":0,"pct":100},"functions":{"total":4,"covered":4,"skipped":0,"pct":100},"statements":{"total":32,"covered":32,"skipped":0,"pct":100},"branches":{"total":17,"covered":17,"skipped":0,"pct":100}}
,"/home/runner/work/cx-cli/cx-cli/src/config/load.ts": {"lines":{"total":275,"covered":255,"skipped":0,"pct":92.72},"functions":{"total":41,"covered":40,"skipped":0,"pct":97.56},"statements":{"total":278,"covered":258,"skipped":0,"pct":92.8},"branches":{"total":254,"covered":224,"skipped":0,"pct":88.18}}
,"/home/runner/work/cx-cli/cx-cli/src/config/merge.ts": {"lines":{"total":39,"covered":38,"skipped":0,"pct":97.43},"functions":{"total":3,"covered":3,"skipped":0,"pct":100},"statements":{"total":39,"covered":38,"skipped":0,"pct":97.43},"branches":{"total":41,"covered":36,"skipped":0,"pct":87.8}}
,"/home/runner/work/cx-cli/cx-cli/src/config/projectName.ts": {"lines":{"total":2,"covered":2,"skipped":0,"pct":100},"functions":{"total":1,"covered":1,"skipped":0,"pct":100},"statements":{"total":2,"covered":2,"skipped":0,"pct":100},"branches":{"total":2,"covered":2,"skipped":0,"pct":100}}
,"/home/runner/work/cx-cli/cx-cli/src/config/user.ts": {"lines":{"total":23,"covered":22,"skipped":0,"pct":95.65},"functions":{"total":7,"covered":7,"skipped":0,"pct":100},"statements":{"total":23,"covered":22,"skipped":0,"pct":95.65},"branches":{"total":20,"covered":16,"skipped":0,"pct":80}}
,"/home/runner/work/cx-cli/cx-cli/src/docs/compile.ts": {"lines":{"total":61,"covered":52,"skipped":0,"pct":85.24},"functions":{"total":17,"covered":13,"skipped":0,"pct":76.47},"statements":{"total":62,"covered":53,"skipped":0,"pct":85.48},"branches":{"total":31,"covered":17,"skipped":0,"pct":54.83}}
,"/home/runner/work/cx-cli/cx-cli/src/docs/export.ts": {"lines":{"total":220,"covered":191,"skipped":0,"pct":86.81},"functions":{"total":37,"covered":28,"skipped":0,"pct":75.67},"statements":{"total":224,"covered":191,"skipped":0,"pct":85.26},"branches":{"total":127,"covered":104,"skipped":0,"pct":81.88}}
,"/home/runner/work/cx-cli/cx-cli/src/doctor/mcp.ts": {"lines":{"total":45,"covered":45,"skipped":0,"pct":100},"functions":{"total":4,"covered":4,"skipped":0,"pct":100},"statements":{"total":45,"covered":45,"skipped":0,"pct":100},"branches":{"total":26,"covered":22,"skipped":0,"pct":84.61}}
,"/home/runner/work/cx-cli/cx-cli/src/doctor/notes.ts": {"lines":{"total":29,"covered":29,"skipped":0,"pct":100},"functions":{"total":6,"covered":6,"skipped":0,"pct":100},"statements":{"total":29,"covered":29,"skipped":0,"pct":100},"branches":{"total":28,"covered":24,"skipped":0,"pct":85.71}}
,"/home/runner/work/cx-cli/cx-cli/src/doctor/overlaps.ts": {"lines":{"total":26,"covered":26,"skipped":0,"pct":100},"functions":{"total":4,"covered":4,"skipped":0,"pct":100},"statements":{"total":26,"covered":26,"skipped":0,"pct":100},"branches":{"total":20,"covered":19,"skipped":0,"pct":95}}
,"/home/runner/work/cx-cli/cx-cli/src/doctor/scanner.ts": {"lines":{"total":16,"covered":16,"skipped":0,"pct":100},"functions":{"total":7,"covered":7,"skipped":0,"pct":100},"statements":{"total":17,"covered":17,"skipped":0,"pct":100},"branches":{"total":13,"covered":12,"skipped":0,"pct":92.3}}
,"/home/runner/work/cx-cli/cx-cli/src/doctor/secrets.ts": {"lines":{"total":31,"covered":31,"skipped":0,"pct":100},"functions":{"total":3,"covered":3,"skipped":0,"pct":100},"statements":{"total":31,"covered":31,"skipped":0,"pct":100},"branches":{"total":22,"covered":21,"skipped":0,"pct":95.45}}
,"/home/runner/work/cx-cli/cx-cli/src/doctor/workflow.ts": {"lines":{"total":19,"covered":19,"skipped":0,"pct":100},"functions":{"total":2,"covered":2,"skipped":0,"pct":100},"statements":{"total":19,"covered":19,"skipped":0,"pct":100},"branches":{"total":11,"covered":11,"skipped":0,"pct":100}}
,"/home/runner/work/cx-cli/cx-cli/src/extract/extract.ts": {"lines":{"total":58,"covered":47,"skipped":0,"pct":81.03},"functions":{"total":10,"covered":10,"skipped":0,"pct":100},"statements":{"total":58,"covered":47,"skipped":0,"pct":81.03},"branches":{"total":48,"covered":37,"skipped":0,"pct":77.08}}
,"/home/runner/work/cx-cli/cx-cli/src/extract/lineSpans.ts": {"lines":{"total":10,"covered":10,"skipped":0,"pct":100},"functions":{"total":2,"covered":2,"skipped":0,"pct":100},"statements":{"total":10,"covered":10,"skipped":0,"pct":100},"branches":{"total":12,"covered":12,"skipped":0,"pct":100}}
,"/home/runner/work/cx-cli/cx-cli/src/extract/parsers.ts": {"lines":{"total":109,"covered":108,"skipped":0,"pct":99.08},"functions":{"total":7,"covered":7,"skipped":0,"pct":100},"statements":{"total":109,"covered":108,"skipped":0,"pct":99.08},"branches":{"total":62,"covered":59,"skipped":0,"pct":95.16}}
,"/home/runner/work/cx-cli/cx-cli/src/extract/report.ts": {"lines":{"total":22,"covered":20,"skipped":0,"pct":90.9},"functions":{"total":8,"covered":7,"skipped":0,"pct":87.5},"statements":{"total":22,"covered":20,"skipped":0,"pct":90.9},"branches":{"total":43,"covered":28,"skipped":0,"pct":65.11}}
,"/home/runner/work/cx-cli/cx-cli/src/extract/resolution.ts": {"lines":{"total":58,"covered":50,"skipped":0,"pct":86.2},"functions":{"total":11,"covered":11,"skipped":0,"pct":100},"statements":{"total":60,"covered":52,"skipped":0,"pct":86.66},"branches":{"total":32,"covered":22,"skipped":0,"pct":68.75}}
,"/home/runner/work/cx-cli/cx-cli/src/inspect/report.ts": {"lines":{"total":43,"covered":43,"skipped":0,"pct":100},"functions":{"total":15,"covered":15,"skipped":0,"pct":100},"statements":{"total":43,"covered":43,"skipped":0,"pct":100},"branches":{"total":34,"covered":28,"skipped":0,"pct":82.35}}
,"/home/runner/work/cx-cli/cx-cli/src/manifest/build.ts": {"lines":{"total":34,"covered":33,"skipped":0,"pct":97.05},"functions":{"total":10,"covered":10,"skipped":0,"pct":100},"statements":{"total":36,"covered":35,"skipped":0,"pct":97.22},"branches":{"total":26,"covered":24,"skipped":0,"pct":92.3}}
,"/home/runner/work/cx-cli/cx-cli/src/manifest/checksums.ts": {"lines":{"total":15,"covered":14,"skipped":0,"pct":93.33},"functions":{"total":5,"covered":5,"skipped":0,"pct":100},"statements":{"total":15,"covered":14,"skipped":0,"pct":93.33},"branches":{"total":6,"covered":5,"skipped":0,"pct":83.33}}
,"/home/runner/work/cx-cli/cx-cli/src/manifest/json.ts": {"lines":{"total":107,"covered":103,"skipped":0,"pct":96.26},"functions":{"total":38,"covered":38,"skipped":0,"pct":100},"statements":{"total":110,"covered":106,"skipped":0,"pct":96.36},"branches":{"total":80,"covered":71,"skipped":0,"pct":88.75}}
,"/home/runner/work/cx-cli/cx-cli/src/manifest/lock.ts": {"lines":{"total":19,"covered":19,"skipped":0,"pct":100},"functions":{"total":5,"covered":5,"skipped":0,"pct":100},"statements":{"total":20,"covered":19,"skipped":0,"pct":95},"branches":{"total":13,"covered":12,"skipped":0,"pct":92.3}}
,"/home/runner/work/cx-cli/cx-cli/src/manifest/types.ts": {"lines":{"total":1,"covered":1,"skipped":0,"pct":100},"functions":{"total":0,"covered":0,"skipped":0,"pct":100},"statements":{"total":1,"covered":1,"skipped":0,"pct":100},"branches":{"total":0,"covered":0,"skipped":0,"pct":100}}
,"/home/runner/work/cx-cli/cx-cli/src/mcp/audit.ts": {"lines":{"total":35,"covered":35,"skipped":0,"pct":100},"functions":{"total":11,"covered":11,"skipped":0,"pct":100},"statements":{"total":35,"covered":35,"skipped":0,"pct":100},"branches":{"total":20,"covered":18,"skipped":0,"pct":90}}
,"/home/runner/work/cx-cli/cx-cli/src/mcp/config.ts": {"lines":{"total":15,"covered":15,"skipped":0,"pct":100},"functions":{"total":2,"covered":2,"skipped":0,"pct":100},"statements":{"total":15,"covered":15,"skipped":0,"pct":100},"branches":{"total":7,"covered":7,"skipped":0,"pct":100}}
,"/home/runner/work/cx-cli/cx-cli/src/mcp/enforce.ts": {"lines":{"total":8,"covered":8,"skipped":0,"pct":100},"functions":{"total":4,"covered":4,"skipped":0,"pct":100},"statements":{"total":9,"covered":9,"skipped":0,"pct":100},"branches":{"total":4,"covered":4,"skipped":0,"pct":100}}
,"/home/runner/work/cx-cli/cx-cli/src/mcp/policy.ts": {"lines":{"total":30,"covered":30,"skipped":0,"pct":100},"functions":{"total":6,"covered":6,"skipped":0,"pct":100},"statements":{"total":30,"covered":30,"skipped":0,"pct":100},"branches":{"total":26,"covered":24,"skipped":0,"pct":92.3}}
,"/home/runner/work/cx-cli/cx-cli/src/mcp/server.ts": {"lines":{"total":65,"covered":55,"skipped":0,"pct":84.61},"functions":{"total":13,"covered":11,"skipped":0,"pct":84.61},"statements":{"total":66,"covered":55,"skipped":0,"pct":83.33},"branches":{"total":37,"covered":26,"skipped":0,"pct":70.27}}
,"/home/runner/work/cx-cli/cx-cli/src/mcp/tiers.ts": {"lines":{"total":1,"covered":1,"skipped":0,"pct":100},"functions":{"total":1,"covered":1,"skipped":0,"pct":100},"statements":{"total":1,"covered":1,"skipped":0,"pct":100},"branches":{"total":0,"covered":0,"skipped":0,"pct":100}}
,"/home/runner/work/cx-cli/cx-cli/src/mcp/workspace.ts": {"lines":{"total":102,"covered":91,"skipped":0,"pct":89.21},"functions":{"total":14,"covered":14,"skipped":0,"pct":100},"statements":{"total":103,"covered":92,"skipped":0,"pct":89.32},"branches":{"total":59,"covered":43,"skipped":0,"pct":72.88}}
,"/home/runner/work/cx-cli/cx-cli/src/mcp/tools/bundle.ts": {"lines":{"total":33,"covered":32,"skipped":0,"pct":96.96},"functions":{"total":12,"covered":12,"skipped":0,"pct":100},"statements":{"total":33,"covered":32,"skipped":0,"pct":96.96},"branches":{"total":18,"covered":10,"skipped":0,"pct":55.55}}
,"/home/runner/work/cx-cli/cx-cli/src/mcp/tools/catalog.ts": {"lines":{"total":22,"covered":20,"skipped":0,"pct":90.9},"functions":{"total":11,"covered":9,"skipped":0,"pct":81.81},"statements":{"total":22,"covered":20,"skipped":0,"pct":90.9},"branches":{"total":0,"covered":0,"skipped":0,"pct":100}}
,"/home/runner/work/cx-cli/cx-cli/src/mcp/tools/command.ts": {"lines":{"total":14,"covered":11,"skipped":0,"pct":78.57},"functions":{"total":5,"covered":3,"skipped":0,"pct":60},"statements":{"total":15,"covered":11,"skipped":0,"pct":73.33},"branches":{"total":14,"covered":2,"skipped":0,"pct":14.28}}
,"/home/runner/work/cx-cli/cx-cli/src/mcp/tools/config.ts": {"lines":{"total":5,"covered":5,"skipped":0,"pct":100},"functions":{"total":3,"covered":3,"skipped":0,"pct":100},"statements":{"total":5,"covered":5,"skipped":0,"pct":100},"branches":{"total":0,"covered":0,"skipped":0,"pct":100}}
,"/home/runner/work/cx-cli/cx-cli/src/mcp/tools/docs.ts": {"lines":{"total":14,"covered":12,"skipped":0,"pct":85.71},"functions":{"total":7,"covered":5,"skipped":0,"pct":71.42},"statements":{"total":14,"covered":12,"skipped":0,"pct":85.71},"branches":{"total":14,"covered":3,"skipped":0,"pct":21.42}}
,"/home/runner/work/cx-cli/cx-cli/src/mcp/tools/doctor.ts": {"lines":{"total":17,"covered":17,"skipped":0,"pct":100},"functions":{"total":5,"covered":5,"skipped":0,"pct":100},"statements":{"total":17,"covered":17,"skipped":0,"pct":100},"branches":{"total":0,"covered":0,"skipped":0,"pct":100}}
,"/home/runner/work/cx-cli/cx-cli/src/mcp/tools/extract.ts": {"lines":{"total":11,"covered":11,"skipped":0,"pct":100},"functions":{"total":3,"covered":3,"skipped":0,"pct":100},"statements":{"total":11,"covered":11,"skipped":0,"pct":100},"branches":{"total":12,"covered":10,"skipped":0,"pct":83.33}}
,"/home/runner/work/cx-cli/cx-cli/src/mcp/tools/index.ts": {"lines":{"total":8,"covered":8,"skipped":0,"pct":100},"functions":{"total":1,"covered":1,"skipped":0,"pct":100},"statements":{"total":8,"covered":8,"skipped":0,"pct":100},"branches":{"total":0,"covered":0,"skipped":0,"pct":100}}
,"/home/runner/work/cx-cli/cx-cli/src/mcp/tools/meta.ts": {"lines":{"total":4,"covered":4,"skipped":0,"pct":100},"functions":{"total":2,"covered":2,"skipped":0,"pct":100},"statements":{"total":4,"covered":4,"skipped":0,"pct":100},"branches":{"total":0,"covered":0,"skipped":0,"pct":100}}
,"/home/runner/work/cx-cli/cx-cli/src/mcp/tools/notes.ts": {"lines":{"total":141,"covered":109,"skipped":0,"pct":77.3},"functions":{"total":41,"covered":28,"skipped":0,"pct":68.29},"statements":{"total":142,"covered":110,"skipped":0,"pct":77.46},"branches":{"total":59,"covered":32,"skipped":0,"pct":54.23}}
,"/home/runner/work/cx-cli/cx-cli/src/mcp/tools/register.ts": {"lines":{"total":29,"covered":26,"skipped":0,"pct":89.65},"functions":{"total":7,"covered":7,"skipped":0,"pct":100},"statements":{"total":30,"covered":27,"skipped":0,"pct":90},"branches":{"total":19,"covered":15,"skipped":0,"pct":78.94}}
,"/home/runner/work/cx-cli/cx-cli/src/mcp/tools/utils.ts": {"lines":{"total":1,"covered":1,"skipped":0,"pct":100},"functions":{"total":1,"covered":1,"skipped":0,"pct":100},"statements":{"total":1,"covered":1,"skipped":0,"pct":100},"branches":{"total":0,"covered":0,"skipped":0,"pct":100}}
,"/home/runner/work/cx-cli/cx-cli/src/mcp/tools/workspace.ts": {"lines":{"total":19,"covered":19,"skipped":0,"pct":100},"functions":{"total":5,"covered":5,"skipped":0,"pct":100},"statements":{"total":19,"covered":19,"skipped":0,"pct":100},"branches":{"total":12,"covered":6,"skipped":0,"pct":50}}
,"/home/runner/work/cx-cli/cx-cli/src/notes/cognition.ts": {"lines":{"total":80,"covered":77,"skipped":0,"pct":96.25},"functions":{"total":19,"covered":19,"skipped":0,"pct":100},"statements":{"total":80,"covered":77,"skipped":0,"pct":96.25},"branches":{"total":48,"covered":43,"skipped":0,"pct":89.58}}
,"/home/runner/work/cx-cli/cx-cli/src/notes/consistency.ts": {"lines":{"total":92,"covered":90,"skipped":0,"pct":97.82},"functions":{"total":32,"covered":32,"skipped":0,"pct":100},"statements":{"total":95,"covered":93,"skipped":0,"pct":97.89},"branches":{"total":49,"covered":46,"skipped":0,"pct":93.87}}
,"/home/runner/work/cx-cli/cx-cli/src/notes/contradictions.ts": {"lines":{"total":62,"covered":60,"skipped":0,"pct":96.77},"functions":{"total":14,"covered":14,"skipped":0,"pct":100},"statements":{"total":62,"covered":60,"skipped":0,"pct":96.77},"branches":{"total":27,"covered":26,"skipped":0,"pct":96.29}}
,"/home/runner/work/cx-cli/cx-cli/src/notes/crud.ts": {"lines":{"total":180,"covered":161,"skipped":0,"pct":89.44},"functions":{"total":38,"covered":32,"skipped":0,"pct":84.21},"statements":{"total":193,"covered":171,"skipped":0,"pct":88.6},"branches":{"total":160,"covered":108,"skipped":0,"pct":67.5}}
,"/home/runner/work/cx-cli/cx-cli/src/notes/graph.ts": {"lines":{"total":182,"covered":150,"skipped":0,"pct":82.41},"functions":{"total":34,"covered":30,"skipped":0,"pct":88.23},"statements":{"total":187,"covered":155,"skipped":0,"pct":82.88},"branches":{"total":106,"covered":78,"skipped":0,"pct":73.58}}
,"/home/runner/work/cx-cli/cx-cli/src/notes/linking.ts": {"lines":{"total":43,"covered":43,"skipped":0,"pct":100},"functions":{"total":7,"covered":7,"skipped":0,"pct":100},"statements":{"total":44,"covered":44,"skipped":0,"pct":100},"branches":{"total":32,"covered":25,"skipped":0,"pct":78.12}}
,"/home/runner/work/cx-cli/cx-cli/src/notes/lint.ts": {"lines":{"total":180,"covered":170,"skipped":0,"pct":94.44},"functions":{"total":31,"covered":28,"skipped":0,"pct":90.32},"statements":{"total":184,"covered":173,"skipped":0,"pct":94.02},"branches":{"total":134,"covered":110,"skipped":0,"pct":82.08}}
,"/home/runner/work/cx-cli/cx-cli/src/notes/parser.ts": {"lines":{"total":211,"covered":191,"skipped":0,"pct":90.52},"functions":{"total":19,"covered":19,"skipped":0,"pct":100},"statements":{"total":217,"covered":194,"skipped":0,"pct":89.4},"branches":{"total":159,"covered":128,"skipped":0,"pct":80.5}}
,"/home/runner/work/cx-cli/cx-cli/src/notes/planner.ts": {"lines":{"total":35,"covered":32,"skipped":0,"pct":91.42},"functions":{"total":7,"covered":7,"skipped":0,"pct":100},"statements":{"total":37,"covered":34,"skipped":0,"pct":91.89},"branches":{"total":14,"covered":11,"skipped":0,"pct":78.57}}
,"/home/runner/work/cx-cli/cx-cli/src/notes/scaffold.ts": {"lines":{"total":16,"covered":16,"skipped":0,"pct":100},"functions":{"total":2,"covered":2,"skipped":0,"pct":100},"statements":{"total":16,"covered":16,"skipped":0,"pct":100},"branches":{"total":4,"covered":4,"skipped":0,"pct":100}}
,"/home/runner/work/cx-cli/cx-cli/src/notes/validate.ts": {"lines":{"total":225,"covered":175,"skipped":0,"pct":77.77},"functions":{"total":23,"covered":21,"skipped":0,"pct":91.3},"statements":{"total":228,"covered":178,"skipped":0,"pct":78.07},"branches":{"total":180,"covered":119,"skipped":0,"pct":66.11}}
,"/home/runner/work/cx-cli/cx-cli/src/planning/buildPlan.ts": {"lines":{"total":147,"covered":129,"skipped":0,"pct":87.75},"functions":{"total":18,"covered":15,"skipped":0,"pct":83.33},"statements":{"total":149,"covered":131,"skipped":0,"pct":87.91},"branches":{"total":77,"covered":61,"skipped":0,"pct":79.22}}
,"/home/runner/work/cx-cli/cx-cli/src/planning/masterList.ts": {"lines":{"total":12,"covered":12,"skipped":0,"pct":100},"functions":{"total":2,"covered":2,"skipped":0,"pct":100},"statements":{"total":12,"covered":12,"skipped":0,"pct":100},"branches":{"total":8,"covered":8,"skipped":0,"pct":100}}
,"/home/runner/work/cx-cli/cx-cli/src/planning/overlaps.ts": {"lines":{"total":47,"covered":45,"skipped":0,"pct":95.74},"functions":{"total":21,"covered":21,"skipped":0,"pct":100},"statements":{"total":49,"covered":47,"skipped":0,"pct":95.91},"branches":{"total":25,"covered":22,"skipped":0,"pct":88}}
,"/home/runner/work/cx-cli/cx-cli/src/planning/provenance.ts": {"lines":{"total":19,"covered":16,"skipped":0,"pct":84.21},"functions":{"total":4,"covered":4,"skipped":0,"pct":100},"statements":{"total":19,"covered":16,"skipped":0,"pct":84.21},"branches":{"total":10,"covered":7,"skipped":0,"pct":70}}
,"/home/runner/work/cx-cli/cx-cli/src/render/engine.ts": {"lines":{"total":5,"covered":4,"skipped":0,"pct":80},"functions":{"total":4,"covered":3,"skipped":0,"pct":75},"statements":{"total":5,"covered":4,"skipped":0,"pct":80},"branches":{"total":0,"covered":0,"skipped":0,"pct":100}}
,"/home/runner/work/cx-cli/cx-cli/src/render/handover.ts": {"lines":{"total":78,"covered":75,"skipped":0,"pct":96.15},"functions":{"total":6,"covered":6,"skipped":0,"pct":100},"statements":{"total":78,"covered":75,"skipped":0,"pct":96.15},"branches":{"total":78,"covered":61,"skipped":0,"pct":78.2}}
,"/home/runner/work/cx-cli/cx-cli/src/render/jsonArtifacts.ts": {"lines":{"total":27,"covered":24,"skipped":0,"pct":88.88},"functions":{"total":10,"covered":10,"skipped":0,"pct":100},"statements":{"total":27,"covered":24,"skipped":0,"pct":88.88},"branches":{"total":26,"covered":14,"skipped":0,"pct":53.84}}
,"/home/runner/work/cx-cli/cx-cli/src/render/ordering.ts": {"lines":{"total":6,"covered":6,"skipped":0,"pct":100},"functions":{"total":1,"covered":1,"skipped":0,"pct":100},"statements":{"total":7,"covered":7,"skipped":0,"pct":100},"branches":{"total":5,"covered":5,"skipped":0,"pct":100}}
,"/home/runner/work/cx-cli/cx-cli/src/render/planHash.ts": {"lines":{"total":19,"covered":19,"skipped":0,"pct":100},"functions":{"total":6,"covered":6,"skipped":0,"pct":100},"statements":{"total":19,"covered":19,"skipped":0,"pct":100},"branches":{"total":4,"covered":4,"skipped":0,"pct":100}}
,"/home/runner/work/cx-cli/cx-cli/src/render/sectionHandover.ts": {"lines":{"total":8,"covered":8,"skipped":0,"pct":100},"functions":{"total":1,"covered":1,"skipped":0,"pct":100},"statements":{"total":8,"covered":8,"skipped":0,"pct":100},"branches":{"total":4,"covered":4,"skipped":0,"pct":100}}
,"/home/runner/work/cx-cli/cx-cli/src/render/spans.ts": {"lines":{"total":35,"covered":22,"skipped":0,"pct":62.85},"functions":{"total":3,"covered":3,"skipped":0,"pct":100},"statements":{"total":35,"covered":22,"skipped":0,"pct":62.85},"branches":{"total":22,"covered":11,"skipped":0,"pct":50}}
,"/home/runner/work/cx-cli/cx-cli/src/render/structuredPlan.ts": {"lines":{"total":34,"covered":26,"skipped":0,"pct":76.47},"functions":{"total":8,"covered":8,"skipped":0,"pct":100},"statements":{"total":36,"covered":28,"skipped":0,"pct":77.77},"branches":{"total":24,"covered":15,"skipped":0,"pct":62.5}}
,"/home/runner/work/cx-cli/cx-cli/src/render/native/common.ts": {"lines":{"total":52,"covered":51,"skipped":0,"pct":98.07},"functions":{"total":19,"covered":19,"skipped":0,"pct":100},"statements":{"total":54,"covered":53,"skipped":0,"pct":98.14},"branches":{"total":18,"covered":17,"skipped":0,"pct":94.44}}
,"/home/runner/work/cx-cli/cx-cli/src/render/native/json.ts": {"lines":{"total":6,"covered":6,"skipped":0,"pct":100},"functions":{"total":1,"covered":1,"skipped":0,"pct":100},"statements":{"total":6,"covered":6,"skipped":0,"pct":100},"branches":{"total":0,"covered":0,"skipped":0,"pct":100}}
,"/home/runner/work/cx-cli/cx-cli/src/render/native/markdown.ts": {"lines":{"total":15,"covered":15,"skipped":0,"pct":100},"functions":{"total":1,"covered":1,"skipped":0,"pct":100},"statements":{"total":15,"covered":15,"skipped":0,"pct":100},"branches":{"total":2,"covered":2,"skipped":0,"pct":100}}
,"/home/runner/work/cx-cli/cx-cli/src/render/native/plain.ts": {"lines":{"total":17,"covered":17,"skipped":0,"pct":100},"functions":{"total":1,"covered":1,"skipped":0,"pct":100},"statements":{"total":17,"covered":17,"skipped":0,"pct":100},"branches":{"total":4,"covered":3,"skipped":0,"pct":75}}
,"/home/runner/work/cx-cli/cx-cli/src/render/native/section.ts": {"lines":{"total":12,"covered":12,"skipped":0,"pct":100},"functions":{"total":3,"covered":3,"skipped":0,"pct":100},"statements":{"total":12,"covered":12,"skipped":0,"pct":100},"branches":{"total":16,"covered":16,"skipped":0,"pct":100}}
,"/home/runner/work/cx-cli/cx-cli/src/render/native/xml.ts": {"lines":{"total":14,"covered":14,"skipped":0,"pct":100},"functions":{"total":1,"covered":1,"skipped":0,"pct":100},"statements":{"total":14,"covered":14,"skipped":0,"pct":100},"branches":{"total":2,"covered":2,"skipped":0,"pct":100}}
,"/home/runner/work/cx-cli/cx-cli/src/shared/errors.ts": {"lines":{"total":25,"covered":22,"skipped":0,"pct":88},"functions":{"total":5,"covered":5,"skipped":0,"pct":100},"statements":{"total":25,"covered":22,"skipped":0,"pct":88},"branches":{"total":21,"covered":13,"skipped":0,"pct":61.9}}
,"/home/runner/work/cx-cli/cx-cli/src/shared/format.ts": {"lines":{"total":36,"covered":36,"skipped":0,"pct":100},"functions":{"total":16,"covered":16,"skipped":0,"pct":100},"statements":{"total":38,"covered":38,"skipped":0,"pct":100},"branches":{"total":16,"covered":15,"skipped":0,"pct":93.75}}
,"/home/runner/work/cx-cli/cx-cli/src/shared/fs.ts": {"lines":{"total":16,"covered":16,"skipped":0,"pct":100},"functions":{"total":7,"covered":7,"skipped":0,"pct":100},"statements":{"total":17,"covered":17,"skipped":0,"pct":100},"branches":{"total":4,"covered":4,"skipped":0,"pct":100}}
,"/home/runner/work/cx-cli/cx-cli/src/shared/hashing.ts": {"lines":{"total":5,"covered":5,"skipped":0,"pct":100},"functions":{"total":4,"covered":4,"skipped":0,"pct":100},"statements":{"total":5,"covered":5,"skipped":0,"pct":100},"branches":{"total":0,"covered":0,"skipped":0,"pct":100}}
,"/home/runner/work/cx-cli/cx-cli/src/shared/manifestSummary.ts": {"lines":{"total":19,"covered":19,"skipped":0,"pct":100},"functions":{"total":17,"covered":17,"skipped":0,"pct":100},"statements":{"total":21,"covered":21,"skipped":0,"pct":100},"branches":{"total":3,"covered":3,"skipped":0,"pct":100}}
,"/home/runner/work/cx-cli/cx-cli/src/shared/mime.ts": {"lines":{"total":8,"covered":8,"skipped":0,"pct":100},"functions":{"total":1,"covered":1,"skipped":0,"pct":100},"statements":{"total":8,"covered":8,"skipped":0,"pct":100},"branches":{"total":7,"covered":7,"skipped":0,"pct":100}}
,"/home/runner/work/cx-cli/cx-cli/src/shared/output.ts": {"lines":{"total":7,"covered":7,"skipped":0,"pct":100},"functions":{"total":6,"covered":6,"skipped":0,"pct":100},"statements":{"total":7,"covered":7,"skipped":0,"pct":100},"branches":{"total":20,"covered":20,"skipped":0,"pct":100}}
,"/home/runner/work/cx-cli/cx-cli/src/shared/paths.ts": {"lines":{"total":3,"covered":3,"skipped":0,"pct":100},"functions":{"total":2,"covered":2,"skipped":0,"pct":100},"statements":{"total":3,"covered":3,"skipped":0,"pct":100},"branches":{"total":3,"covered":3,"skipped":0,"pct":100}}
,"/home/runner/work/cx-cli/cx-cli/src/shared/tokenizer.ts": {"lines":{"total":1,"covered":1,"skipped":0,"pct":100},"functions":{"total":0,"covered":0,"skipped":0,"pct":100},"statements":{"total":1,"covered":1,"skipped":0,"pct":100},"branches":{"total":0,"covered":0,"skipped":0,"pct":100}}
,"/home/runner/work/cx-cli/cx-cli/src/shared/tokens.ts": {"lines":{"total":16,"covered":16,"skipped":0,"pct":100},"functions":{"total":3,"covered":3,"skipped":0,"pct":100},"statements":{"total":16,"covered":16,"skipped":0,"pct":100},"branches":{"total":6,"covered":5,"skipped":0,"pct":83.33}}
,"/home/runner/work/cx-cli/cx-cli/src/shared/verifyFilters.ts": {"lines":{"total":6,"covered":6,"skipped":0,"pct":100},"functions":{"total":2,"covered":2,"skipped":0,"pct":100},"statements":{"total":6,"covered":6,"skipped":0,"pct":100},"branches":{"total":11,"covered":11,"skipped":0,"pct":100}}
,"/home/runner/work/cx-cli/cx-cli/src/shared/version.ts": {"lines":{"total":2,"covered":2,"skipped":0,"pct":100},"functions":{"total":0,"covered":0,"skipped":0,"pct":100},"statements":{"total":2,"covered":2,"skipped":0,"pct":100},"branches":{"total":0,"covered":0,"skipped":0,"pct":100}}
,"/home/runner/work/cx-cli/cx-cli/src/shared/wizard.ts": {"lines":{"total":27,"covered":27,"skipped":0,"pct":100},"functions":{"total":14,"covered":14,"skipped":0,"pct":100},"statements":{"total":27,"covered":27,"skipped":0,"pct":100},"branches":{"total":27,"covered":21,"skipped":0,"pct":77.77}}
,"/home/runner/work/cx-cli/cx-cli/src/templates/descriptors.ts": {"lines":{"total":11,"covered":10,"skipped":0,"pct":90.9},"functions":{"total":6,"covered":6,"skipped":0,"pct":100},"statements":{"total":12,"covered":11,"skipped":0,"pct":91.66},"branches":{"total":2,"covered":1,"skipped":0,"pct":50}}
,"/home/runner/work/cx-cli/cx-cli/src/templates/detect.ts": {"lines":{"total":14,"covered":14,"skipped":0,"pct":100},"functions":{"total":6,"covered":6,"skipped":0,"pct":100},"statements":{"total":14,"covered":14,"skipped":0,"pct":100},"branches":{"total":4,"covered":4,"skipped":0,"pct":100}}
,"/home/runner/work/cx-cli/cx-cli/src/templates/engine.ts": {"lines":{"total":27,"covered":25,"skipped":0,"pct":92.59},"functions":{"total":5,"covered":5,"skipped":0,"pct":100},"statements":{"total":27,"covered":25,"skipped":0,"pct":92.59},"branches":{"total":12,"covered":10,"skipped":0,"pct":83.33}}
,"/home/runner/work/cx-cli/cx-cli/src/templates/index.ts": {"lines":{"total":0,"covered":0,"skipped":0,"pct":100},"functions":{"total":0,"covered":0,"skipped":0,"pct":100},"statements":{"total":0,"covered":0,"skipped":0,"pct":100},"branches":{"total":0,"covered":0,"skipped":0,"pct":100}}
,"/home/runner/work/cx-cli/cx-cli/src/vcs/fallback.ts": {"lines":{"total":3,"covered":3,"skipped":0,"pct":100},"functions":{"total":2,"covered":2,"skipped":0,"pct":100},"statements":{"total":3,"covered":3,"skipped":0,"pct":100},"branches":{"total":0,"covered":0,"skipped":0,"pct":100}}
,"/home/runner/work/cx-cli/cx-cli/src/vcs/fossil.ts": {"lines":{"total":38,"covered":35,"skipped":0,"pct":92.1},"functions":{"total":9,"covered":9,"skipped":0,"pct":100},"statements":{"total":40,"covered":37,"skipped":0,"pct":92.5},"branches":{"total":17,"covered":14,"skipped":0,"pct":82.35}}
,"/home/runner/work/cx-cli/cx-cli/src/vcs/git.ts": {"lines":{"total":36,"covered":33,"skipped":0,"pct":91.66},"functions":{"total":7,"covered":7,"skipped":0,"pct":100},"statements":{"total":38,"covered":35,"skipped":0,"pct":92.1},"branches":{"total":17,"covered":14,"skipped":0,"pct":82.35}}
,"/home/runner/work/cx-cli/cx-cli/src/vcs/mercurial.ts": {"lines":{"total":40,"covered":37,"skipped":0,"pct":92.5},"functions":{"total":9,"covered":9,"skipped":0,"pct":100},"statements":{"total":42,"covered":39,"skipped":0,"pct":92.85},"branches":{"total":21,"covered":18,"skipped":0,"pct":85.71}}
,"/home/runner/work/cx-cli/cx-cli/src/vcs/provider.ts": {"lines":{"total":16,"covered":16,"skipped":0,"pct":100},"functions":{"total":3,"covered":3,"skipped":0,"pct":100},"statements":{"total":16,"covered":16,"skipped":0,"pct":100},"branches":{"total":12,"covered":12,"skipped":0,"pct":100}}
,"/home/runner/work/cx-cli/cx-cli/tests/bundle/helpers.ts": {"lines":{"total":104,"covered":78,"skipped":0,"pct":75},"functions":{"total":16,"covered":15,"skipped":0,"pct":93.75},"statements":{"total":106,"covered":80,"skipped":0,"pct":75.47},"branches":{"total":49,"covered":37,"skipped":0,"pct":75.51}}
,"/home/runner/work/cx-cli/cx-cli/tests/init/templateHarness.ts": {"lines":{"total":8,"covered":7,"skipped":0,"pct":87.5},"functions":{"total":5,"covered":4,"skipped":0,"pct":80},"statements":{"total":8,"covered":7,"skipped":0,"pct":87.5},"branches":{"total":0,"covered":0,"skipped":0,"pct":100}}
,"/home/runner/work/cx-cli/cx-cli/tests/oracle/helpers.ts": {"lines":{"total":10,"covered":10,"skipped":0,"pct":100},"functions":{"total":3,"covered":3,"skipped":0,"pct":100},"statements":{"total":10,"covered":10,"skipped":0,"pct":100},"branches":{"total":9,"covered":9,"skipped":0,"pct":100}}
}
