TN:
SF:package.json
FNF:0
FNH:0
DA:1,49
DA:2,49
DA:3,49
DA:4,49
DA:5,49
DA:6,49
DA:7,49
DA:8,49
DA:9,49
DA:10,49
DA:11,49
DA:12,49
DA:13,49
DA:14,49
DA:15,49
LF:15
LH:15
BRF:0
BRH:0
end_of_record
TN:
SF:vitest.shared.ts
FN:25,defineCxVitestConfig
FNF:1
FNH:1
FNDA:4,defineCxVitestConfig
DA:3,1
DA:12,1
DA:29,4
LF:3
LH:3
BRDA:27,0,0,4
BRDA:36,1,0,4
BRDA:36,1,1,3
BRF:3
BRH:3
end_of_record
TN:
SF:src/adapter/capabilities.ts
FN:41,setOracleAdapterPath
FN:49,getOracleAdapterModulePath
FN:53,findPackageJsonNearAdapter
FN:87,getOracleRuntimeInfoForPath
FN:105,getOracleAdapterRuntimeInfo
FN:125,getReferenceOracleAdapterModulePath
FN:129,getReferenceOracleRuntimeInfo
FN:152,detectOracleAdapterCapabilities
FN:178,validateOracleAdapterContract
FN:209,getOracleAdapterCapabilities
FN:255,requireOracleAdapterContract
FNF:11
FNH:11
FNDA:33,setOracleAdapterPath
FNDA:274,getOracleAdapterModulePath
FNDA:132,findPackageJsonNearAdapter
FNDA:133,getOracleRuntimeInfoForPath
FNDA:98,getOracleAdapterRuntimeInfo
FNDA:38,getReferenceOracleAdapterModulePath
FNDA:12,getReferenceOracleRuntimeInfo
FNDA:47,detectOracleAdapterCapabilities
FNDA:21,validateOracleAdapterContract
FNDA:11,getOracleAdapterCapabilities
FNDA:1,requireOracleAdapterContract
DA:30,57
DA:32,57
DA:33,57
DA:35,57
DA:42,33
DA:50,274
DA:56,132
DA:58,132
DA:59,9
DA:60,123
DA:61,0
DA:63,123
DA:66,127
DA:67,127
DA:68,245
DA:69,245
DA:70,245
DA:71,127
DA:72,127
DA:77,118
DA:84,5
DA:90,133
DA:91,133
DA:96,1
DA:101,132
DA:106,98
DA:108,98
DA:112,98
DA:113,100
DA:114,100
DA:115,98
DA:119,0
DA:126,38
DA:130,12
DA:133,12
DA:134,12
DA:140,0
DA:153,47
DA:154,47
DA:158,42
DA:165,5
DA:181,21
DA:182,21
DA:183,21
DA:185,21
DA:186,21
DA:187,3
DA:192,21
DA:193,3
DA:198,21
DA:199,3
DA:202,18
DA:210,11
DA:211,11
DA:212,11
DA:213,11
DA:214,11
DA:216,11
DA:218,11
DA:219,0
DA:220,0
DA:221,11
DA:222,0
DA:223,0
DA:227,11
DA:256,1
DA:257,1
DA:258,1
DA:259,1
LF:69
LH:62
BRDA:50,0,0,274
BRDA:50,0,1,223
BRDA:58,1,0,9
BRDA:58,1,1,123
BRDA:60,2,0,0
BRDA:60,2,1,123
BRDA:60,3,0,123
BRDA:60,3,1,123
BRDA:73,4,0,127
BRDA:73,4,1,0
BRDA:74,5,0,245
BRDA:74,5,1,9
BRDA:97,6,0,1
BRDA:97,6,1,0
BRDA:98,7,0,133
BRDA:98,7,1,1
BRDA:108,8,0,4
BRDA:108,8,1,94
BRDA:114,9,0,98
BRDA:114,9,1,2
BRDA:133,10,0,12
BRDA:133,10,1,0
BRDA:186,11,0,3
BRDA:186,11,1,18
BRDA:192,12,0,3
BRDA:192,12,1,18
BRDA:198,13,0,3
BRDA:198,13,1,18
BRDA:218,14,0,0
BRDA:218,14,1,11
BRDA:221,15,0,0
BRDA:221,15,1,11
BRDA:237,16,0,1
BRDA:237,16,1,10
BRDA:257,17,0,1
BRDA:257,17,1,0
BRF:36
BRH:29
end_of_record
TN:
SF:src/adapter/cliParity.ts
FNF:0
FNH:0
LF:0
LH:0
BRF:0
BRH:0
end_of_record
TN:
SF:src/adapter/oracleAdapterRenderConfig.ts
FN:7,buildOracleAdapterRenderConfig
FNF:1
FNH:1
FNDA:7,buildOracleAdapterRenderConfig
DA:10,7
LF:1
LH:1
BRDA:18,0,0,0
BRDA:18,0,1,7
BRDA:23,1,0,7
BRDA:23,1,1,0
BRF:4
BRH:2
end_of_record
TN:
SF:src/adapter/oracleRender.ts
FN:30,loadOracleAdapterModule
FN:36,emitWarning
FN:43,assertCompatibleAdapter
FN:53,renderSectionWithAdapterOracle
FN:123,(anonymous_4)
FN:153,(anonymous_5)
FN:185,(anonymous_6)
FN:228,(anonymous_7)
FN:252,(anonymous_8)
FNF:9
FNH:8
FNDA:7,loadOracleAdapterModule
FNDA:3,emitWarning
FNDA:8,assertCompatibleAdapter
FNDA:8,renderSectionWithAdapterOracle
FNDA:3,(anonymous_4)
FNDA:3,(anonymous_5)
FNDA:1,(anonymous_6)
FNDA:0,(anonymous_7)
FNDA:1,(anonymous_8)
DA:33,7
DA:40,3
DA:44,8
DA:45,8
DA:46,0
DA:56,8
DA:58,8
DA:59,1
DA:60,1
DA:70,7
DA:71,7
DA:72,7
DA:73,7
DA:75,8
DA:76,0
DA:82,7
DA:87,7
DA:89,7
DA:91,2
DA:93,2
DA:94,0
DA:97,2
DA:100,7
DA:101,5
DA:110,5
DA:111,5
DA:112,5
DA:114,5
DA:119,3
DA:120,3
DA:122,3
DA:123,3
DA:125,3
DA:130,3
DA:131,3
DA:132,3
DA:133,3
DA:135,3
DA:136,3
DA:142,3
DA:145,3
DA:151,3
DA:154,3
DA:166,2
DA:167,2
DA:168,1
DA:175,1
DA:176,1
DA:177,1
DA:180,1
DA:181,1
DA:183,1
DA:186,1
DA:198,2
DA:199,0
DA:205,2
DA:206,1
DA:212,1
DA:213,0
DA:214,0
DA:221,0
DA:222,0
DA:223,0
DA:226,1
DA:233,1
DA:235,1
DA:239,1
DA:240,1
DA:241,1
DA:244,1
DA:250,1
DA:253,1
LF:72
LH:63
BRDA:45,0,0,0
BRDA:45,0,1,8
BRDA:58,1,0,1
BRDA:58,1,1,7
BRDA:73,2,0,7
BRDA:73,2,1,3
BRDA:75,3,0,0
BRDA:75,3,1,8
BRDA:89,4,0,2
BRDA:89,4,1,5
BRDA:93,5,0,0
BRDA:93,5,1,2
BRDA:100,6,0,5
BRDA:100,6,1,2
BRDA:100,7,0,7
BRDA:100,7,1,5
BRDA:114,8,0,3
BRDA:114,8,1,2
BRDA:115,9,0,5
BRDA:115,9,1,5
BRDA:115,9,2,5
BRDA:132,10,0,3
BRDA:132,10,1,0
BRDA:166,11,0,2
BRDA:166,11,1,0
BRDA:166,12,0,2
BRDA:166,12,1,2
BRDA:167,13,0,1
BRDA:167,13,1,1
BRDA:198,14,0,0
BRDA:198,14,1,2
BRDA:205,15,0,1
BRDA:205,15,1,1
BRDA:212,16,0,0
BRDA:212,16,1,1
BRDA:212,17,0,1
BRDA:212,17,1,0
BRDA:213,18,0,0
BRDA:213,18,1,0
BRDA:246,19,0,1
BRDA:246,19,1,0
BRF:41
BRH:30
end_of_record
TN:
SF:src/adapter/section.ts
FN:23,renderSection
FN:30,(anonymous_1)
FNF:2
FNH:2
FNDA:9,renderSection
FNDA:11,(anonymous_1)
DA:26,9
DA:27,9
DA:29,9
DA:30,9
DA:31,11
DA:34,9
DA:43,9
DA:50,9
LF:8
LH:8
BRDA:31,0,0,1
BRDA:31,0,1,10
BRF:2
BRH:2
end_of_record
TN:
SF:src/bundle/derivedReviewExports.ts
FN:50,resolveDerivedReviewExportIntegrity
FN:55,(anonymous_1)
FN:121,summarizeDerivedReviewExportIntegrity
FNF:3
FNH:3
FNDA:38,resolveDerivedReviewExportIntegrity
FNDA:48,(anonymous_1)
FNDA:13,summarizeDerivedReviewExportIntegrity
DA:54,38
DA:56,48
DA:57,48
DA:58,0
DA:75,48
DA:76,48
DA:77,48
DA:79,48
DA:92,48
DA:93,1
DA:106,47
DA:124,13
DA:135,13
DA:136,12
DA:137,11
DA:139,1
DA:141,12
DA:142,11
DA:143,1
DA:144,1
DA:146,0
DA:148,12
DA:149,12
DA:158,13
LF:24
LH:22
BRDA:55,0,0,38
BRDA:55,0,1,26
BRDA:57,1,0,0
BRDA:57,1,1,48
BRDA:79,2,0,47
BRDA:79,2,1,1
BRDA:92,3,0,1
BRDA:92,3,1,47
BRDA:136,4,0,11
BRDA:136,4,1,1
BRDA:141,5,0,11
BRDA:141,5,1,1
BRDA:143,6,0,1
BRDA:143,6,1,0
BRF:14
BRH:12
end_of_record
TN:
SF:src/bundle/validate.ts
FN:15,loadManifestFromBundle
FN:20,(anonymous_1)
FN:50,validateBundle
FN:57,(anonymous_3)
FNF:4
FNH:4
FNDA:359,loadManifestFromBundle
FNDA:2365,(anonymous_1)
FNDA:234,validateBundle
FNDA:239,(anonymous_3)
DA:19,359
DA:20,344
DA:21,2365
DA:23,344
DA:24,1
DA:26,343
DA:27,2
DA:32,341
DA:33,341
DA:34,0
DA:37,341
DA:41,341
DA:54,234
DA:55,234
DA:57,239
DA:59,234
DA:60,219
DA:61,2
DA:68,217
DA:69,408
DA:70,408
DA:71,2
DA:76,406
DA:77,25
DA:78,25
DA:80,2
DA:81,2
DA:89,213
DA:90,213
DA:91,213
DA:92,2
DA:97,211
DA:98,12
DA:99,12
DA:101,2
DA:102,2
DA:110,209
DA:111,176
DA:112,2
DA:116,207
DA:117,129
DA:118,1
DA:125,206
DA:126,206
DA:127,1
DA:133,205
DA:134,205
LF:47
LH:46
BRDA:23,0,0,1
BRDA:23,0,1,343
BRDA:26,1,0,2
BRDA:26,1,1,341
BRDA:33,2,0,0
BRDA:33,2,1,341
BRDA:52,3,0,234
BRDA:54,4,0,234
BRDA:54,4,1,226
BRDA:55,5,0,234
BRDA:55,5,1,228
BRDA:57,6,0,234
BRDA:57,6,1,239
BRDA:60,7,0,2
BRDA:60,7,1,217
BRDA:70,8,0,2
BRDA:70,8,1,406
BRDA:76,9,0,25
BRDA:76,9,1,381
BRDA:80,10,0,2
BRDA:80,10,1,0
BRDA:89,11,0,213
BRDA:89,11,1,0
BRDA:91,12,0,2
BRDA:91,12,1,211
BRDA:97,13,0,12
BRDA:97,13,1,199
BRDA:101,14,0,2
BRDA:101,14,1,0
BRDA:111,15,0,2
BRDA:111,15,1,174
BRDA:116,16,0,207
BRDA:116,16,1,174
BRDA:117,17,0,1
BRDA:117,17,1,128
BRDA:126,18,0,1
BRDA:126,18,1,205
BRF:37
BRH:33
end_of_record
TN:
SF:src/bundle/verify.ts
FN:50,(anonymous_0)
FN:89,clearVerifyRenderPlanCache
FN:93,buildVerifyRemediation
FN:141,verifyBundleAgainstSourceTree
FN:154,(anonymous_4)
FN:155,(anonymous_5)
FN:156,(anonymous_6)
FN:161,(anonymous_7)
FN:164,(anonymous_8)
FN:165,(anonymous_9)
FN:173,(anonymous_10)
FN:176,(anonymous_11)
FN:197,(anonymous_12)
FN:282,buildVerifyRenderCacheKey
FN:292,(anonymous_14)
FN:321,getOrRenderVerifySection
FN:337,(anonymous_16)
FN:373,verifyBundle
FN:383,(anonymous_18)
FN:390,(anonymous_19)
FN:391,(anonymous_20)
FN:393,(anonymous_21)
FN:394,(anonymous_22)
FN:408,(anonymous_23)
FN:414,(anonymous_24)
FN:415,(anonymous_25)
FN:416,(anonymous_26)
FNF:27
FNH:27
FNDA:14,(anonymous_0)
FNDA:14,clearVerifyRenderPlanCache
FNDA:14,buildVerifyRemediation
FNDA:18,verifyBundleAgainstSourceTree
FNDA:6,(anonymous_4)
FNDA:6,(anonymous_5)
FNDA:17,(anonymous_6)
FNDA:30,(anonymous_7)
FNDA:26,(anonymous_8)
FNDA:33,(anonymous_9)
FNDA:28,(anonymous_10)
FNDA:23,(anonymous_11)
FNDA:23,(anonymous_12)
FNDA:19,buildVerifyRenderCacheKey
FNDA:23,(anonymous_14)
FNDA:19,getOrRenderVerifySection
FNDA:15,(anonymous_16)
FNDA:31,verifyBundle
FNDA:17,(anonymous_18)
FNDA:46,(anonymous_19)
FNDA:187,(anonymous_20)
FNDA:14,(anonymous_21)
FNDA:133,(anonymous_22)
FNDA:135,(anonymous_23)
FNDA:41,(anonymous_24)
FNDA:11,(anonymous_25)
FNDA:12,(anonymous_26)
DA:56,14
DA:59,14
DA:60,14
DA:84,47
DA:90,14
DA:97,14
DA:99,5
DA:114,6
DA:127,3
DA:148,18
DA:150,18
DA:152,18
DA:153,18
DA:154,18
DA:155,18
DA:156,18
DA:158,18
DA:159,18
DA:161,18
DA:162,30
DA:164,18
DA:165,33
DA:168,18
DA:170,18
DA:172,18
DA:173,19
DA:174,28
DA:176,19
DA:177,23
DA:179,19
DA:195,19
DA:197,23
DA:205,19
DA:218,19
DA:223,10
DA:226,10
DA:227,1
DA:235,9
DA:236,9
DA:237,1
DA:238,1
DA:246,17
DA:247,21
DA:248,21
DA:249,0
DA:255,21
DA:256,5
DA:265,11
DA:266,4
DA:267,0
DA:272,4
DA:273,4
DA:274,1
DA:291,19
DA:293,23
DA:294,23
DA:295,23
DA:301,0
DA:310,19
DA:332,19
DA:333,19
DA:334,4
DA:337,15
DA:338,15
DA:339,15
DA:340,15
DA:350,15
DA:360,15
DA:364,15
DA:365,15
DA:366,15
DA:368,0
DA:369,0
DA:380,31
DA:381,31
DA:383,31
DA:384,31
DA:385,31
DA:387,31
DA:388,31
DA:389,31
DA:390,31
DA:391,187
DA:393,31
DA:394,133
DA:396,31
DA:398,31
DA:401,31
DA:404,31
DA:407,31
DA:408,135
DA:410,31
DA:411,31
DA:414,41
DA:415,11
DA:416,12
DA:422,31
DA:423,128
DA:424,9
DA:425,8
DA:427,1
DA:434,119
DA:437,119
DA:438,2
DA:446,28
DA:447,105
DA:448,3
DA:456,25
DA:457,19
DA:458,1
DA:473,18
LF:111
LH:106
BRDA:54,0,0,14
BRDA:97,1,0,5
BRDA:97,1,1,2
BRDA:97,1,2,5
BRDA:97,1,3,6
BRDA:97,1,4,1
BRDA:97,1,5,2
BRDA:97,1,6,3
BRDA:105,2,0,5
BRDA:105,2,1,0
BRDA:146,3,0,18
BRDA:148,4,0,18
BRDA:148,4,1,8
BRDA:150,5,0,18
BRDA:150,5,1,8
BRDA:152,6,0,18
BRDA:152,6,1,18
BRDA:153,7,0,18
BRDA:153,7,1,9
BRDA:154,8,0,18
BRDA:154,8,1,6
BRDA:155,9,0,18
BRDA:155,9,1,6
BRDA:156,10,0,18
BRDA:156,10,1,17
BRDA:168,11,0,18
BRDA:168,11,1,10
BRDA:169,12,0,10
BRDA:169,12,1,8
BRDA:218,13,0,10
BRDA:218,13,1,9
BRDA:219,14,0,19
BRDA:219,14,1,19
BRDA:219,14,2,19
BRDA:226,15,0,1
BRDA:226,15,1,9
BRDA:236,16,0,1
BRDA:236,16,1,8
BRDA:248,17,0,0
BRDA:248,17,1,21
BRDA:255,18,0,5
BRDA:255,18,1,16
BRDA:265,19,0,4
BRDA:265,19,1,7
BRDA:266,20,0,0
BRDA:266,20,1,4
BRDA:273,21,0,1
BRDA:273,21,1,3
BRDA:315,22,0,19
BRDA:315,22,1,0
BRDA:316,23,0,19
BRDA:316,23,1,0
BRDA:333,24,0,4
BRDA:333,24,1,15
BRDA:352,25,0,0
BRDA:352,25,1,15
BRDA:355,26,0,0
BRDA:355,26,1,15
BRDA:376,27,0,31
BRDA:378,28,0,31
BRDA:380,29,0,31
BRDA:380,29,1,17
BRDA:381,30,0,31
BRDA:381,30,1,17
BRDA:383,31,0,31
BRDA:383,31,1,17
BRDA:384,32,0,31
BRDA:384,32,1,17
BRDA:385,33,0,31
BRDA:385,33,1,17
BRDA:396,34,0,31
BRDA:396,34,1,27
BRDA:397,35,0,31
BRDA:397,35,1,27
BRDA:397,36,0,27
BRDA:397,36,1,23
BRDA:398,37,0,8
BRDA:398,37,1,23
BRDA:401,38,0,8
BRDA:401,38,1,23
BRDA:413,39,0,17
BRDA:413,39,1,14
BRDA:416,40,0,31
BRDA:416,40,1,28
BRDA:419,41,0,17
BRDA:419,41,1,14
BRDA:423,42,0,9
BRDA:423,42,1,119
BRDA:424,43,0,8
BRDA:424,43,1,1
BRDA:424,44,0,9
BRDA:424,44,1,7
BRDA:437,45,0,2
BRDA:437,45,1,117
BRDA:447,46,0,3
BRDA:447,46,1,102
BRDA:456,47,0,19
BRDA:456,47,1,6
BRDA:457,48,0,1
BRDA:457,48,1,18
BRF:100
BRH:93
end_of_record
TN:
SF:src/cli/completion.ts
FN:249,getAllCommandNames
FN:250,(anonymous_1)
FN:253,_getCommandByName
FN:254,(anonymous_3)
FN:260,generateBashCompletion
FN:267,(anonymous_5)
FN:268,(anonymous_6)
FN:271,(anonymous_7)
FN:272,(anonymous_8)
FN:338,generateZshCompletion
FN:339,(anonymous_10)
FN:346,(anonymous_11)
FN:405,generateFishCompletion
FN:455,renderCompletionScript
FNF:14
FNH:12
FNDA:15,getAllCommandNames
FNDA:210,(anonymous_1)
FNDA:0,_getCommandByName
FNDA:0,(anonymous_3)
FNDA:6,generateBashCompletion
FNDA:246,(anonymous_5)
FNDA:126,(anonymous_6)
FNDA:246,(anonymous_7)
FNDA:120,(anonymous_8)
FNDA:6,generateZshCompletion
FNDA:84,(anonymous_10)
FNDA:246,(anonymous_11)
FNDA:9,generateFishCompletion
FNDA:21,renderCompletionScript
DA:22,15
DA:234,15
DA:250,210
DA:254,0
DA:261,6
DA:262,6
DA:264,6
DA:265,6
DA:266,84
DA:267,246
DA:268,126
DA:270,84
DA:271,246
DA:272,120
DA:275,84
DA:278,6
DA:339,6
DA:340,84
DA:343,6
DA:344,6
DA:345,84
DA:347,246
DA:348,246
DA:349,246
DA:350,24
DA:352,222
DA:358,84
DA:361,6
DA:406,9
DA:407,9
DA:409,9
DA:410,9
DA:411,126
DA:412,126
DA:415,9
DA:416,9
DA:417,45
DA:418,45
DA:419,45
DA:420,45
DA:421,45
DA:422,45
DA:425,9
DA:426,9
DA:427,126
DA:428,369
DA:429,369
DA:430,369
DA:431,369
DA:432,369
DA:433,369
DA:437,9
DA:456,21
DA:458,6
DA:460,6
DA:462,9
LF:56
LH:55
BRDA:275,0,0,78
BRDA:275,0,1,6
BRDA:349,1,0,24
BRDA:349,1,1,222
BRDA:352,2,0,96
BRDA:352,2,1,126
BRDA:419,3,0,18
BRDA:419,3,1,27
BRDA:421,4,0,18
BRDA:421,4,1,27
BRDA:430,5,0,9
BRDA:430,5,1,360
BRDA:431,6,0,180
BRDA:431,6,1,189
BRDA:432,7,0,36
BRDA:432,7,1,333
BRDA:456,8,0,6
BRDA:456,8,1,6
BRDA:456,8,2,9
BRF:19
BRH:19
end_of_record
TN:
SF:src/cli/jsonContracts.ts
FNF:0
FNH:0
DA:3,55
DA:11,55
DA:22,55
DA:30,55
DA:42,55
DA:47,55
DA:54,55
DA:63,55
DA:72,55
DA:140,55
DA:193,55
DA:236,55
DA:326,55
DA:334,55
DA:414,55
DA:434,55
DA:438,55
DA:473,55
DA:492,55
DA:503,55
DA:517,55
DA:530,55
DA:568,55
DA:586,55
DA:593,55
DA:608,55
DA:616,55
DA:632,55
LF:28
LH:28
BRF:0
BRH:0
end_of_record
TN:
SF:src/cli/main.ts
FN:82,formatCommandGroups
FN:83,(anonymous_1)
FN:84,(anonymous_2)
FN:107,getInstallTarget
FN:131,normalizeArrayArg
FN:136,(anonymous_5)
FN:141,resolveCliPath
FN:152,writeStdoutSafe
FN:162,(anonymous_8)
FN:163,(anonymous_9)
FN:172,(anonymous_10)
FN:188,(anonymous_11)
FN:195,main
FN:225,(anonymous_13)
FN:264,(anonymous_14)
FN:269,(anonymous_15)
FN:282,(anonymous_16)
FN:315,(anonymous_17)
FN:339,(anonymous_18)
FN:353,(anonymous_19)
FN:382,(anonymous_20)
FN:400,(anonymous_21)
FN:425,(anonymous_22)
FN:437,(anonymous_23)
FN:496,(anonymous_24)
FN:514,(anonymous_25)
FN:530,(anonymous_26)
FN:549,(anonymous_27)
FN:566,(anonymous_28)
FN:581,(anonymous_29)
FN:590,(anonymous_30)
FN:602,(anonymous_31)
FN:619,(anonymous_32)
FN:635,(anonymous_33)
FN:693,(anonymous_34)
FN:718,(anonymous_35)
FN:735,(anonymous_36)
FN:753,(anonymous_37)
FN:804,(anonymous_38)
FN:822,(anonymous_39)
FN:840,(anonymous_40)
FN:852,(anonymous_41)
FN:867,(anonymous_42)
FN:884,(anonymous_43)
FN:1042,(anonymous_44)
FN:1068,(anonymous_45)
FN:1085,(anonymous_46)
FN:1115,(anonymous_47)
FN:1118,(anonymous_48)
FNF:49
FNH:40
FNDA:92,formatCommandGroups
FNDA:460,(anonymous_1)
FNDA:1472,(anonymous_2)
FNDA:0,getInstallTarget
FNDA:27,normalizeArrayArg
FNDA:6,(anonymous_5)
FNDA:40,resolveCliPath
FNDA:2,writeStdoutSafe
FNDA:0,(anonymous_8)
FNDA:0,(anonymous_9)
FNDA:0,(anonymous_10)
FNDA:0,(anonymous_11)
FNDA:78,main
FNDA:73,(anonymous_13)
FNDA:2,(anonymous_14)
FNDA:2,(anonymous_15)
FNDA:2,(anonymous_16)
FNDA:0,(anonymous_17)
FNDA:0,(anonymous_18)
FNDA:22,(anonymous_19)
FNDA:22,(anonymous_20)
FNDA:6,(anonymous_21)
FNDA:6,(anonymous_22)
FNDA:7,(anonymous_23)
FNDA:7,(anonymous_24)
FNDA:1,(anonymous_25)
FNDA:1,(anonymous_26)
FNDA:6,(anonymous_27)
FNDA:6,(anonymous_28)
FNDA:3,(anonymous_29)
FNDA:3,(anonymous_30)
FNDA:3,(anonymous_31)
FNDA:3,(anonymous_32)
FNDA:13,(anonymous_33)
FNDA:13,(anonymous_34)
FNDA:1,(anonymous_35)
FNDA:1,(anonymous_36)
FNDA:1,(anonymous_37)
FNDA:1,(anonymous_38)
FNDA:1,(anonymous_39)
FNDA:1,(anonymous_40)
FNDA:3,(anonymous_41)
FNDA:3,(anonymous_42)
FNDA:2,(anonymous_43)
FNDA:2,(anonymous_44)
FNDA:2,(anonymous_45)
FNDA:2,(anonymous_46)
FNDA:0,(anonymous_47)
FNDA:0,(anonymous_48)
DA:35,14
DA:60,14
DA:83,92
DA:84,460
DA:85,1472
DA:87,460
DA:91,14
DA:108,0
DA:109,0
DA:111,0
DA:117,0
DA:123,0
DA:132,27
DA:133,21
DA:135,6
DA:136,6
DA:138,0
DA:145,40
DA:146,4
DA:149,36
DA:156,2
DA:157,2
DA:158,2
DA:159,2
DA:162,0
DA:163,0
DA:164,0
DA:165,0
DA:167,0
DA:171,0
DA:172,0
DA:173,0
DA:174,0
DA:175,0
DA:176,0
DA:177,0
DA:179,0
DA:182,0
DA:186,0
DA:187,0
DA:188,0
DA:199,78
DA:200,78
DA:202,78
DA:226,73
DA:227,0
DA:230,73
DA:231,0
DA:236,73
DA:237,0
DA:265,2
DA:271,2
DA:283,2
DA:284,2
DA:285,0
DA:286,0
DA:287,0
DA:288,0
DA:291,0
DA:294,0
DA:295,0
DA:300,0
DA:301,0
DA:306,0
DA:308,2
DA:309,2
DA:317,0
DA:340,0
DA:355,22
DA:383,22
DA:402,6
DA:426,6
DA:439,7
DA:497,7
DA:516,1
DA:531,1
DA:551,6
DA:567,6
DA:583,3
DA:591,3
DA:604,3
DA:620,3
DA:637,13
DA:694,13
DA:713,13
DA:720,1
DA:736,1
DA:755,1
DA:805,1
DA:824,1
DA:841,1
DA:854,3
DA:868,3
DA:886,2
DA:1043,2
DA:1066,78
DA:1070,2
DA:1086,2
DA:1087,2
DA:1088,2
DA:1091,0
DA:1095,78
DA:1099,4
DA:1100,4
DA:1103,74
DA:1104,1
DA:1105,1
DA:1108,73
DA:1110,71
DA:1113,14
DA:1114,0
DA:1116,0
DA:1119,0
DA:1120,0
DA:1121,0
DA:1122,0
DA:1123,0
DA:1126,0
LF:118
LH:71
BRDA:109,0,0,0
BRDA:109,0,1,0
BRDA:109,0,2,0
BRDA:132,1,0,21
BRDA:132,1,1,6
BRDA:135,2,0,6
BRDA:135,2,1,0
BRDA:145,3,0,4
BRDA:145,3,1,36
BRDA:154,4,0,2
BRDA:157,5,0,2
BRDA:157,5,1,0
BRDA:164,6,0,0
BRDA:164,6,1,0
BRDA:174,7,0,0
BRDA:174,7,1,0
BRDA:176,8,0,0
BRDA:176,8,1,0
BRDA:187,9,0,0
BRDA:187,9,1,0
BRDA:197,10,0,78
BRDA:226,11,0,0
BRDA:226,11,1,73
BRDA:230,12,0,0
BRDA:230,12,1,73
BRDA:236,13,0,0
BRDA:236,13,1,73
BRDA:265,14,0,2
BRDA:265,14,1,0
BRDA:265,15,0,0
BRDA:265,15,1,0
BRDA:284,16,0,0
BRDA:284,16,1,2
BRDA:287,17,0,0
BRDA:287,17,1,0
BRDA:291,18,0,0
BRDA:291,18,1,0
BRDA:294,19,0,0
BRDA:294,19,1,0
BRDA:343,20,0,0
BRDA:343,20,1,0
BRDA:427,21,0,6
BRDA:427,21,1,0
BRDA:499,22,0,7
BRDA:499,22,1,0
BRDA:533,23,0,1
BRDA:533,23,1,0
BRDA:534,24,0,1
BRDA:534,24,1,0
BRDA:569,25,0,6
BRDA:569,25,1,0
BRDA:593,26,0,3
BRDA:593,26,1,0
BRDA:622,27,0,3
BRDA:622,27,1,0
BRDA:701,28,0,11
BRDA:701,28,1,2
BRDA:738,29,0,1
BRDA:738,29,1,0
BRDA:808,30,0,1
BRDA:808,30,1,0
BRDA:843,31,0,1
BRDA:843,31,1,0
BRDA:870,32,0,3
BRDA:870,32,1,0
BRDA:1086,33,0,2
BRDA:1086,33,1,0
BRDA:1095,34,0,4
BRDA:1095,34,1,74
BRDA:1096,35,0,78
BRDA:1096,35,1,77
BRDA:1096,35,2,6
BRDA:1096,35,3,6
BRDA:1103,36,0,1
BRDA:1103,36,1,73
BRDA:1103,37,0,74
BRDA:1103,37,1,3
BRDA:1103,37,2,3
BRDA:1113,38,0,0
BRDA:1113,38,1,14
BRDA:1121,39,0,0
BRDA:1121,39,1,0
BRDA:1126,40,0,0
BRDA:1126,40,1,0
BRF:84
BRH:39
end_of_record
TN:
SF:src/cli/commands/adapter.ts
FN:34,runAdapterCommand
FN:50,runAdapterCapabilities
FN:169,runAdapterInspect
FN:182,(anonymous_3)
FN:193,(anonymous_4)
FN:194,(anonymous_5)
FN:204,(anonymous_6)
FN:208,(anonymous_7)
FN:243,runAdapterDoctor
FN:336,(anonymous_9)
FNF:10
FNH:9
FNDA:10,runAdapterCommand
FNDA:5,runAdapterCapabilities
FNDA:3,runAdapterInspect
FNDA:0,(anonymous_3)
FNDA:2,(anonymous_4)
FNDA:4,(anonymous_5)
FNDA:2,(anonymous_6)
FNDA:2,(anonymous_7)
FNDA:2,runAdapterDoctor
FNDA:14,(anonymous_9)
DA:38,10
DA:40,5
DA:42,3
DA:44,2
DA:46,0
DA:54,5
DA:55,5
DA:56,5
DA:58,5
DA:74,5
DA:75,4
DA:77,1
DA:81,1
DA:82,1
DA:86,1
DA:90,1
DA:94,1
DA:98,1
DA:102,1
DA:106,1
DA:110,1
DA:114,1
DA:118,1
DA:122,1
DA:123,1
DA:127,1
DA:131,1
DA:135,1
DA:136,1
DA:140,1
DA:144,1
DA:145,1
DA:149,1
DA:150,1
DA:156,1
DA:160,1
DA:166,5
DA:173,3
DA:174,3
DA:175,3
DA:181,3
DA:182,0
DA:185,3
DA:186,3
DA:187,1
DA:193,2
DA:194,4
DA:195,2
DA:196,0
DA:198,2
DA:201,2
DA:204,2
DA:208,2
DA:218,2
DA:219,1
DA:221,1
DA:225,1
DA:226,1
DA:227,1
DA:228,1
DA:229,1
DA:230,1
DA:231,1
DA:234,1
DA:235,1
DA:236,4
DA:240,2
DA:247,2
DA:248,2
DA:249,2
DA:254,2
DA:257,2
DA:258,2
DA:259,2
DA:260,2
DA:268,0
DA:276,2
DA:277,2
DA:278,2
DA:284,0
DA:291,2
DA:298,2
DA:299,2
DA:306,2
DA:315,2
DA:328,2
DA:329,2
DA:335,2
DA:336,14
DA:340,2
DA:341,1
DA:343,1
DA:347,1
DA:348,7
DA:349,7
DA:351,1
DA:357,2
LF:97
LH:92
BRDA:36,0,0,10
BRDA:38,1,0,5
BRDA:38,1,1,3
BRDA:38,1,2,2
BRDA:38,1,3,0
BRDA:74,2,0,4
BRDA:74,2,1,1
BRDA:74,3,0,5
BRDA:74,3,1,1
BRDA:107,4,0,1
BRDA:107,4,1,0
BRDA:119,5,0,1
BRDA:119,5,1,0
BRDA:124,6,0,1
BRDA:124,6,1,0
BRDA:128,7,0,1
BRDA:128,7,1,0
BRDA:132,8,0,0
BRDA:132,8,1,1
BRDA:144,9,0,1
BRDA:144,9,1,0
BRDA:149,10,0,1
BRDA:149,10,1,0
BRDA:157,11,0,1
BRDA:157,11,1,0
BRDA:161,12,0,1
BRDA:161,12,1,0
BRDA:174,13,0,3
BRDA:174,13,1,0
BRDA:185,14,0,3
BRDA:185,14,1,1
BRDA:186,15,0,1
BRDA:186,15,1,2
BRDA:195,16,0,0
BRDA:195,16,1,2
BRDA:218,17,0,1
BRDA:218,17,1,1
BRDA:218,18,0,2
BRDA:218,18,1,1
BRDA:263,19,0,2
BRDA:263,19,1,0
BRDA:271,20,0,0
BRDA:271,20,1,0
BRDA:280,21,0,2
BRDA:280,21,1,2
BRDA:287,22,0,0
BRDA:287,22,1,0
BRDA:309,23,0,2
BRDA:309,23,1,0
BRDA:318,24,0,2
BRDA:318,24,1,0
BRDA:321,25,0,2
BRDA:321,25,1,0
BRDA:321,26,0,2
BRDA:321,26,1,0
BRDA:340,27,0,1
BRDA:340,27,1,1
BRDA:340,28,0,2
BRDA:340,28,1,1
BRDA:348,29,0,7
BRDA:348,29,1,0
BRDA:352,30,0,1
BRDA:352,30,1,0
BRDA:357,31,0,2
BRDA:357,31,1,0
BRF:65
BRH:41
end_of_record
TN:
SF:src/cli/commands/audit.ts
FN:45,resolveWorkspaceRoot
FN:65,printAuditSummary
FN:80,(anonymous_2)
FN:102,runAuditCommand
FNF:4
FNH:3
FNDA:3,resolveWorkspaceRoot
FNDA:2,printAuditSummary
FNDA:0,(anonymous_2)
FNDA:4,runAuditCommand
DA:50,3
DA:51,0
DA:54,3
DA:55,3
DA:56,3
DA:57,2
DA:60,1
DA:61,3
DA:62,1
DA:69,2
DA:70,2
DA:74,2
DA:75,2
DA:76,8
DA:79,2
DA:80,2
DA:81,0
DA:83,2
DA:84,1
DA:86,1
DA:87,1
DA:91,2
DA:92,2
DA:93,1
DA:94,1
DA:97,1
DA:98,1
DA:107,4
DA:108,4
DA:110,4
DA:111,1
DA:114,3
DA:115,3
DA:116,4
DA:117,3
DA:124,3
DA:125,1
DA:127,2
DA:130,3
LF:39
LH:37
BRDA:50,0,0,0
BRDA:50,0,1,3
BRDA:54,1,0,3
BRDA:54,1,1,2
BRDA:55,2,0,3
BRDA:55,2,1,0
BRDA:56,3,0,2
BRDA:56,3,1,1
BRDA:60,4,0,1
BRDA:60,4,1,0
BRDA:81,5,0,0
BRDA:81,5,1,0
BRDA:83,6,0,1
BRDA:83,6,1,1
BRDA:92,7,0,1
BRDA:92,7,1,1
BRDA:104,8,0,4
BRDA:105,9,0,4
BRDA:108,10,0,4
BRDA:108,10,1,0
BRDA:110,11,0,1
BRDA:110,11,1,3
BRDA:115,12,0,3
BRDA:115,12,1,0
BRDA:124,13,0,1
BRDA:124,13,1,2
BRDA:124,14,0,3
BRDA:124,14,1,2
BRF:28
BRH:21
end_of_record
TN:
SF:src/cli/commands/bundle.ts
FN:124,normalizeRelativeNotePath
FN:131,collectGatedNotePaths
FN:159,enforceNotesGate
FN:193,(anonymous_3)
FN:207,(anonymous_4)
FN:209,(anonymous_5)
FN:212,(anonymous_6)
FN:273,collectScannerSourceFiles
FN:304,enforceScannerPipeline
FN:337,(anonymous_9)
FN:341,(anonymous_10)
FN:344,(anonymous_11)
FN:365,collectScannerArtifactFiles
FN:381,(anonymous_13)
FN:391,docsExportDirectoryName
FN:395,collectSharedHandoverRepoHistory
FN:435,assertSafeBundleRelativePath
FN:445,ensureSafePruneTarget
FN:457,(anonymous_18)
FN:468,pruneEmptyDirectories
FN:483,performDifferentialSync
FN:514,(anonymous_21)
FN:526,runBundleCommand
FN:547,(anonymous_23)
FN:670,(anonymous_24)
FN:691,(anonymous_25)
FN:699,(anonymous_26)
FN:703,(anonymous_27)
FN:712,(anonymous_28)
FN:720,(anonymous_29)
FN:727,(anonymous_30)
FN:758,(anonymous_31)
FN:813,(anonymous_32)
FN:842,(anonymous_33)
FN:846,(anonymous_34)
FN:862,(anonymous_35)
FN:906,(anonymous_36)
FN:911,(anonymous_37)
FN:956,(anonymous_38)
FN:957,(anonymous_39)
FN:958,(anonymous_40)
FN:966,(anonymous_41)
FN:967,(anonymous_42)
FN:968,(anonymous_43)
FN:984,(anonymous_44)
FN:988,(anonymous_45)
FN:992,(anonymous_46)
FN:996,(anonymous_47)
FN:1050,(anonymous_48)
FNF:49
FNH:45
FNDA:3,normalizeRelativeNotePath
FNDA:3,collectGatedNotePaths
FNDA:90,enforceNotesGate
FNDA:3,(anonymous_3)
FNDA:1,(anonymous_4)
FNDA:0,(anonymous_5)
FNDA:1,(anonymous_6)
FNDA:88,collectScannerSourceFiles
FNDA:89,enforceScannerPipeline
FNDA:4,(anonymous_9)
FNDA:4,(anonymous_10)
FNDA:2,(anonymous_11)
FNDA:1,collectScannerArtifactFiles
FNDA:4,(anonymous_13)
FNDA:60,docsExportDirectoryName
FNDA:87,collectSharedHandoverRepoHistory
FNDA:38,assertSafeBundleRelativePath
FNDA:6,ensureSafePruneTarget
FNDA:24,(anonymous_18)
FNDA:11,pruneEmptyDirectories
FNDA:6,performDifferentialSync
FNDA:38,(anonymous_21)
FNDA:91,runBundleCommand
FNDA:0,(anonymous_23)
FNDA:89,(anonymous_24)
FNDA:158,(anonymous_25)
FNDA:0,(anonymous_26)
FNDA:70,(anonymous_27)
FNDA:158,(anonymous_28)
FNDA:835,(anonymous_29)
FNDA:835,(anonymous_30)
FNDA:158,(anonymous_31)
FNDA:48,(anonymous_32)
FNDA:70,(anonymous_33)
FNDA:48,(anonymous_34)
FNDA:6,(anonymous_35)
FNDA:2,(anonymous_36)
FNDA:0,(anonymous_37)
FNDA:158,(anonymous_38)
FNDA:70,(anonymous_39)
FNDA:48,(anonymous_40)
FNDA:158,(anonymous_41)
FNDA:70,(anonymous_42)
FNDA:48,(anonymous_43)
FNDA:70,(anonymous_44)
FNDA:157,(anonymous_45)
FNDA:157,(anonymous_46)
FNDA:157,(anonymous_47)
FNDA:148,(anonymous_48)
DA:128,3
DA:139,3
DA:142,3
DA:144,3
DA:145,6
DA:146,3
DA:149,3
DA:150,7
DA:151,2
DA:156,3
DA:175,90
DA:176,90
DA:181,87
DA:184,3
DA:187,3
DA:193,3
DA:194,3
DA:199,3
DA:200,1
DA:203,2
DA:205,2
DA:207,1
DA:208,90
DA:209,0
DA:211,90
DA:212,1
DA:215,90
DA:220,0
DA:223,2
DA:224,2
DA:225,1
DA:228,1
DA:229,1
DA:232,2
DA:233,0
DA:236,0
DA:237,0
DA:242,2
DA:243,1
DA:246,1
DA:247,1
DA:253,2
DA:254,0
DA:257,2
DA:286,88
DA:288,88
DA:289,166
DA:290,846
DA:291,0
DA:294,846
DA:301,88
DA:318,89
DA:319,84
DA:323,5
DA:324,0
DA:333,5
DA:334,1
DA:337,4
DA:339,4
DA:341,4
DA:343,4
DA:344,2
DA:345,2
DA:359,2
DA:360,2
DA:362,2
DA:373,1
DA:380,1
DA:381,4
DA:392,60
DA:408,87
DA:415,87
DA:416,63
DA:419,24
DA:420,24
DA:421,0
DA:424,24
DA:425,24
DA:427,1
DA:428,1
DA:431,1
DA:436,38
DA:437,0
DA:439,38
DA:440,38
DA:441,0
DA:447,6
DA:448,6
DA:450,0
DA:453,6
DA:454,0
DA:457,6
DA:458,24
DA:460,6
DA:461,1
DA:469,11
DA:470,11
DA:471,44
DA:472,38
DA:474,6
DA:475,6
DA:476,6
DA:477,6
DA:478,2
DA:488,6
DA:489,6
DA:490,6
DA:492,5
DA:493,38
DA:494,38
DA:495,38
DA:497,38
DA:498,38
DA:499,38
DA:503,34
DA:505,4
DA:508,38
DA:509,23
DA:510,23
DA:514,38
DA:515,5
DA:516,5
DA:517,44
DA:518,44
DA:519,6
DA:523,5
DA:531,91
DA:532,91
DA:543,91
DA:544,91
DA:545,91
DA:547,0
DA:553,91
DA:556,91
DA:557,2
DA:558,2
DA:559,2
DA:560,2
DA:563,2
DA:564,0
DA:565,0
DA:566,0
DA:569,2
DA:570,1
DA:584,1
DA:589,90
DA:594,88
DA:595,0
DA:596,0
DA:597,0
DA:599,0
DA:604,88
DA:615,86
DA:621,86
DA:622,4
DA:623,2
DA:625,2
DA:628,2
DA:644,2
DA:645,4
DA:649,82
DA:650,4
DA:660,84
DA:667,91
DA:670,91
DA:671,89
DA:674,91
DA:675,1
DA:681,83
DA:682,91
DA:685,91
DA:687,91
DA:689,83
DA:690,83
DA:691,158
DA:694,83
DA:699,0
DA:702,83
DA:704,70
DA:705,70
DA:706,70
DA:710,83
DA:711,83
DA:713,158
DA:714,158
DA:720,835
DA:727,158
DA:728,835
DA:731,158
DA:736,158
DA:758,83
DA:770,158
DA:781,83
DA:782,83
DA:783,83
DA:784,83
DA:785,83
DA:787,83
DA:788,158
DA:789,158
DA:790,158
DA:791,158
DA:792,158
DA:794,158
DA:795,156
DA:800,83
DA:813,48
DA:836,91
DA:842,70
DA:846,48
DA:861,83
DA:862,6
DA:877,91
DA:892,83
DA:893,83
DA:899,83
DA:907,2
DA:912,0
DA:922,91
DA:950,91
DA:952,83
DA:956,158
DA:957,70
DA:958,48
DA:962,91
DA:966,158
DA:967,70
DA:968,48
DA:971,83
DA:973,83
DA:974,6
DA:981,82
DA:984,82
DA:985,70
DA:988,82
DA:989,157
DA:992,82
DA:993,157
DA:996,82
DA:997,157
DA:1002,82
DA:1003,76
DA:1004,76
DA:1013,76
DA:1020,76
DA:1021,76
DA:1029,76
DA:1032,76
DA:1033,76
DA:1034,146
DA:1046,76
DA:1047,76
DA:1048,76
DA:1049,76
DA:1050,148
DA:1058,76
DA:1059,76
DA:1069,76
DA:1070,76
DA:1073,82
DA:1075,6
DA:1082,6
DA:1115,83
DA:1116,6
DA:1119,82
LF:265
LH:242
BRDA:139,0,0,3
BRDA:139,0,1,0
BRDA:145,1,0,3
BRDA:145,1,1,3
BRDA:145,2,0,6
BRDA:145,2,1,6
BRDA:150,3,0,2
BRDA:150,3,1,5
BRDA:176,4,0,87
BRDA:176,4,1,3
BRDA:177,5,0,90
BRDA:177,5,1,88
BRDA:177,5,2,88
BRDA:199,6,0,1
BRDA:199,6,1,2
BRDA:205,7,0,1
BRDA:205,7,1,1
BRDA:208,8,0,0
BRDA:208,8,1,2
BRDA:211,9,0,1
BRDA:211,9,1,1
BRDA:215,10,0,0
BRDA:215,10,1,90
BRDA:216,11,0,90
BRDA:216,11,1,1
BRDA:216,11,2,1
BRDA:224,12,0,1
BRDA:224,12,1,1
BRDA:232,13,0,0
BRDA:232,13,1,2
BRDA:242,14,0,1
BRDA:242,14,1,1
BRDA:253,15,0,0
BRDA:253,15,1,2
BRDA:290,16,0,0
BRDA:290,16,1,846
BRDA:318,17,0,84
BRDA:318,17,1,5
BRDA:323,18,0,5
BRDA:323,18,1,0
BRDA:333,19,0,1
BRDA:333,19,1,4
BRDA:343,20,0,2
BRDA:343,20,1,2
BRDA:377,21,0,1
BRDA:377,21,1,1
BRDA:412,22,0,87
BRDA:412,22,1,83
BRDA:415,23,0,63
BRDA:415,23,1,24
BRDA:415,24,0,87
BRDA:415,24,1,87
BRDA:420,25,0,0
BRDA:420,25,1,24
BRDA:427,26,0,1
BRDA:427,26,1,0
BRDA:436,27,0,0
BRDA:436,27,1,38
BRDA:436,28,0,38
BRDA:436,28,1,38
BRDA:440,29,0,0
BRDA:440,29,1,38
BRDA:440,30,0,38
BRDA:440,30,1,38
BRDA:453,31,0,0
BRDA:453,31,1,6
BRDA:458,32,0,24
BRDA:458,32,1,24
BRDA:460,33,0,1
BRDA:460,33,1,5
BRDA:471,34,0,38
BRDA:471,34,1,6
BRDA:477,35,0,2
BRDA:477,35,1,4
BRDA:508,36,0,23
BRDA:508,36,1,15
BRDA:518,37,0,6
BRDA:518,37,1,38
BRDA:528,38,0,91
BRDA:529,39,0,91
BRDA:537,40,0,91
BRDA:537,40,1,0
BRDA:543,41,0,91
BRDA:543,41,1,82
BRDA:544,42,0,91
BRDA:544,42,1,81
BRDA:556,43,0,2
BRDA:556,43,1,89
BRDA:557,44,0,2
BRDA:557,44,1,0
BRDA:563,45,0,0
BRDA:563,45,1,2
BRDA:569,46,0,1
BRDA:569,46,1,1
BRDA:594,47,0,0
BRDA:594,47,1,88
BRDA:611,48,0,88
BRDA:611,48,1,88
BRDA:621,49,0,4
BRDA:621,49,1,82
BRDA:622,50,0,2
BRDA:622,50,1,2
BRDA:622,51,0,4
BRDA:622,51,1,3
BRDA:625,52,0,0
BRDA:625,52,1,2
BRDA:644,53,0,1
BRDA:644,53,1,1
BRDA:649,54,0,4
BRDA:649,54,1,78
BRDA:660,55,0,2
BRDA:660,55,1,82
BRDA:661,56,0,1
BRDA:661,56,1,1
BRDA:667,57,0,2
BRDA:667,57,1,82
BRDA:667,58,0,91
BRDA:667,58,1,83
BRDA:674,59,0,1
BRDA:674,59,1,90
BRDA:674,60,0,91
BRDA:674,60,1,79
BRDA:681,61,0,83
BRDA:681,61,1,71
BRDA:682,62,0,6
BRDA:682,62,1,77
BRDA:685,63,0,91
BRDA:685,63,1,77
BRDA:748,64,0,158
BRDA:748,64,1,0
BRDA:751,65,0,156
BRDA:751,65,1,2
BRDA:791,66,0,158
BRDA:791,66,1,0
BRDA:794,67,0,156
BRDA:794,67,1,2
BRDA:800,68,0,12
BRDA:800,68,1,71
BRDA:810,69,0,12
BRDA:810,69,1,12
BRDA:846,70,0,91
BRDA:846,70,1,71
BRDA:861,71,0,6
BRDA:861,71,1,77
BRDA:866,72,0,6
BRDA:866,72,1,0
BRDA:867,73,0,6
BRDA:867,73,1,0
BRDA:899,74,0,1
BRDA:899,74,1,82
BRDA:914,75,0,1
BRDA:914,75,1,1
BRDA:926,76,0,2
BRDA:926,76,1,81
BRDA:945,77,0,3
BRDA:945,77,1,80
BRDA:958,78,0,83
BRDA:958,78,1,71
BRDA:968,79,0,91
BRDA:968,79,1,71
BRDA:973,80,0,6
BRDA:973,80,1,77
BRDA:1002,81,0,76
BRDA:1002,81,1,6
BRDA:1002,82,0,82
BRDA:1002,82,1,71
BRDA:1009,83,0,76
BRDA:1009,83,1,65
BRDA:1046,84,0,76
BRDA:1046,84,1,0
BRDA:1052,85,0,81
BRDA:1052,85,1,67
BRDA:1073,86,0,6
BRDA:1073,86,1,76
BRDA:1073,87,0,82
BRDA:1073,87,1,71
BRDA:1075,88,0,5
BRDA:1075,88,1,1
BRDA:1077,89,0,1
BRDA:1077,89,1,0
BRDA:1079,90,0,0
BRDA:1079,90,1,0
BRDA:1093,91,0,6
BRDA:1093,91,1,5
BRDA:1115,92,0,6
BRDA:1115,92,1,77
BRF:186
BRH:161
end_of_record
TN:
SF:src/cli/commands/config.ts
FN:66,expectEnum
FN:80,getConfigFileBehaviorValues
FN:123,isEnvStrict
FN:128,resolveSource
FN:157,cliMode
FN:182,runConfigCommand
FN:331,(anonymous_6)
FN:332,(anonymous_7)
FNF:8
FNH:8
FNDA:5,expectEnum
FNDA:6,getConfigFileBehaviorValues
FNDA:9,isEnvStrict
FNDA:21,resolveSource
FNDA:9,cliMode
FNDA:9,runConfigCommand
FNDA:6,(anonymous_6)
FNDA:6,(anonymous_7)
DA:55,47
DA:56,47
DA:60,47
DA:71,5
DA:72,0
DA:77,5
DA:85,6
DA:86,6
DA:91,6
DA:93,6
DA:94,6
DA:95,3
DA:98,4
DA:99,6
DA:100,1
DA:107,4
DA:108,6
DA:109,1
DA:116,4
DA:124,9
DA:125,9
DA:135,21
DA:137,21
DA:138,0
DA:141,21
DA:142,4
DA:145,17
DA:146,4
DA:149,13
DA:161,9
DA:163,9
DA:168,0
DA:171,9
DA:176,0
DA:179,9
DA:189,9
DA:190,9
DA:191,9
DA:192,9
DA:193,9
DA:194,9
DA:202,9
DA:203,6
DA:204,6
DA:205,4
DA:206,4
DA:207,4
DA:209,2
DA:210,1
DA:216,1
DA:218,2
DA:222,7
DA:258,7
DA:275,7
DA:276,21
DA:283,1
DA:290,7
DA:291,5
DA:305,5
DA:308,2
DA:309,9
DA:310,9
DA:311,9
DA:312,9
DA:313,0
DA:315,2
DA:317,2
DA:331,6
DA:332,6
DA:334,2
DA:338,2
DA:342,2
DA:343,6
DA:346,2
DA:347,2
DA:353,2
LF:76
LH:71
BRDA:71,0,0,0
BRDA:71,0,1,5
BRDA:71,1,0,5
BRDA:71,1,1,5
BRDA:94,2,0,3
BRDA:94,2,1,3
BRDA:99,3,0,1
BRDA:99,3,1,5
BRDA:108,4,0,1
BRDA:108,4,1,5
BRDA:125,5,0,9
BRDA:125,5,1,8
BRDA:137,6,0,0
BRDA:137,6,1,21
BRDA:141,7,0,4
BRDA:141,7,1,17
BRDA:142,8,0,3
BRDA:142,8,1,1
BRDA:145,9,0,4
BRDA:145,9,1,13
BRDA:163,10,0,0
BRDA:163,10,1,9
BRDA:164,11,0,9
BRDA:164,11,1,0
BRDA:164,11,2,0
BRDA:171,12,0,0
BRDA:171,12,1,9
BRDA:172,13,0,9
BRDA:172,13,1,0
BRDA:172,13,2,0
BRDA:187,14,0,9
BRDA:202,15,0,6
BRDA:202,15,1,3
BRDA:209,16,0,1
BRDA:209,16,1,1
BRDA:218,17,0,0
BRDA:218,17,1,2
BRDA:276,18,0,1
BRDA:276,18,1,20
BRDA:276,19,0,21
BRDA:276,19,1,20
BRDA:276,19,2,17
BRDA:276,19,3,4
BRDA:276,19,4,1
BRDA:290,20,0,5
BRDA:290,20,1,2
BRDA:294,21,0,3
BRDA:294,21,1,2
BRDA:308,22,0,1
BRDA:308,22,1,1
BRDA:311,23,0,0
BRDA:311,23,1,2
BRDA:312,24,0,0
BRDA:312,24,1,9
BRF:54
BRH:43
end_of_record
TN:
SF:src/cli/commands/docs.ts
FN:40,resolveDocsExportOutputDir
FN:52,runDocsCommand
FN:175,(anonymous_2)
FN:179,(anonymous_3)
FN:183,(anonymous_4)
FNF:5
FNH:5
FNDA:3,resolveDocsExportOutputDir
FNDA:8,runDocsCommand
FNDA:9,(anonymous_2)
FNDA:9,(anonymous_3)
FNDA:9,(anonymous_4)
DA:45,3
DA:46,1
DA:49,2
DA:56,8
DA:57,8
DA:58,3
DA:59,3
DA:64,3
DA:65,3
DA:67,0
DA:68,0
DA:80,3
DA:83,5
DA:85,2
DA:88,2
DA:93,2
DA:94,2
DA:96,0
DA:97,0
DA:107,0
DA:108,0
DA:109,0
DA:120,0
DA:121,0
DA:124,2
DA:127,3
DA:128,3
DA:134,3
DA:139,3
DA:143,8
DA:146,8
DA:147,8
DA:156,0
DA:157,0
DA:160,0
DA:172,0
DA:173,0
DA:175,3
DA:176,9
DA:179,3
DA:180,9
DA:183,3
DA:184,9
DA:188,3
DA:189,3
DA:206,3
DA:209,0
DA:210,0
DA:224,0
DA:225,0
DA:226,0
DA:237,0
DA:238,0
DA:242,8
LF:54
LH:33
BRDA:45,0,0,1
BRDA:45,0,1,2
BRDA:54,1,0,8
BRDA:57,2,0,3
BRDA:57,2,1,5
BRDA:58,3,0,3
BRDA:58,3,1,0
BRDA:64,4,0,3
BRDA:64,4,1,0
BRDA:75,5,0,0
BRDA:75,5,1,0
BRDA:83,6,0,2
BRDA:83,6,1,3
BRDA:85,7,0,0
BRDA:85,7,1,2
BRDA:93,8,0,2
BRDA:93,8,1,0
BRDA:115,9,0,0
BRDA:115,9,1,0
BRDA:120,10,0,0
BRDA:120,10,1,0
BRDA:124,11,0,1
BRDA:124,11,1,1
BRDA:141,12,0,3
BRDA:141,12,1,3
BRDA:143,13,0,8
BRDA:143,13,1,2
BRDA:153,14,0,8
BRDA:153,14,1,3
BRDA:156,15,0,0
BRDA:156,15,1,0
BRDA:169,16,0,0
BRDA:169,16,1,0
BRDA:188,17,0,3
BRDA:188,17,1,0
BRDA:239,18,0,0
BRDA:239,18,1,0
BRF:37
BRH:20
end_of_record
TN:
SF:src/cli/commands/doctor.ts
FN:66,runDoctorCommand
FN:107,runDoctorAll
FN:129,runDoctorOverlaps
FN:141,runDoctorFixOverlaps
FN:228,formatConflictSummary
FN:238,(anonymous_5)
FN:248,runDoctorMcp
FN:260,runDoctorNotes
FN:272,runDoctorSecrets
FN:284,runDoctorWorkflow
FN:307,(anonymous_10)
FN:321,resolveOwnership
FN:342,(anonymous_12)
FN:361,buildFixPlan
FN:381,(anonymous_14)
FN:387,(anonymous_15)
FN:388,(anonymous_16)
FN:390,(anonymous_17)
FN:395,formatFixPlan
FN:402,(anonymous_19)
FN:409,applyExcludeFixesToToml
FN:426,(anonymous_21)
FN:435,findSectionRanges
FN:478,parseExistingExcludePatterns
FN:486,readSectionArray
FN:519,upsertSectionArray
FN:545,findSectionInsertIndex
FN:558,findArrayAssignment
FN:594,formatTomlStringArray
FN:595,(anonymous_29)
FNF:30
FNH:27
FNDA:31,runDoctorCommand
FNDA:3,runDoctorAll
FNDA:6,runDoctorOverlaps
FNDA:6,runDoctorFixOverlaps
FNDA:2,formatConflictSummary
FNDA:4,(anonymous_5)
FNDA:5,runDoctorMcp
FNDA:6,runDoctorNotes
FNDA:4,runDoctorSecrets
FNDA:7,runDoctorWorkflow
FNDA:4,(anonymous_10)
FNDA:3,resolveOwnership
FNDA:2,(anonymous_12)
FNDA:3,buildFixPlan
FNDA:3,(anonymous_14)
FNDA:0,(anonymous_15)
FNDA:3,(anonymous_16)
FNDA:0,(anonymous_17)
FNDA:2,formatFixPlan
FNDA:2,(anonymous_19)
FNDA:2,applyExcludeFixesToToml
FNDA:0,(anonymous_21)
FNDA:2,findSectionRanges
FNDA:2,parseExistingExcludePatterns
FNDA:2,readSectionArray
FNDA:2,upsertSectionArray
FNDA:1,findSectionInsertIndex
FNDA:5,findArrayAssignment
FNDA:4,formatTomlStringArray
FNDA:4,(anonymous_29)
DA:70,31
DA:71,31
DA:72,1
DA:78,30
DA:79,3
DA:82,27
DA:83,1
DA:89,26
DA:91,3
DA:93,6
DA:95,3
DA:97,4
DA:99,2
DA:101,7
DA:103,1
DA:111,3
DA:112,3
DA:113,1
DA:116,2
DA:117,2
DA:118,0
DA:121,2
DA:122,2
DA:123,0
DA:126,2
DA:133,6
DA:137,6
DA:138,6
DA:145,6
DA:146,6
DA:148,6
DA:149,1
DA:156,5
DA:159,5
DA:161,5
DA:162,2
DA:163,1
DA:174,1
DA:179,2
DA:182,3
DA:186,3
DA:188,3
DA:189,1
DA:202,2
DA:206,2
DA:207,2
DA:208,2
DA:210,2
DA:213,3
DA:214,1
DA:217,2
DA:218,2
DA:219,2
DA:221,2
DA:222,2
DA:225,2
DA:232,2
DA:238,2
DA:239,4
DA:241,2
DA:242,2
DA:245,2
DA:252,5
DA:256,5
DA:257,5
DA:264,6
DA:268,6
DA:269,6
DA:276,4
DA:280,4
DA:281,4
DA:288,7
DA:289,7
DA:290,2
DA:293,5
DA:295,5
DA:296,3
DA:305,2
DA:306,2
DA:307,4
DA:310,2
DA:311,2
DA:312,2
DA:318,5
DA:325,3
DA:327,3
DA:328,2
DA:329,2
DA:331,2
DA:334,1
DA:335,1
DA:339,1
DA:340,1
DA:342,2
DA:354,1
DA:357,1
DA:358,1
DA:365,3
DA:367,3
DA:368,3
DA:369,3
DA:370,6
DA:371,3
DA:373,3
DA:374,6
DA:375,6
DA:379,3
DA:381,3
DA:387,0
DA:388,3
DA:390,0
DA:396,2
DA:397,2
DA:398,0
DA:401,2
DA:404,2
DA:413,2
DA:415,2
DA:416,2
DA:417,2
DA:418,2
DA:419,0
DA:425,2
DA:426,2
DA:427,0
DA:429,2
DA:432,2
DA:438,2
DA:439,2
DA:442,2
DA:444,2
DA:445,46
DA:446,46
DA:447,4
DA:448,2
DA:453,4
DA:454,4
DA:455,4
DA:458,42
DA:459,0
DA:463,0
DA:464,0
DA:468,2
DA:469,2
DA:475,2
DA:482,2
DA:483,2
DA:491,2
DA:492,2
DA:493,1
DA:496,1
DA:497,1
DA:498,1
DA:503,1
DA:504,0
DA:507,1
DA:508,1
DA:510,0
DA:526,2
DA:527,2
DA:529,2
DA:530,1
DA:537,1
DA:538,1
DA:550,1
DA:551,1
DA:552,1
DA:555,0
DA:563,5
DA:565,5
DA:566,9
DA:567,6
DA:570,3
DA:571,3
DA:572,3
DA:573,3
DA:574,3
DA:575,44
DA:576,3
DA:577,3
DA:578,41
DA:579,3
DA:583,3
DA:584,3
DA:588,0
DA:591,2
DA:595,4
LF:187
LH:173
BRDA:68,0,0,31
BRDA:71,1,0,1
BRDA:71,1,1,30
BRDA:71,2,0,31
BRDA:71,2,1,4
BRDA:78,3,0,3
BRDA:78,3,1,27
BRDA:82,4,0,1
BRDA:82,4,1,26
BRDA:89,5,0,26
BRDA:89,5,1,6
BRDA:89,5,2,3
BRDA:89,5,3,4
BRDA:89,5,4,2
BRDA:89,5,5,7
BRDA:89,5,6,1
BRDA:112,6,0,1
BRDA:112,6,1,2
BRDA:117,7,0,0
BRDA:117,7,1,2
BRDA:122,8,0,0
BRDA:122,8,1,2
BRDA:137,9,0,6
BRDA:137,9,1,2
BRDA:138,10,0,4
BRDA:138,10,1,2
BRDA:146,11,0,6
BRDA:146,11,1,0
BRDA:148,12,0,1
BRDA:148,12,1,5
BRDA:148,13,0,6
BRDA:148,13,1,2
BRDA:161,14,0,2
BRDA:161,14,1,3
BRDA:162,15,0,1
BRDA:162,15,1,1
BRDA:162,16,0,2
BRDA:162,16,1,1
BRDA:188,17,0,1
BRDA:188,17,1,2
BRDA:188,18,0,3
BRDA:188,18,1,0
BRDA:193,19,0,1
BRDA:193,19,1,0
BRDA:203,20,0,2
BRDA:203,20,1,0
BRDA:213,21,0,1
BRDA:213,21,1,2
BRDA:213,22,0,3
BRDA:213,22,1,0
BRDA:221,23,0,2
BRDA:221,23,1,0
BRDA:221,24,0,2
BRDA:221,24,1,0
BRDA:230,25,0,2
BRDA:241,26,0,2
BRDA:241,26,1,0
BRDA:256,27,0,5
BRDA:256,27,1,2
BRDA:268,28,0,6
BRDA:268,28,1,2
BRDA:269,29,0,4
BRDA:269,29,1,2
BRDA:280,30,0,4
BRDA:280,30,1,2
BRDA:281,31,0,3
BRDA:281,31,1,1
BRDA:289,32,0,2
BRDA:289,32,1,5
BRDA:295,33,0,3
BRDA:295,33,1,2
BRDA:295,34,0,5
BRDA:295,34,1,1
BRDA:313,35,0,2
BRDA:313,35,1,0
BRDA:327,36,0,2
BRDA:327,36,1,1
BRDA:344,37,0,1
BRDA:344,37,1,1
BRDA:368,38,0,3
BRDA:368,38,1,0
BRDA:370,39,0,3
BRDA:370,39,1,3
BRDA:373,40,0,3
BRDA:373,40,1,3
BRDA:383,41,0,3
BRDA:383,41,1,0
BRDA:397,42,0,0
BRDA:397,42,1,2
BRDA:418,43,0,0
BRDA:418,43,1,2
BRDA:446,44,0,4
BRDA:446,44,1,42
BRDA:447,45,0,2
BRDA:447,45,1,2
BRDA:453,46,0,4
BRDA:453,46,1,4
BRDA:458,47,0,0
BRDA:458,47,1,42
BRDA:458,48,0,42
BRDA:458,48,1,10
BRDA:468,49,0,2
BRDA:468,49,1,0
BRDA:483,50,0,2
BRDA:483,50,1,1
BRDA:492,51,0,1
BRDA:492,51,1,1
BRDA:503,52,0,0
BRDA:503,52,1,1
BRDA:503,53,0,1
BRDA:503,53,1,1
BRDA:512,54,0,0
BRDA:512,54,1,0
BRDA:529,55,0,1
BRDA:529,55,1,1
BRDA:551,56,0,1
BRDA:551,56,1,0
BRDA:566,57,0,6
BRDA:566,57,1,3
BRDA:566,58,0,9
BRDA:566,58,1,0
BRDA:573,59,0,3
BRDA:573,59,1,0
BRDA:575,60,0,3
BRDA:575,60,1,41
BRDA:578,61,0,3
BRDA:578,61,1,38
BRDA:583,62,0,3
BRDA:583,62,1,0
BRDA:583,63,0,3
BRDA:583,63,1,3
BRF:131
BRH:107
end_of_record
TN:
SF:src/cli/commands/extract.ts
FN:40,isExtractResolutionError
FN:70,formatChecksumPrefix
FN:74,writeExtractionErrorTable
FN:81,(anonymous_3)
FN:82,(anonymous_4)
FN:84,(anonymous_5)
FN:113,writeRemediationBlock
FN:129,runExtractCommand
FN:140,(anonymous_8)
FN:169,(anonymous_9)
FN:200,(anonymous_10)
FN:235,(anonymous_11)
FN:238,(anonymous_12)
FN:241,(anonymous_13)
FNF:14
FNH:13
FNDA:3,isExtractResolutionError
FNDA:4,formatChecksumPrefix
FNDA:2,writeExtractionErrorTable
FNDA:2,(anonymous_3)
FNDA:2,(anonymous_4)
FNDA:8,(anonymous_5)
FNDA:2,writeRemediationBlock
FNDA:11,runExtractCommand
FNDA:24,(anonymous_8)
FNDA:0,(anonymous_9)
FNDA:1,(anonymous_10)
FNDA:1,(anonymous_11)
FNDA:1,(anonymous_12)
FNDA:2,(anonymous_13)
DA:43,3
DA:44,0
DA:47,3
DA:53,3
DA:61,16
DA:71,4
DA:78,2
DA:79,2
DA:81,2
DA:82,2
DA:84,8
DA:85,2
DA:87,2
DA:91,2
DA:93,2
DA:94,2
DA:95,2
DA:100,2
DA:101,2
DA:102,2
DA:104,2
DA:110,2
DA:117,2
DA:118,2
DA:119,0
DA:122,2
DA:123,2
DA:124,10
DA:126,2
DA:133,11
DA:134,11
DA:135,11
DA:136,11
DA:137,11
DA:140,24
DA:142,11
DA:143,11
DA:154,3
DA:156,1
DA:157,1
DA:161,1
DA:169,1
DA:171,0
DA:174,1
DA:176,1
DA:179,1
DA:200,1
DA:213,1
DA:216,2
DA:217,2
DA:218,2
DA:219,2
DA:221,0
DA:223,8
DA:224,1
DA:236,1
DA:239,1
DA:241,2
DA:249,8
LF:59
LH:55
BRDA:43,0,0,0
BRDA:43,0,1,3
BRDA:43,1,0,3
BRDA:43,1,1,3
BRDA:54,2,0,3
BRDA:54,2,1,0
BRDA:54,2,2,0
BRDA:54,2,3,0
BRDA:54,2,4,0
BRDA:71,3,0,4
BRDA:71,3,1,0
BRDA:76,4,0,2
BRDA:78,5,0,2
BRDA:78,5,1,0
BRDA:94,6,0,2
BRDA:94,6,1,0
BRDA:95,7,0,2
BRDA:95,7,1,0
BRDA:96,8,0,2
BRDA:96,8,1,2
BRDA:96,8,2,2
BRDA:115,9,0,2
BRDA:118,10,0,0
BRDA:118,10,1,2
BRDA:131,11,0,11
BRDA:140,12,0,24
BRDA:140,12,1,0
BRDA:149,13,0,11
BRDA:149,13,1,9
BRDA:154,14,0,1
BRDA:154,14,1,2
BRDA:154,15,0,3
BRDA:154,15,1,2
BRDA:156,16,0,1
BRDA:156,16,1,0
BRDA:157,17,0,1
BRDA:157,17,1,0
BRDA:161,18,0,0
BRDA:161,18,1,1
BRDA:169,19,0,1
BRDA:169,19,1,1
BRDA:171,20,0,0
BRDA:171,20,1,0
BRDA:174,21,0,1
BRDA:174,21,1,0
BRDA:176,22,0,1
BRDA:176,22,1,0
BRDA:185,23,0,1
BRDA:185,23,1,1
BRDA:186,24,0,1
BRDA:186,24,1,0
BRDA:189,25,0,1
BRDA:189,25,1,1
BRDA:199,26,0,1
BRDA:199,26,1,0
BRDA:213,27,0,1
BRDA:213,27,1,0
BRDA:216,28,0,2
BRDA:216,28,1,0
BRDA:223,29,0,1
BRDA:223,29,1,7
BRDA:223,30,0,8
BRDA:223,30,1,6
BRDA:230,31,0,1
BRDA:230,31,1,0
BRDA:231,32,0,1
BRDA:231,32,1,1
BRDA:234,33,0,1
BRDA:234,33,1,1
BRF:69
BRH:46
end_of_record
TN:
SF:src/cli/commands/init.ts
FN:45,resolveInteractiveValues
FN:105,renderProjectTemplate
FN:123,resolveInitTemplateDescriptor
FN:135,(anonymous_3)
FN:140,mapGeneratedFilesByPath
FN:143,(anonymous_5)
FN:146,getRequiredGeneratedFile
FN:160,runInitCommand
FN:170,(anonymous_8)
FN:231,(anonymous_9)
FN:311,(anonymous_10)
FNF:11
FNH:10
FNDA:45,resolveInteractiveValues
FNDA:1130,renderProjectTemplate
FNDA:43,resolveInitTemplateDescriptor
FNDA:42,(anonymous_3)
FNDA:35,mapGeneratedFilesByPath
FNDA:1130,(anonymous_5)
FNDA:280,getRequiredGeneratedFile
FNDA:47,runInitCommand
FNDA:20,(anonymous_8)
FNDA:1130,(anonymous_9)
FNDA:0,(anonymous_10)
DA:49,45
DA:50,45
DA:53,0
DA:54,0
DA:57,0
DA:68,0
DA:71,0
DA:84,0
DA:86,0
DA:96,0
DA:97,0
DA:100,0
DA:102,0
DA:113,1130
DA:127,43
DA:128,18
DA:131,25
DA:132,25
DA:133,25
DA:134,25
DA:135,42
DA:143,1130
DA:150,280
DA:151,280
DA:152,0
DA:157,280
DA:164,47
DA:165,47
DA:166,47
DA:167,2
DA:168,2
DA:172,20
DA:177,2
DA:180,45
DA:181,45
DA:184,47
DA:185,47
DA:187,2
DA:193,43
DA:197,47
DA:202,43
DA:209,43
DA:210,8
DA:211,2
DA:222,6
DA:224,8
DA:227,35
DA:232,1130
DA:242,35
DA:243,35
DA:244,35
DA:248,35
DA:249,35
DA:250,35
DA:256,47
DA:257,47
DA:261,47
DA:265,47
DA:269,47
DA:273,35
DA:274,34
DA:275,34
DA:276,30
DA:277,4
DA:278,2
DA:280,2
DA:282,34
DA:283,31
DA:284,3
DA:285,2
DA:287,1
DA:292,34
DA:293,31
DA:294,3
DA:295,2
DA:297,1
DA:299,34
DA:300,31
DA:301,3
DA:302,2
DA:304,1
DA:306,34
DA:307,10
DA:308,24
DA:309,0
DA:311,24
DA:312,0
DA:315,0
DA:320,34
DA:321,31
DA:322,3
DA:323,2
DA:325,1
DA:327,34
DA:328,31
DA:329,3
DA:330,2
DA:332,1
DA:337,34
DA:338,31
DA:339,3
DA:340,2
DA:342,1
DA:347,34
DA:348,31
DA:349,3
DA:350,2
DA:352,1
DA:357,34
DA:358,34
DA:359,34
DA:360,34
DA:361,31
DA:366,34
DA:367,2
DA:374,35
DA:375,1
DA:394,35
LF:118
LH:103
BRDA:47,0,0,45
BRDA:49,1,0,45
BRDA:49,1,1,0
BRDA:57,2,0,0
BRDA:57,2,1,0
BRDA:71,3,0,0
BRDA:71,3,1,0
BRDA:96,4,0,0
BRDA:96,4,1,0
BRDA:127,5,0,18
BRDA:127,5,1,25
BRDA:135,6,0,25
BRDA:135,6,1,0
BRDA:151,7,0,0
BRDA:151,7,1,280
BRDA:162,8,0,47
BRDA:166,9,0,2
BRDA:166,9,1,45
BRDA:181,10,0,45
BRDA:181,10,1,2
BRDA:188,11,0,2
BRDA:188,11,1,0
BRDA:195,12,0,43
BRDA:195,12,1,18
BRDA:209,13,0,8
BRDA:209,13,1,35
BRDA:210,14,0,2
BRDA:210,14,1,6
BRDA:210,15,0,8
BRDA:210,15,1,2
BRDA:215,16,0,2
BRDA:215,16,1,0
BRDA:216,17,0,2
BRDA:216,17,1,0
BRDA:250,18,0,35
BRDA:250,18,1,25
BRDA:273,19,0,34
BRDA:273,19,1,1
BRDA:273,20,0,35
BRDA:273,20,1,19
BRDA:275,21,0,30
BRDA:275,21,1,4
BRDA:277,22,0,2
BRDA:277,22,1,2
BRDA:282,23,0,31
BRDA:282,23,1,3
BRDA:284,24,0,2
BRDA:284,24,1,1
BRDA:292,25,0,31
BRDA:292,25,1,3
BRDA:294,26,0,2
BRDA:294,26,1,1
BRDA:299,27,0,31
BRDA:299,27,1,3
BRDA:301,28,0,2
BRDA:301,28,1,1
BRDA:306,29,0,10
BRDA:306,29,1,24
BRDA:308,30,0,0
BRDA:308,30,1,24
BRDA:311,31,0,0
BRDA:311,31,1,24
BRDA:320,32,0,31
BRDA:320,32,1,3
BRDA:322,33,0,2
BRDA:322,33,1,1
BRDA:327,34,0,31
BRDA:327,34,1,3
BRDA:329,35,0,2
BRDA:329,35,1,1
BRDA:337,36,0,31
BRDA:337,36,1,3
BRDA:339,37,0,2
BRDA:339,37,1,1
BRDA:347,38,0,31
BRDA:347,38,1,3
BRDA:349,39,0,2
BRDA:349,39,1,1
BRDA:357,40,0,34
BRDA:357,40,1,0
BRDA:358,41,0,34
BRDA:358,41,1,15
BRDA:360,42,0,31
BRDA:360,42,1,3
BRDA:366,43,0,2
BRDA:366,43,1,32
BRDA:374,44,0,1
BRDA:374,44,1,34
BRDA:374,45,0,35
BRDA:374,45,1,19
BRDA:378,46,0,1
BRDA:378,46,1,0
BRDA:379,47,0,1
BRDA:379,47,1,0
BRF:94
BRH:77
end_of_record
TN:
SF:src/cli/commands/inspect.ts
FN:31,formatChecksumPrefix
FN:35,renderTokenBreakdown
FN:40,(anonymous_2)
FN:58,runInspectCommand
FN:110,(anonymous_4)
FN:112,(anonymous_5)
FN:132,(anonymous_6)
FN:149,(anonymous_7)
FN:170,(anonymous_8)
FNF:9
FNH:8
FNDA:2,formatChecksumPrefix
FNDA:1,renderTokenBreakdown
FNDA:2,(anonymous_2)
FNDA:13,runInspectCommand
FNDA:6,(anonymous_4)
FNDA:10,(anonymous_5)
FNDA:3,(anonymous_6)
FNDA:0,(anonymous_7)
FNDA:4,(anonymous_8)
DA:32,2
DA:38,1
DA:40,2
DA:42,1
DA:43,1
DA:45,1
DA:46,2
DA:47,2
DA:52,1
DA:55,1
DA:62,13
DA:63,13
DA:72,13
DA:80,13
DA:81,10
DA:82,10
DA:85,3
DA:86,3
DA:87,3
DA:88,3
DA:89,6
DA:90,10
DA:93,3
DA:94,3
DA:97,3
DA:110,6
DA:113,10
DA:115,10
DA:121,10
DA:124,10
DA:125,10
DA:133,3
DA:134,3
DA:136,3
DA:141,3
DA:150,0
DA:154,0
DA:159,0
DA:164,0
DA:170,4
DA:174,13
DA:178,13
LF:42
LH:38
BRDA:32,0,0,2
BRDA:32,0,1,0
BRDA:46,1,0,2
BRDA:46,1,1,0
BRDA:60,2,0,13
BRDA:64,3,0,13
BRDA:64,3,1,0
BRDA:68,4,0,13
BRDA:68,4,1,0
BRDA:75,5,0,7
BRDA:75,5,1,6
BRDA:80,6,0,10
BRDA:80,6,1,3
BRDA:103,7,0,2
BRDA:103,7,1,1
BRDA:115,8,0,10
BRDA:115,8,1,0
BRDA:121,9,0,1
BRDA:121,9,1,9
BRDA:121,10,0,10
BRDA:121,10,1,7
BRDA:124,11,0,10
BRDA:124,11,1,3
BRDA:129,12,0,3
BRDA:129,12,1,0
BRDA:134,13,0,3
BRDA:134,13,1,1
BRDA:136,14,0,3
BRDA:136,14,1,0
BRDA:146,15,0,0
BRDA:146,15,1,3
BRDA:151,16,0,0
BRDA:151,16,1,0
BRDA:154,17,0,0
BRDA:154,17,1,0
BRDA:154,18,0,0
BRDA:154,18,1,0
BRDA:159,19,0,0
BRDA:159,19,1,0
BRDA:161,20,0,0
BRDA:161,20,1,0
BRDA:169,21,0,3
BRDA:169,21,1,0
BRDA:175,22,0,1
BRDA:175,22,1,2
BRF:45
BRH:26
end_of_record
TN:
SF:src/cli/commands/list.ts
FN:72,compareDeterministicText
FN:90,formatProvenanceSuffix
FN:111,getTokensForRow
FN:115,formatRelativeTime
FN:143,colorByTemperature
FN:160,colorBytes
FN:175,colorTokens
FN:190,ansi256
FN:194,colorTime
FN:223,(anonymous_9)
FN:228,colorExtractability
FN:248,renderGroupedList
FN:264,(anonymous_12)
FN:268,(anonymous_13)
FN:272,(anonymous_14)
FN:276,(anonymous_15)
FN:280,(anonymous_16)
FN:283,(anonymous_17)
FN:299,(anonymous_18)
FN:358,(anonymous_19)
FN:362,(anonymous_20)
FN:368,(anonymous_21)
FN:374,(anonymous_22)
FN:404,(anonymous_23)
FN:432,runListCommand
FN:456,(anonymous_25)
FN:472,(anonymous_26)
FNF:27
FNH:20
FNDA:5,compareDeterministicText
FNDA:14,formatProvenanceSuffix
FNDA:86,getTokensForRow
FNDA:86,formatRelativeTime
FNDA:28,colorByTemperature
FNDA:14,colorBytes
FNDA:14,colorTokens
FNDA:0,ansi256
FNDA:14,colorTime
FNDA:0,(anonymous_9)
FNDA:14,colorExtractability
FNDA:3,renderGroupedList
FNDA:14,(anonymous_12)
FNDA:14,(anonymous_13)
FNDA:14,(anonymous_14)
FNDA:14,(anonymous_15)
FNDA:14,(anonymous_16)
FNDA:12,(anonymous_17)
FNDA:5,(anonymous_18)
FNDA:0,(anonymous_19)
FNDA:0,(anonymous_20)
FNDA:0,(anonymous_21)
FNDA:0,(anonymous_22)
FNDA:0,(anonymous_23)
FNDA:14,runListCommand
FNDA:16,(anonymous_25)
FNDA:86,(anonymous_26)
DA:73,5
DA:74,5
DA:75,5
DA:76,0
DA:78,5
DA:79,5
DA:81,0
DA:82,0
DA:84,0
DA:85,0
DA:87,0
DA:94,14
DA:95,0
DA:98,14
DA:107,14
DA:108,14
DA:112,86
DA:116,86
DA:117,0
DA:120,86
DA:121,86
DA:122,86
DA:123,86
DA:124,86
DA:125,86
DA:127,86
DA:128,86
DA:130,0
DA:131,0
DA:133,0
DA:134,0
DA:136,0
DA:137,0
DA:140,0
DA:148,28
DA:149,28
DA:151,0
DA:152,0
DA:154,0
DA:155,0
DA:157,0
DA:166,14
DA:167,14
DA:169,0
DA:170,0
DA:172,0
DA:181,14
DA:182,14
DA:184,0
DA:185,0
DA:187,0
DA:191,0
DA:200,14
DA:201,14
DA:203,0
DA:204,0
DA:207,0
DA:208,0
DA:209,0
DA:210,0
DA:222,0
DA:223,0
DA:224,0
DA:225,14
DA:233,14
DA:234,14
DA:236,0
DA:237,0
DA:239,0
DA:240,0
DA:242,0
DA:243,0
DA:245,0
DA:255,3
DA:256,3
DA:257,14
DA:258,14
DA:259,14
DA:262,3
DA:264,14
DA:266,3
DA:268,14
DA:270,3
DA:272,14
DA:274,3
DA:276,14
DA:278,3
DA:280,14
DA:283,3
DA:284,12
DA:285,3
DA:287,9
DA:288,6
DA:290,3
DA:293,3
DA:298,3
DA:299,9
DA:300,5
DA:302,9
DA:303,9
DA:304,9
DA:329,9
DA:330,14
DA:331,14
DA:332,14
DA:333,14
DA:334,14
DA:337,14
DA:338,14
DA:355,3
DA:356,0
DA:358,0
DA:360,0
DA:363,0
DA:366,0
DA:369,0
DA:372,0
DA:374,0
DA:377,0
DA:378,0
DA:383,0
DA:404,0
DA:405,0
DA:407,0
DA:408,0
DA:409,0
DA:410,0
DA:413,0
DA:414,0
DA:429,3
DA:436,14
DA:437,14
DA:438,14
DA:439,14
DA:440,14
DA:441,14
DA:447,14
DA:448,14
DA:449,14
DA:454,14
DA:456,16
DA:472,14
DA:473,86
DA:474,86
DA:475,86
DA:482,86
DA:483,86
DA:485,86
DA:486,80
DA:488,86
DA:501,14
DA:502,11
DA:520,11
DA:523,3
DA:533,3
LF:155
LH:93
BRDA:75,0,0,0
BRDA:75,0,1,5
BRDA:78,1,0,5
BRDA:78,1,1,0
BRDA:81,2,0,0
BRDA:81,2,1,0
BRDA:84,3,0,0
BRDA:84,3,1,0
BRDA:94,4,0,0
BRDA:94,4,1,14
BRDA:108,5,0,0
BRDA:108,5,1,14
BRDA:116,6,0,0
BRDA:116,6,1,86
BRDA:127,7,0,86
BRDA:127,7,1,0
BRDA:130,8,0,0
BRDA:130,8,1,0
BRDA:133,9,0,0
BRDA:133,9,1,0
BRDA:136,10,0,0
BRDA:136,10,1,0
BRDA:148,11,0,28
BRDA:148,11,1,0
BRDA:151,12,0,0
BRDA:151,12,1,0
BRDA:154,13,0,0
BRDA:154,13,1,0
BRDA:166,14,0,14
BRDA:166,14,1,0
BRDA:169,15,0,0
BRDA:169,15,1,0
BRDA:181,16,0,14
BRDA:181,16,1,0
BRDA:184,17,0,0
BRDA:184,17,1,0
BRDA:200,18,0,14
BRDA:200,18,1,0
BRDA:203,19,0,0
BRDA:203,19,1,0
BRDA:224,20,0,0
BRDA:224,20,1,0
BRDA:224,20,2,0
BRDA:233,21,0,14
BRDA:233,21,1,0
BRDA:236,22,0,0
BRDA:236,22,1,0
BRDA:239,23,0,0
BRDA:239,23,1,0
BRDA:242,24,0,0
BRDA:242,24,1,0
BRDA:257,25,0,14
BRDA:257,25,1,9
BRDA:284,26,0,3
BRDA:284,26,1,9
BRDA:287,27,0,6
BRDA:287,27,1,3
BRDA:294,28,0,0
BRDA:294,28,1,3
BRDA:299,29,0,9
BRDA:299,29,1,0
BRDA:303,30,0,0
BRDA:303,30,1,9
BRDA:307,31,0,0
BRDA:307,31,1,9
BRDA:311,32,0,0
BRDA:311,32,1,9
BRDA:315,33,0,0
BRDA:315,33,1,9
BRDA:319,34,0,0
BRDA:319,34,1,9
BRDA:323,35,0,0
BRDA:323,35,1,9
BRDA:334,36,0,0
BRDA:334,36,1,14
BRDA:355,37,0,0
BRDA:355,37,1,3
BRDA:379,38,0,0
BRDA:379,38,1,0
BRDA:386,39,0,0
BRDA:386,39,1,0
BRDA:390,40,0,0
BRDA:390,40,1,0
BRDA:394,41,0,0
BRDA:394,41,1,0
BRDA:398,42,0,0
BRDA:398,42,1,0
BRDA:410,43,0,0
BRDA:410,43,1,0
BRDA:423,44,0,0
BRDA:423,44,1,0
BRDA:434,45,0,14
BRDA:441,46,0,2
BRDA:441,46,1,12
BRDA:476,47,0,86
BRDA:476,47,1,0
BRDA:477,48,0,86
BRDA:477,48,1,0
BRDA:479,49,0,86
BRDA:479,49,1,0
BRDA:482,50,0,86
BRDA:482,50,1,0
BRDA:485,51,0,80
BRDA:485,51,1,6
BRDA:490,52,0,6
BRDA:490,52,1,80
BRDA:495,53,0,86
BRDA:495,53,1,0
BRDA:496,54,0,86
BRDA:496,54,1,0
BRDA:501,55,0,11
BRDA:501,55,1,3
BRDA:509,56,0,11
BRDA:509,56,1,8
BRDA:510,57,0,11
BRDA:510,57,1,7
BRDA:511,58,0,11
BRDA:511,58,1,5
BRF:118
BRH:48
end_of_record
TN:
SF:src/cli/commands/mcp.ts
FN:37,collectMcpCatalogReport
FN:48,printMcpCatalogReport
FN:83,runMcpCatalogCommand
FN:92,runMcpCommand
FNF:4
FNH:4
FNDA:5,collectMcpCatalogReport
FNDA:3,printMcpCatalogReport
FNDA:3,runMcpCatalogCommand
FNDA:1,runMcpCommand
DA:38,5
DA:40,5
DA:53,3
DA:54,2
DA:55,2
DA:58,1
DA:62,1
DA:63,1
DA:66,4
DA:68,1
DA:69,1
DA:72,4
DA:74,1
DA:75,1
DA:76,37
DA:87,3
DA:88,3
DA:89,3
DA:96,1
DA:97,1
DA:98,1
DA:99,1
DA:103,1
DA:105,1
DA:107,1
LF:25
LH:25
BRDA:51,0,0,3
BRDA:53,1,0,2
BRDA:53,1,1,1
BRDA:84,2,0,3
BRDA:85,3,0,3
BRDA:88,4,0,3
BRDA:88,4,1,0
BRDA:93,5,0,1
BRDA:94,6,0,1
BRDA:96,7,0,1
BRDA:96,7,1,0
BRDA:97,8,0,1
BRDA:97,8,1,0
BRDA:98,9,0,1
BRDA:98,9,1,0
BRDA:101,10,0,0
BRDA:101,10,1,1
BRF:17
BRH:12
end_of_record
TN:
SF:src/cli/commands/notes.ts
FNF:0
FNH:0
LF:0
LH:0
BRF:0
BRH:0
end_of_record
TN:
SF:src/cli/commands/render.ts
FN:37,runRenderCommand
FN:50,(anonymous_1)
FN:71,(anonymous_2)
FN:75,(anonymous_3)
FN:83,(anonymous_4)
FN:84,(anonymous_5)
FN:85,(anonymous_6)
FN:107,(anonymous_7)
FN:114,(anonymous_8)
FN:115,(anonymous_9)
FN:116,(anonymous_10)
FN:131,(anonymous_11)
FN:134,(anonymous_12)
FN:176,(anonymous_13)
FN:177,(anonymous_14)
FNF:15
FNH:14
FNDA:8,runRenderCommand
FNDA:0,(anonymous_1)
FNDA:4,(anonymous_2)
FNDA:7,(anonymous_3)
FNDA:1,(anonymous_4)
FNDA:2,(anonymous_5)
FNDA:3,(anonymous_6)
FNDA:13,(anonymous_7)
FNDA:1,(anonymous_8)
FNDA:1,(anonymous_9)
FNDA:9,(anonymous_10)
FNDA:10,(anonymous_11)
FNDA:10,(anonymous_12)
FNDA:2,(anonymous_13)
FNDA:2,(anonymous_14)
DA:41,8
DA:42,8
DA:43,8
DA:49,8
DA:50,0
DA:54,8
DA:55,8
DA:57,8
DA:61,8
DA:62,1
DA:70,7
DA:71,4
DA:72,5
DA:73,4
DA:74,4
DA:75,7
DA:76,1
DA:81,1
DA:84,1
DA:85,3
DA:87,1
DA:88,0
DA:90,1
DA:104,6
DA:106,6
DA:107,13
DA:108,8
DA:109,0
DA:112,8
DA:114,1
DA:115,1
DA:116,9
DA:118,8
DA:119,0
DA:122,8
DA:123,8
DA:131,8
DA:132,10
DA:134,8
DA:135,10
DA:138,8
DA:147,8
DA:148,4
DA:149,4
DA:150,2
DA:155,2
DA:156,2
DA:161,6
DA:162,1
DA:163,1
DA:164,2
DA:174,1
DA:175,1
DA:176,2
DA:177,2
DA:178,1
DA:185,1
DA:192,6
DA:193,1
DA:208,6
LF:60
LH:56
BRDA:39,0,0,8
BRDA:54,1,0,8
BRDA:54,1,1,4
BRDA:55,2,0,8
BRDA:55,2,1,7
BRDA:57,3,0,8
BRDA:57,3,1,6
BRDA:57,3,2,2
BRDA:61,4,0,1
BRDA:61,4,1,7
BRDA:70,5,0,2
BRDA:70,5,1,5
BRDA:72,6,0,4
BRDA:72,6,1,1
BRDA:75,7,0,1
BRDA:75,7,1,3
BRDA:87,8,0,0
BRDA:87,8,1,1
BRDA:108,9,0,0
BRDA:108,9,1,8
BRDA:112,10,0,1
BRDA:112,10,1,7
BRDA:118,11,0,0
BRDA:118,11,1,8
BRDA:122,12,0,8
BRDA:122,12,1,7
BRDA:147,13,0,4
BRDA:147,13,1,4
BRDA:147,14,0,8
BRDA:147,14,1,4
BRDA:149,15,0,2
BRDA:149,15,1,2
BRDA:161,16,0,1
BRDA:161,16,1,5
BRDA:161,17,0,6
BRDA:161,17,1,2
BRDA:161,18,0,6
BRDA:161,18,1,4
BRDA:161,19,0,2
BRDA:161,19,1,1
BRDA:174,20,0,1
BRDA:174,20,1,0
BRDA:186,21,0,0
BRDA:186,21,1,1
BRDA:192,22,0,1
BRDA:192,22,1,5
BRDA:192,23,0,6
BRDA:192,23,1,4
BRF:48
BRH:43
end_of_record
TN:
SF:src/cli/commands/validate.ts
FN:22,runValidateCommand
FNF:1
FNH:1
FNDA:10,runValidateCommand
DA:26,10
DA:27,10
DA:28,10
DA:31,10
DA:32,10
DA:34,10
DA:35,1
DA:36,0
DA:37,0
DA:38,0
DA:42,1
DA:43,1
DA:44,1
DA:45,1
DA:49,1
DA:63,9
DA:64,5
DA:65,5
DA:82,4
DA:83,1
DA:89,9
LF:21
LH:18
BRDA:24,0,0,10
BRDA:34,1,0,1
BRDA:34,1,1,9
BRDA:35,2,0,0
BRDA:35,2,1,1
BRDA:42,3,0,1
BRDA:42,3,1,0
BRDA:63,4,0,5
BRDA:63,4,1,4
BRDA:63,5,0,9
BRDA:63,5,1,3
BRDA:82,6,0,1
BRDA:82,6,1,3
BRF:13
BRH:11
end_of_record
TN:
SF:src/cli/commands/verify.ts
FN:48,buildCurrentSnapshot
FN:88,runVerifyCommand
FNF:2
FNH:2
FNDA:10,buildCurrentSnapshot
FNDA:17,runVerifyCommand
DA:52,10
DA:54,10
DA:55,10
DA:61,10
DA:84,0
DA:92,17
DA:93,17
DA:94,17
DA:97,17
DA:101,17
DA:102,17
DA:112,17
DA:113,17
DA:114,17
DA:116,17
DA:118,17
DA:119,17
DA:120,10
DA:123,10
DA:124,10
DA:125,10
DA:126,10
DA:127,10
DA:130,10
DA:132,0
DA:135,0
DA:136,0
DA:144,10
DA:146,0
DA:148,0
DA:149,0
DA:150,10
DA:152,0
DA:153,0
DA:154,0
DA:160,10
DA:162,10
DA:163,10
DA:164,10
DA:165,10
DA:167,10
DA:171,10
DA:172,10
DA:173,10
DA:175,0
DA:177,0
DA:178,0
DA:180,10
DA:186,10
DA:187,10
DA:190,10
DA:191,5
DA:192,5
DA:193,5
DA:194,3
DA:196,5
DA:197,5
DA:200,10
DA:201,5
DA:218,10
DA:220,7
DA:222,3
DA:240,3
DA:255,3
DA:256,3
DA:257,3
DA:258,3
DA:261,3
DA:267,3
DA:268,3
DA:269,3
DA:270,3
DA:274,3
DA:275,3
DA:278,4
LF:75
LH:62
BRDA:50,0,0,10
BRDA:52,1,0,0
BRDA:52,1,1,10
BRDA:79,2,0,0
BRDA:79,2,1,10
BRDA:90,3,0,17
BRDA:94,4,0,8
BRDA:94,4,1,9
BRDA:101,5,0,17
BRDA:101,5,1,13
BRDA:102,6,0,8
BRDA:102,6,1,9
BRDA:130,7,0,0
BRDA:130,7,1,10
BRDA:133,8,0,0
BRDA:133,8,1,0
BRDA:134,9,0,0
BRDA:134,9,1,0
BRDA:144,10,0,0
BRDA:144,10,1,10
BRDA:150,11,0,0
BRDA:150,11,1,10
BRDA:162,12,0,10
BRDA:162,12,1,0
BRDA:164,13,0,10
BRDA:164,13,1,0
BRDA:165,14,0,10
BRDA:165,14,1,0
BRDA:171,15,0,10
BRDA:171,15,1,0
BRDA:186,16,0,10
BRDA:186,16,1,0
BRDA:190,17,0,5
BRDA:190,17,1,5
BRDA:190,18,0,10
BRDA:190,18,1,1
BRDA:193,19,0,3
BRDA:193,19,1,2
BRDA:200,20,0,5
BRDA:200,20,1,5
BRDA:200,21,0,10
BRDA:200,21,1,1
BRDA:205,22,0,5
BRDA:205,22,1,4
BRDA:206,23,0,5
BRDA:206,23,1,5
BRDA:207,24,0,5
BRDA:207,24,1,4
BRDA:213,25,0,0
BRDA:213,25,1,5
BRDA:220,26,0,3
BRDA:220,26,1,4
BRDA:220,27,0,7
BRDA:220,27,1,0
BRDA:222,28,0,3
BRDA:222,28,1,0
BRDA:242,29,0,3
BRDA:242,29,1,2
BRDA:243,30,0,3
BRDA:243,30,1,3
BRDA:244,31,0,3
BRDA:244,31,1,3
BRDA:251,32,0,3
BRDA:251,32,1,0
BRDA:255,33,0,3
BRDA:255,33,1,0
BRDA:267,34,0,3
BRDA:267,34,1,0
BRDA:269,35,0,3
BRDA:269,35,1,0
BRDA:275,36,0,3
BRDA:275,36,1,0
BRF:72
BRH:50
end_of_record
TN:
SF:src/cli/commands/notes/run.ts
FN:58,runNotesCommand
FN:65,(anonymous_1)
FN:66,(anonymous_2)
FN:67,(anonymous_3)
FN:68,(anonymous_4)
FN:326,(anonymous_5)
FN:332,(anonymous_6)
FN:373,(anonymous_7)
FN:645,(anonymous_8)
FN:765,(anonymous_9)
FN:766,(anonymous_10)
FN:768,(anonymous_11)
FN:769,(anonymous_12)
FN:771,(anonymous_13)
FN:772,(anonymous_14)
FN:774,(anonymous_15)
FN:775,(anonymous_16)
FN:842,(anonymous_17)
FN:844,(anonymous_18)
FN:847,(anonymous_19)
FN:853,(anonymous_20)
FN:854,(anonymous_21)
FN:861,(anonymous_22)
FN:872,(anonymous_23)
FN:874,(anonymous_24)
FNF:25
FNH:18
FNDA:77,runNotesCommand
FNDA:145,(anonymous_1)
FNDA:19,(anonymous_2)
FNDA:8,(anonymous_3)
FNDA:33,(anonymous_4)
FNDA:2,(anonymous_5)
FNDA:0,(anonymous_6)
FNDA:2,(anonymous_7)
FNDA:1,(anonymous_8)
FNDA:1,(anonymous_9)
FNDA:0,(anonymous_10)
FNDA:1,(anonymous_11)
FNDA:0,(anonymous_12)
FNDA:1,(anonymous_13)
FNDA:0,(anonymous_14)
FNDA:1,(anonymous_15)
FNDA:0,(anonymous_16)
FNDA:6,(anonymous_17)
FNDA:1,(anonymous_18)
FNDA:5,(anonymous_19)
FNDA:1,(anonymous_20)
FNDA:0,(anonymous_21)
FNDA:1,(anonymous_22)
FNDA:1,(anonymous_23)
FNDA:0,(anonymous_24)
DA:62,77
DA:63,77
DA:64,77
DA:65,145
DA:66,77
DA:67,77
DA:68,77
DA:69,77
DA:71,77
DA:72,27
DA:73,2
DA:76,25
DA:83,25
DA:84,16
DA:92,9
DA:93,9
DA:94,9
DA:95,9
DA:96,1
DA:100,25
DA:103,50
DA:104,5
DA:105,1
DA:108,4
DA:113,4
DA:114,1
DA:119,3
DA:120,3
DA:121,3
DA:122,3
DA:123,1
DA:125,3
DA:126,1
DA:128,3
DA:129,3
DA:130,3
DA:133,4
DA:136,45
DA:137,4
DA:138,1
DA:140,3
DA:145,1
DA:151,2
DA:159,2
DA:160,1
DA:168,1
DA:169,1
DA:170,1
DA:171,1
DA:172,0
DA:176,2
DA:179,41
DA:180,4
DA:181,0
DA:183,4
DA:184,1
DA:187,3
DA:192,3
DA:193,1
DA:202,2
DA:203,2
DA:204,2
DA:205,2
DA:206,2
DA:207,0
DA:211,3
DA:214,37
DA:215,4
DA:216,1
DA:219,3
DA:224,3
DA:225,1
DA:232,2
DA:233,2
DA:234,2
DA:237,3
DA:240,33
DA:241,4
DA:243,4
DA:244,1
DA:250,3
DA:251,1
DA:252,1
DA:255,2
DA:256,2
DA:257,3
DA:258,3
DA:259,0
DA:264,3
DA:267,29
DA:268,2
DA:269,1
DA:270,1
DA:271,1
DA:277,0
DA:278,0
DA:279,0
DA:284,1
DA:287,1
DA:288,2
DA:292,1
DA:300,2
DA:301,1
DA:308,0
DA:309,0
DA:310,0
DA:312,0
DA:313,0
DA:316,0
DA:319,0
DA:320,0
DA:326,1
DA:327,2
DA:329,1
DA:330,1
DA:332,0
DA:335,27
DA:336,3
DA:337,1
DA:340,2
DA:341,2
DA:343,2
DA:344,0
DA:347,2
DA:349,2
DA:350,0
DA:358,2
DA:359,2
DA:360,1
DA:362,1
DA:363,1
DA:368,2
DA:371,24
DA:372,3
DA:373,3
DA:374,2
DA:375,2
DA:381,3
DA:382,1
DA:388,2
DA:389,1
DA:390,1
DA:393,1
DA:394,1
DA:395,1
DA:399,2
DA:402,21
DA:403,3
DA:404,1
DA:407,2
DA:408,2
DA:410,2
DA:411,0
DA:414,2
DA:416,2
DA:417,1
DA:425,1
DA:426,1
DA:427,1
DA:429,0
DA:430,0
DA:435,2
DA:438,18
DA:439,4
DA:441,4
DA:442,3
DA:443,3
DA:444,0
DA:447,3
DA:448,3
DA:450,3
DA:451,1
DA:461,2
DA:462,2
DA:463,2
DA:464,1
DA:466,1
DA:467,1
DA:471,2
DA:472,2
DA:473,0
DA:475,2
DA:477,2
DA:480,2
DA:485,3
DA:488,1
DA:490,1
DA:491,0
DA:497,1
DA:498,1
DA:500,0
DA:501,0
DA:503,0
DA:506,0
DA:513,1
DA:516,14
DA:517,5
DA:519,5
DA:520,1
DA:525,4
DA:526,4
DA:527,4
DA:530,4
DA:533,4
DA:536,4
DA:540,4
DA:541,2
DA:542,2
DA:543,2
DA:547,4
DA:548,0
DA:549,0
DA:550,0
DA:551,0
DA:552,0
DA:557,4
DA:558,0
DA:559,0
DA:560,0
DA:566,4
DA:567,2
DA:568,2
DA:569,2
DA:573,4
DA:574,1
DA:575,1
DA:576,1
DA:582,4
DA:583,0
DA:586,0
DA:588,0
DA:591,0
DA:597,4
DA:598,1
DA:601,1
DA:603,1
DA:606,1
DA:612,4
DA:613,1
DA:616,1
DA:617,1
DA:623,4
DA:624,2
DA:626,2
DA:627,2
DA:631,3
DA:634,9
DA:635,1
DA:636,1
DA:646,1
DA:650,1
DA:651,1
DA:653,0
DA:654,0
DA:655,0
DA:656,0
DA:659,0
DA:660,0
DA:664,1
DA:667,8
DA:668,2
DA:670,2
DA:671,1
DA:676,1
DA:677,1
DA:681,1
DA:682,1
DA:683,1
DA:684,37
DA:687,0
DA:691,2
DA:694,6
DA:695,3
DA:696,1
DA:697,1
DA:702,1
DA:705,2
DA:706,0
DA:713,2
DA:714,3
DA:715,2
DA:717,2
DA:718,0
DA:721,2
DA:723,2
DA:724,1
DA:733,1
DA:736,1
DA:737,0
DA:739,1
DA:740,1
DA:745,2
DA:748,3
DA:749,1
DA:750,1
DA:751,0
DA:754,1
DA:755,1
DA:756,1
DA:757,0
DA:760,1
DA:761,1
DA:762,1
DA:763,1
DA:764,1
DA:765,1
DA:766,0
DA:767,1
DA:768,1
DA:769,0
DA:770,1
DA:771,1
DA:772,0
DA:773,1
DA:774,1
DA:775,0
DA:777,1
DA:801,1
DA:802,1
DA:804,0
DA:805,0
DA:806,0
DA:807,0
DA:809,0
DA:810,0
DA:811,0
DA:812,0
DA:813,0
DA:814,0
DA:815,0
DA:816,0
DA:817,0
DA:818,0
DA:819,0
DA:820,0
DA:821,0
DA:822,0
DA:823,0
DA:826,1
DA:829,2
DA:830,1
DA:831,1
DA:832,0
DA:838,1
DA:839,1
DA:842,6
DA:843,1
DA:846,1
DA:847,1
DA:848,5
DA:851,1
DA:853,1
DA:856,0
DA:861,1
DA:870,1
DA:872,1
DA:874,0
DA:876,1
DA:881,1
DA:900,1
DA:901,1
DA:903,0
DA:904,0
DA:905,0
DA:906,0
DA:907,0
DA:909,0
DA:910,0
DA:911,0
DA:912,0
DA:913,0
DA:915,0
DA:916,0
DA:919,1
DA:922,1
LF:375
LH:285
BRDA:60,0,0,77
BRDA:63,1,0,77
BRDA:63,1,1,0
BRDA:69,2,0,77
BRDA:69,2,1,0
BRDA:71,3,0,27
BRDA:71,3,1,50
BRDA:72,4,0,2
BRDA:72,4,1,25
BRDA:78,5,0,25
BRDA:78,5,1,22
BRDA:83,6,0,16
BRDA:83,6,1,9
BRDA:83,7,0,25
BRDA:83,7,1,9
BRDA:89,8,0,16
BRDA:89,8,1,14
BRDA:95,9,0,1
BRDA:95,9,1,8
BRDA:95,10,0,9
BRDA:95,10,1,1
BRDA:103,11,0,5
BRDA:103,11,1,45
BRDA:104,12,0,1
BRDA:104,12,1,4
BRDA:113,13,0,1
BRDA:113,13,1,3
BRDA:113,14,0,4
BRDA:113,14,1,3
BRDA:122,15,0,1
BRDA:122,15,1,2
BRDA:125,16,0,1
BRDA:125,16,1,2
BRDA:136,17,0,4
BRDA:136,17,1,41
BRDA:137,18,0,1
BRDA:137,18,1,3
BRDA:140,19,0,1
BRDA:140,19,1,2
BRDA:141,20,0,3
BRDA:141,20,1,3
BRDA:141,20,2,2
BRDA:159,21,0,1
BRDA:159,21,1,1
BRDA:159,22,0,2
BRDA:159,22,1,1
BRDA:171,23,0,0
BRDA:171,23,1,1
BRDA:179,24,0,4
BRDA:179,24,1,37
BRDA:180,25,0,0
BRDA:180,25,1,4
BRDA:183,26,0,1
BRDA:183,26,1,3
BRDA:192,27,0,1
BRDA:192,27,1,2
BRDA:192,28,0,3
BRDA:192,28,1,2
BRDA:206,29,0,0
BRDA:206,29,1,2
BRDA:214,30,0,4
BRDA:214,30,1,33
BRDA:215,31,0,1
BRDA:215,31,1,3
BRDA:224,32,0,1
BRDA:224,32,1,2
BRDA:224,33,0,3
BRDA:224,33,1,2
BRDA:240,34,0,4
BRDA:240,34,1,29
BRDA:243,35,0,1
BRDA:243,35,1,3
BRDA:243,36,0,4
BRDA:243,36,1,2
BRDA:250,37,0,1
BRDA:250,37,1,2
BRDA:258,38,0,0
BRDA:258,38,1,3
BRDA:267,39,0,2
BRDA:267,39,1,27
BRDA:268,40,0,1
BRDA:268,40,1,1
BRDA:270,41,0,1
BRDA:270,41,1,0
BRDA:270,42,0,1
BRDA:270,42,1,0
BRDA:287,43,0,1
BRDA:287,43,1,1
BRDA:289,44,0,0
BRDA:289,44,1,1
BRDA:292,45,0,1
BRDA:292,45,1,0
BRDA:296,46,0,1
BRDA:296,46,1,0
BRDA:300,47,0,1
BRDA:300,47,1,0
BRDA:300,48,0,2
BRDA:300,48,1,0
BRDA:309,49,0,0
BRDA:309,49,1,0
BRDA:314,50,0,0
BRDA:314,50,1,0
BRDA:319,51,0,0
BRDA:319,51,1,0
BRDA:329,52,0,1
BRDA:329,52,1,0
BRDA:329,53,0,1
BRDA:329,53,1,1
BRDA:332,54,0,0
BRDA:332,54,1,0
BRDA:335,55,0,3
BRDA:335,55,1,24
BRDA:336,56,0,1
BRDA:336,56,1,2
BRDA:343,57,0,0
BRDA:343,57,1,2
BRDA:349,58,0,0
BRDA:349,58,1,2
BRDA:349,59,0,2
BRDA:349,59,1,2
BRDA:359,60,0,1
BRDA:359,60,1,1
BRDA:371,61,0,3
BRDA:371,61,1,21
BRDA:377,62,0,2
BRDA:377,62,1,0
BRDA:381,63,0,1
BRDA:381,63,1,2
BRDA:381,64,0,3
BRDA:381,64,1,2
BRDA:388,65,0,1
BRDA:388,65,1,1
BRDA:402,66,0,3
BRDA:402,66,1,18
BRDA:403,67,0,1
BRDA:403,67,1,2
BRDA:410,68,0,0
BRDA:410,68,1,2
BRDA:416,69,0,1
BRDA:416,69,1,1
BRDA:416,70,0,2
BRDA:416,70,1,1
BRDA:426,71,0,1
BRDA:426,71,1,0
BRDA:438,72,0,4
BRDA:438,72,1,14
BRDA:441,73,0,3
BRDA:441,73,1,1
BRDA:443,74,0,0
BRDA:443,74,1,3
BRDA:450,75,0,1
BRDA:450,75,1,2
BRDA:450,76,0,3
BRDA:450,76,1,2
BRDA:463,77,0,1
BRDA:463,77,1,1
BRDA:472,78,0,0
BRDA:472,78,1,2
BRDA:477,79,0,0
BRDA:477,79,1,2
BRDA:490,80,0,0
BRDA:490,80,1,1
BRDA:490,81,0,1
BRDA:490,81,1,1
BRDA:497,82,0,1
BRDA:497,82,1,0
BRDA:503,83,0,0
BRDA:503,83,1,0
BRDA:516,84,0,5
BRDA:516,84,1,9
BRDA:519,85,0,1
BRDA:519,85,1,4
BRDA:519,86,0,5
BRDA:519,86,1,3
BRDA:540,87,0,2
BRDA:540,87,1,2
BRDA:547,88,0,0
BRDA:547,88,1,4
BRDA:557,89,0,0
BRDA:557,89,1,4
BRDA:566,90,0,2
BRDA:566,90,1,2
BRDA:573,91,0,1
BRDA:573,91,1,3
BRDA:582,92,0,0
BRDA:582,92,1,4
BRDA:588,93,0,0
BRDA:588,93,1,0
BRDA:590,94,0,0
BRDA:590,94,1,0
BRDA:597,95,0,1
BRDA:597,95,1,3
BRDA:603,96,0,1
BRDA:603,96,1,0
BRDA:612,97,0,1
BRDA:612,97,1,3
BRDA:623,98,0,2
BRDA:623,98,1,2
BRDA:631,99,0,3
BRDA:631,99,1,0
BRDA:634,100,0,1
BRDA:634,100,1,8
BRDA:639,101,0,1
BRDA:639,101,1,1
BRDA:639,101,2,1
BRDA:650,102,0,1
BRDA:650,102,1,0
BRDA:650,103,0,1
BRDA:650,103,1,0
BRDA:659,104,0,0
BRDA:659,104,1,0
BRDA:664,105,0,1
BRDA:664,105,1,0
BRDA:667,106,0,2
BRDA:667,106,1,6
BRDA:670,107,0,1
BRDA:670,107,1,1
BRDA:670,108,0,2
BRDA:670,108,1,1
BRDA:681,109,0,1
BRDA:681,109,1,0
BRDA:694,110,0,3
BRDA:694,110,1,3
BRDA:695,111,0,1
BRDA:695,111,1,2
BRDA:695,112,0,3
BRDA:695,112,1,1
BRDA:705,113,0,0
BRDA:705,113,1,2
BRDA:713,114,0,0
BRDA:713,114,1,2
BRDA:713,115,0,2
BRDA:713,115,1,0
BRDA:717,116,0,0
BRDA:717,116,1,2
BRDA:723,117,0,1
BRDA:723,117,1,1
BRDA:723,118,0,2
BRDA:723,118,1,1
BRDA:734,119,0,0
BRDA:734,119,1,1
BRDA:736,120,0,0
BRDA:736,120,1,1
BRDA:748,121,0,1
BRDA:748,121,1,2
BRDA:749,122,0,1
BRDA:749,122,1,0
BRDA:750,123,0,0
BRDA:750,123,1,1
BRDA:756,124,0,0
BRDA:756,124,1,1
BRDA:763,125,0,1
BRDA:763,125,1,0
BRDA:765,126,0,1
BRDA:765,126,1,0
BRDA:789,127,0,1
BRDA:789,127,1,0
BRDA:801,128,0,1
BRDA:801,128,1,0
BRDA:801,129,0,1
BRDA:801,129,1,0
BRDA:806,130,0,0
BRDA:806,130,1,0
BRDA:829,131,0,1
BRDA:829,131,1,1
BRDA:830,132,0,1
BRDA:830,132,1,0
BRDA:831,133,0,0
BRDA:831,133,1,1
BRDA:846,134,0,1
BRDA:846,134,1,0
BRDA:848,135,0,2
BRDA:848,135,1,3
BRDA:856,136,0,0
BRDA:856,136,1,0
BRDA:876,137,0,0
BRDA:876,137,1,1
BRDA:878,138,0,1
BRDA:878,138,1,0
BRDA:891,139,0,0
BRDA:891,139,1,1
BRDA:895,140,0,0
BRDA:895,140,1,1
BRDA:900,141,0,1
BRDA:900,141,1,0
BRDA:900,142,0,1
BRDA:900,142,1,0
BRDA:911,143,0,0
BRDA:911,143,1,0
BRF:289
BRH:211
end_of_record
TN:
SF:src/config/defaults.ts
FNF:0
FNH:0
DA:4,70
DA:6,70
DA:19,70
DA:109,70
DA:111,70
DA:121,70
LF:6
LH:6
BRF:0
BRH:0
end_of_record
TN:
SF:src/config/display.ts
FN:14,expectTimePalette
FN:35,(anonymous_1)
FN:67,validateListDisplayConfig
FNF:3
FNH:3
FNDA:11,expectTimePalette
FNDA:47,(anonymous_1)
FNDA:7,validateListDisplayConfig
DA:4,71
DA:19,11
DA:20,2
DA:23,9
DA:24,1
DA:29,8
DA:30,2
DA:35,6
DA:36,47
DA:42,1
DA:46,46
DA:49,6
DA:50,31
DA:51,31
DA:52,31
DA:53,1
DA:57,30
DA:58,1
DA:64,3
DA:71,7
DA:72,2
DA:76,5
DA:77,1
DA:81,4
DA:82,1
LF:25
LH:25
BRDA:19,0,0,2
BRDA:19,0,1,9
BRDA:23,1,0,1
BRDA:23,1,1,8
BRDA:29,2,0,2
BRDA:29,2,1,6
BRDA:29,3,0,8
BRDA:29,3,1,6
BRDA:36,4,0,1
BRDA:36,4,1,46
BRDA:37,5,0,47
BRDA:37,5,1,47
BRDA:37,5,2,46
BRDA:37,5,3,46
BRDA:52,6,0,1
BRDA:52,6,1,30
BRDA:52,7,0,31
BRDA:52,7,1,30
BRDA:57,8,0,1
BRDA:57,8,1,29
BRDA:69,9,0,7
BRDA:71,10,0,2
BRDA:71,10,1,5
BRDA:76,11,0,1
BRDA:76,11,1,4
BRDA:81,12,0,1
BRDA:81,12,1,3
BRF:27
BRH:27
end_of_record
TN:
SF:src/config/env.ts
FN:53,readEnumVar
FN:81,setCLIOverrides
FN:86,getCLIOverrides
FN:100,readEnvOverrides
FNF:4
FNH:4
FNDA:1010,readEnumVar
FNDA:39,setCLIOverrides
FNDA:247,getCLIOverrides
FNDA:257,readEnvOverrides
DA:41,62
DA:42,62
DA:46,62
DA:51,62
DA:58,1010
DA:59,1010
DA:61,13
DA:62,4
DA:67,9
DA:74,62
DA:82,39
DA:87,247
DA:103,257
DA:104,257
DA:106,257
DA:109,4
DA:110,4
DA:111,4
DA:113,253
DA:114,253
DA:116,252
DA:121,252
DA:122,1
DA:125,251
DA:130,251
DA:131,2
DA:136,254
DA:141,254
DA:143,253
LF:29
LH:29
BRDA:59,0,0,997
BRDA:59,0,1,13
BRDA:61,1,0,4
BRDA:61,1,1,9
BRDA:101,2,0,257
BRDA:106,3,0,4
BRDA:106,3,1,253
BRDA:106,4,0,257
BRDA:106,4,1,254
BRDA:114,5,0,4
BRDA:114,5,1,249
BRDA:121,6,0,1
BRDA:121,6,1,251
BRDA:130,7,0,2
BRDA:130,7,1,249
BRDA:141,8,0,2
BRDA:141,8,1,252
BRF:17
BRH:17
end_of_record
TN:
SF:src/config/load.ts
FN:75,formatPrecedenceChain
FN:82,isPlainObject
FN:86,cloneRawValue
FN:88,(anonymous_3)
FN:102,mergeRawValues
FN:105,(anonymous_5)
FN:106,(anonymous_6)
FN:142,mergeInheritedConfig
FN:156,loadConfigInput
FN:181,expectString
FN:188,expectBoolean
FN:204,expectPositiveInteger
FN:211,expectStringArray
FN:222,(anonymous_13)
FN:230,assertValidRegexPattern
FN:247,expectEnum
FN:266,expectFileExtension
FN:282,parseOutputExtensions
FN:328,parseHandoverConfig
FN:347,expectBoundedInteger
FN:367,parseNotesConfig
FN:410,parseNotesFrontmatterConfig
FN:415,(anonymous_22)
FN:434,(anonymous_23)
FN:465,(anonymous_24)
FN:478,parseScannerConfig
FN:484,(anonymous_26)
FN:512,emitWarning
FN:523,deduplicatePatterns
FN:541,(anonymous_29)
FN:566,normalizeSection
FN:648,resolveTemplate
FN:652,expandEnvironmentVariables
FN:654,(anonymous_33)
FN:668,expandHomeDirectory
FN:680,resolveConfigPath
FN:699,emitBehaviorLog
FN:719,resolveCategory
FN:773,buildCxConfigFromParsedInput
FN:1191,loadCxConfig
FN:1207,loadCxConfigFromTomlString
FNF:41
FNH:40
FNDA:3,formatPrecedenceChain
FNDA:4315,isPlainObject
FNDA:3275,cloneRawValue
FNDA:122,(anonymous_3)
FNDA:169,mergeRawValues
FNDA:5,(anonymous_5)
FNDA:29,(anonymous_6)
FNDA:39,mergeInheritedConfig
FNDA:371,loadConfigInput
FNDA:3253,expectString
FNDA:6978,expectBoolean
FNDA:207,expectPositiveInteger
FNDA:3891,expectStringArray
FNDA:1500,(anonymous_13)
FNDA:18,assertValidRegexPattern
FNDA:3727,expectEnum
FNDA:811,expectFileExtension
FNDA:336,parseOutputExtensions
FNDA:332,parseHandoverConfig
FNDA:335,expectBoundedInteger
FNDA:338,parseNotesConfig
FNDA:338,parseNotesFrontmatterConfig
FNDA:548,(anonymous_22)
FNDA:804,(anonymous_23)
FNDA:18,(anonymous_24)
FNDA:332,parseScannerConfig
FNDA:332,(anonymous_26)
FNDA:0,emitWarning
FNDA:2469,deduplicatePatterns
FNDA:5,(anonymous_29)
FNDA:572,normalizeSection
FNDA:1707,resolveTemplate
FNDA:713,expandEnvironmentVariables
FNDA:5,(anonymous_33)
FNDA:711,expandHomeDirectory
FNDA:713,resolveConfigPath
FNDA:101,emitBehaviorLog
FNDA:1398,resolveCategory
FNDA:360,buildCxConfigFromParsedInput
FNDA:330,loadCxConfig
FNDA:32,loadCxConfigFromTomlString
DA:36,60
DA:37,60
DA:38,60
DA:39,60
DA:43,60
DA:48,60
DA:49,60
DA:54,60
DA:55,60
DA:56,60
DA:58,60
DA:60,60
DA:76,3
DA:83,4315
DA:87,3275
DA:88,394
DA:91,2881
DA:92,798
DA:93,798
DA:94,2253
DA:96,798
DA:99,2083
DA:103,169
DA:104,29
DA:105,5
DA:106,29
DA:110,140
DA:111,103
DA:112,103
DA:117,103
DA:118,959
DA:119,959
DA:121,959
DA:122,765
DA:123,765
DA:126,194
DA:127,64
DA:128,64
DA:131,130
DA:134,103
DA:137,37
DA:146,39
DA:148,39
DA:149,0
DA:152,39
DA:153,39
DA:160,371
DA:161,371
DA:162,371
DA:164,371
DA:165,43
DA:167,43
DA:168,2
DA:173,41
DA:174,41
DA:175,39
DA:178,328
DA:182,3253
DA:183,1
DA:185,3252
DA:193,6978
DA:194,2742
DA:197,4236
DA:198,0
DA:201,4236
DA:205,207
DA:206,2
DA:208,205
DA:216,3891
DA:217,1014
DA:220,2877
DA:222,1500
DA:224,0
DA:227,2877
DA:231,18
DA:232,0
DA:235,18
DA:236,18
DA:237,18
DA:238,18
DA:239,18
DA:241,0
DA:253,3727
DA:254,747
DA:257,2980
DA:258,5
DA:263,2975
DA:267,811
DA:268,811
DA:269,2
DA:271,809
DA:272,0
DA:274,809
DA:275,0
DA:279,809
DA:285,336
DA:286,336
DA:287,336
DA:288,131
DA:290,205
DA:295,0
DA:298,205
DA:299,205
DA:300,205
DA:301,808
DA:302,1
DA:308,204
DA:331,332
DA:353,335
DA:359,0
DA:364,335
DA:369,338
DA:377,338
DA:382,338
DA:387,338
DA:393,338
DA:394,0
DA:399,338
DA:401,338
DA:411,338
DA:412,338
DA:413,137
DA:415,548
DA:423,201
DA:424,0
DA:427,201
DA:428,201
DA:429,0
DA:433,201
DA:434,804
DA:440,201
DA:441,750
DA:442,0
DA:447,750
DA:448,750
DA:454,750
DA:459,750
DA:465,750
DA:466,18
DA:472,750
DA:475,201
DA:479,332
DA:484,332
DA:485,332
DA:487,332
DA:488,0
DA:493,332
DA:513,0
DA:528,2469
DA:529,2469
DA:531,2469
DA:532,1736
DA:533,5
DA:535,1731
DA:539,2469
DA:541,5
DA:542,5
DA:544,5
DA:545,3
DA:559,2
DA:560,0
DA:563,2
DA:571,572
DA:572,0
DA:575,572
DA:581,572
DA:582,2
DA:588,570
DA:597,572
DA:602,572
DA:608,572
DA:610,572
DA:611,551
DA:615,551
DA:616,2
DA:620,549
DA:626,19
DA:629,567
DA:630,1
DA:634,567
DA:641,572
DA:642,4
DA:645,565
DA:649,1707
DA:653,713
DA:656,5
DA:657,5
DA:658,5
DA:659,2
DA:663,3
DA:669,711
DA:670,0
DA:673,711
DA:674,2
DA:677,709
DA:686,713
DA:687,713
DA:690,713
DA:700,101
DA:701,101
DA:736,1398
DA:738,1398
DA:739,208
DA:740,208
DA:741,100
DA:746,208
DA:749,1190
DA:750,43
DA:751,43
DA:752,43
DA:753,20
DA:758,43
DA:761,1147
DA:762,772
DA:763,772
DA:766,375
DA:780,360
DA:781,360
DA:783,360
DA:784,2
DA:787,358
DA:788,358
DA:790,358
DA:796,358
DA:802,358
DA:803,360
DA:804,360
DA:805,360
DA:806,360
DA:807,360
DA:808,360
DA:809,360
DA:810,360
DA:811,360
DA:812,360
DA:813,360
DA:814,360
DA:815,360
DA:816,360
DA:818,360
DA:819,2
DA:824,353
DA:829,1
DA:834,352
DA:836,360
DA:839,360
DA:848,360
DA:859,360
DA:868,360
DA:879,360
DA:888,360
DA:899,360
DA:908,360
DA:918,360
DA:923,360
DA:938,360
DA:939,360
DA:940,575
DA:941,3
DA:945,572
DA:952,338
DA:953,338
DA:954,4
DA:955,0
DA:963,338
DA:973,338
DA:983,338
DA:993,338
DA:1003,338
DA:1197,330
DA:1198,328
DA:1214,32
DA:1215,32
DA:1216,0
DA:1220,32
LF:275
LH:255
BRDA:77,0,0,3
BRDA:77,0,1,0
BRDA:83,1,0,4315
BRDA:83,1,1,2195
BRDA:83,1,2,2195
BRDA:87,2,0,394
BRDA:87,2,1,2881
BRDA:91,3,0,798
BRDA:91,3,1,2083
BRDA:103,4,0,29
BRDA:103,4,1,140
BRDA:103,5,0,169
BRDA:103,5,1,29
BRDA:110,6,0,103
BRDA:110,6,1,37
BRDA:110,7,0,140
BRDA:110,7,1,103
BRDA:121,8,0,765
BRDA:121,8,1,194
BRDA:126,9,0,64
BRDA:126,9,1,130
BRDA:137,10,0,0
BRDA:137,10,1,37
BRDA:148,11,0,0
BRDA:148,11,1,39
BRDA:164,12,0,43
BRDA:164,12,1,328
BRDA:167,13,0,2
BRDA:167,13,1,41
BRDA:182,14,0,1
BRDA:182,14,1,3252
BRDA:182,15,0,3253
BRDA:182,15,1,3252
BRDA:193,16,0,2742
BRDA:193,16,1,4236
BRDA:197,17,0,0
BRDA:197,17,1,4236
BRDA:205,18,0,2
BRDA:205,18,1,205
BRDA:205,19,0,207
BRDA:205,19,1,207
BRDA:205,19,2,205
BRDA:214,20,0,3891
BRDA:216,21,0,1014
BRDA:216,21,1,2877
BRDA:220,22,0,0
BRDA:220,22,1,2877
BRDA:221,23,0,2877
BRDA:221,23,1,2877
BRDA:222,24,0,1500
BRDA:222,24,1,1500
BRDA:231,25,0,0
BRDA:231,25,1,18
BRDA:231,26,0,18
BRDA:231,26,1,18
BRDA:239,27,0,0
BRDA:239,27,1,18
BRDA:242,28,0,0
BRDA:242,28,1,0
BRDA:253,29,0,747
BRDA:253,29,1,2980
BRDA:257,30,0,5
BRDA:257,30,1,2975
BRDA:257,31,0,2980
BRDA:257,31,1,2980
BRDA:268,32,0,2
BRDA:268,32,1,809
BRDA:271,33,0,0
BRDA:271,33,1,809
BRDA:274,34,0,0
BRDA:274,34,1,809
BRDA:287,35,0,131
BRDA:287,35,1,205
BRDA:290,36,0,0
BRDA:290,36,1,205
BRDA:291,37,0,205
BRDA:291,37,1,205
BRDA:291,37,2,205
BRDA:301,38,0,1
BRDA:301,38,1,807
BRDA:310,39,0,204
BRDA:310,39,1,1
BRDA:314,40,0,336
BRDA:314,40,1,1
BRDA:318,41,0,336
BRDA:318,41,1,1
BRDA:322,42,0,336
BRDA:322,42,1,1
BRDA:338,43,0,131
BRDA:338,43,1,201
BRDA:353,44,0,0
BRDA:353,44,1,335
BRDA:354,45,0,335
BRDA:354,45,1,335
BRDA:354,45,2,335
BRDA:354,45,3,335
BRDA:369,46,0,335
BRDA:369,46,1,3
BRDA:393,47,0,0
BRDA:393,47,1,338
BRDA:393,48,0,338
BRDA:393,48,1,1
BRDA:402,49,0,338
BRDA:402,49,1,3
BRDA:412,50,0,137
BRDA:412,50,1,201
BRDA:423,51,0,0
BRDA:423,51,1,201
BRDA:428,52,0,0
BRDA:428,52,1,201
BRDA:428,53,0,201
BRDA:428,53,1,201
BRDA:440,54,0,201
BRDA:440,54,1,0
BRDA:441,55,0,0
BRDA:441,55,1,750
BRDA:452,56,0,750
BRDA:452,56,1,0
BRDA:457,57,0,750
BRDA:457,57,1,0
BRDA:462,58,0,750
BRDA:462,58,1,0
BRDA:487,59,0,0
BRDA:487,59,1,332
BRDA:532,60,0,5
BRDA:532,60,1,1731
BRDA:539,61,0,2464
BRDA:539,61,1,5
BRDA:544,62,0,3
BRDA:544,62,1,2
BRDA:559,63,0,0
BRDA:559,63,1,2
BRDA:571,64,0,0
BRDA:571,64,1,572
BRDA:581,65,0,2
BRDA:581,65,1,570
BRDA:581,66,0,572
BRDA:581,66,1,21
BRDA:588,67,0,569
BRDA:588,67,1,1
BRDA:610,68,0,551
BRDA:610,68,1,19
BRDA:615,69,0,2
BRDA:615,69,1,549
BRDA:629,70,0,1
BRDA:629,70,1,566
BRDA:634,71,0,561
BRDA:634,71,1,6
BRDA:641,72,0,4
BRDA:641,72,1,568
BRDA:656,73,0,5
BRDA:656,73,1,4
BRDA:656,73,2,0
BRDA:658,74,0,2
BRDA:658,74,1,3
BRDA:669,75,0,0
BRDA:669,75,1,711
BRDA:673,76,0,2
BRDA:673,76,1,709
BRDA:700,77,0,101
BRDA:700,77,1,0
BRDA:738,78,0,208
BRDA:738,78,1,1190
BRDA:740,79,0,100
BRDA:740,79,1,108
BRDA:740,80,0,208
BRDA:740,80,1,178
BRDA:749,81,0,43
BRDA:749,81,1,1147
BRDA:750,82,0,22
BRDA:750,82,1,21
BRDA:752,83,0,20
BRDA:752,83,1,23
BRDA:752,84,0,43
BRDA:752,84,1,29
BRDA:761,85,0,772
BRDA:761,85,1,375
BRDA:783,86,0,2
BRDA:783,86,1,358
BRDA:802,87,0,358
BRDA:802,87,1,150
BRDA:803,88,0,360
BRDA:803,88,1,56
BRDA:804,89,0,360
BRDA:804,89,1,120
BRDA:805,90,0,360
BRDA:805,90,1,98
BRDA:806,91,0,360
BRDA:806,91,1,154
BRDA:807,92,0,360
BRDA:807,92,1,154
BRDA:808,93,0,360
BRDA:808,93,1,154
BRDA:809,94,0,360
BRDA:809,94,1,169
BRDA:810,95,0,360
BRDA:810,95,1,154
BRDA:811,96,0,360
BRDA:811,96,1,154
BRDA:812,97,0,360
BRDA:812,97,1,98
BRDA:813,98,0,360
BRDA:813,98,1,154
BRDA:814,99,0,360
BRDA:814,99,1,121
BRDA:815,100,0,360
BRDA:815,100,1,168
BRDA:818,101,0,2
BRDA:818,101,1,358
BRDA:824,102,0,1
BRDA:824,102,1,352
BRDA:825,103,0,353
BRDA:825,103,1,352
BRDA:825,103,2,352
BRDA:834,104,0,352
BRDA:834,104,1,323
BRDA:836,105,0,270
BRDA:836,105,1,82
BRDA:839,106,0,256
BRDA:839,106,1,96
BRDA:859,107,0,237
BRDA:859,107,1,114
BRDA:879,108,0,234
BRDA:879,108,1,116
BRDA:899,109,0,256
BRDA:899,109,1,93
BRDA:931,110,0,7
BRDA:931,110,1,341
BRDA:940,111,0,3
BRDA:940,111,1,572
BRDA:954,112,0,0
BRDA:954,112,1,4
BRDA:1091,113,0,338
BRDA:1091,113,1,148
BRDA:1104,114,0,360
BRDA:1104,114,1,131
BRDA:1112,115,0,360
BRDA:1112,115,1,131
BRDA:1127,116,0,360
BRDA:1127,116,1,131
BRDA:1137,117,0,360
BRDA:1137,117,1,131
BRDA:1143,118,0,360
BRDA:1143,118,1,131
BRDA:1149,119,0,0
BRDA:1149,119,1,332
BRDA:1193,120,0,330
BRDA:1194,121,0,330
BRDA:1195,122,0,330
BRDA:1210,123,0,32
BRDA:1211,124,0,32
BRDA:1212,125,0,32
BRDA:1215,126,0,0
BRDA:1215,126,1,32
BRF:254
BRH:224
end_of_record
TN:
SF:src/config/merge.ts
FN:30,mergeConfigs
FN:46,mergeValues
FN:136,validateMergeConfig
FNF:3
FNH:3
FNDA:18,mergeConfigs
FNDA:46,mergeValues
FNDA:6,validateMergeConfig
DA:37,18
DA:38,18
DA:40,18
DA:54,46
DA:55,1
DA:57,45
DA:58,0
DA:62,45
DA:63,9
DA:64,9
DA:71,9
DA:75,36
DA:76,10
DA:77,9
DA:85,10
DA:86,1
DA:90,9
DA:94,26
DA:95,1
DA:102,25
DA:103,25
DA:104,25
DA:107,25
DA:108,34
DA:112,25
DA:113,29
DA:115,29
DA:117,28
DA:126,1
DA:130,24
DA:140,6
DA:142,6
DA:143,4
DA:146,2
DA:149,2
DA:150,1
DA:151,1
DA:152,1
DA:156,2
LF:39
LH:38
BRDA:33,0,0,18
BRDA:54,1,0,1
BRDA:54,1,1,45
BRDA:57,2,0,0
BRDA:57,2,1,45
BRDA:62,3,0,9
BRDA:62,3,1,36
BRDA:62,4,0,45
BRDA:62,4,1,36
BRDA:63,5,0,9
BRDA:63,5,1,0
BRDA:65,6,0,9
BRDA:65,6,1,0
BRDA:75,7,0,10
BRDA:75,7,1,26
BRDA:75,8,0,36
BRDA:75,8,1,11
BRDA:76,9,0,9
BRDA:76,9,1,1
BRDA:76,10,0,10
BRDA:76,10,1,9
BRDA:78,11,0,9
BRDA:78,11,1,0
BRDA:85,12,0,1
BRDA:85,12,1,9
BRDA:94,13,0,1
BRDA:94,13,1,25
BRDA:113,14,0,9
BRDA:113,14,1,20
BRDA:115,15,0,28
BRDA:115,15,1,1
BRDA:142,16,0,4
BRDA:142,16,1,2
BRDA:142,17,0,6
BRDA:142,17,1,3
BRDA:149,18,0,1
BRDA:149,18,1,1
BRDA:149,19,0,2
BRDA:149,19,1,2
BRDA:151,20,0,1
BRDA:151,20,1,0
BRF:41
BRH:36
end_of_record
TN:
SF:src/config/projectName.ts
FN:3,assertSafeProjectName
FNF:1
FNH:1
FNDA:418,assertSafeProjectName
DA:4,418
DA:5,11
LF:2
LH:2
BRDA:4,0,0,11
BRDA:4,0,1,407
BRF:2
BRH:2
end_of_record
TN:
SF:src/config/user.ts
FN:17,expectPositiveInteger
FN:33,getUserConfigPath
FN:39,parseListDisplayConfig
FN:85,cloneDefaultUserConfig
FN:96,parseCxUserConfigInput
FN:116,loadCxUserConfigFromTomlString
FN:121,loadCxUserConfig
FNF:7
FNH:7
FNDA:24,expectPositiveInteger
FNDA:14,getUserConfigPath
FNDA:4,parseListDisplayConfig
FNDA:16,cloneDefaultUserConfig
FNDA:5,parseCxUserConfigInput
FNDA:4,loadCxUserConfigFromTomlString
FNDA:16,loadCxUserConfig
DA:22,24
DA:23,10
DA:26,14
DA:27,0
DA:30,14
DA:35,14
DA:36,14
DA:42,4
DA:43,4
DA:81,4
DA:82,4
DA:86,16
DA:99,5
DA:100,1
DA:103,4
DA:105,5
DA:109,5
DA:117,4
DA:118,4
DA:124,16
DA:125,15
DA:128,1
DA:129,1
LF:23
LH:22
BRDA:22,0,0,10
BRDA:22,0,1,14
BRDA:26,1,0,0
BRDA:26,1,1,14
BRDA:26,2,0,14
BRDA:26,2,1,14
BRDA:26,2,2,14
BRDA:35,3,0,14
BRDA:35,3,1,0
BRDA:99,4,0,1
BRDA:99,4,1,4
BRDA:103,5,0,4
BRDA:103,5,1,0
BRDA:105,6,0,4
BRDA:105,6,1,0
BRDA:105,7,0,5
BRDA:105,7,1,4
BRDA:122,8,0,16
BRDA:124,9,0,15
BRDA:124,9,1,1
BRF:20
BRH:16
end_of_record
TN:
SF:src/docs/compile.ts
FN:55,normalizeDocsCompileProfile
FN:69,hashContent
FN:73,collectSourceSpecRefs
FN:76,(anonymous_3)
FN:77,(anonymous_4)
FN:82,(anonymous_5)
FN:85,renderGeneratedDocsPage
FN:89,(anonymous_7)
FN:113,(anonymous_8)
FN:132,expectedPage
FN:147,(anonymous_10)
FN:148,(anonymous_11)
FN:150,(anonymous_12)
FN:151,(anonymous_13)
FN:175,compileDocsFromNotes
FN:191,(anonymous_15)
FN:198,checkDocsDrift
FNF:17
FNH:13
FNDA:5,normalizeDocsCompileProfile
FNDA:10,hashContent
FNDA:8,collectSourceSpecRefs
FNDA:8,(anonymous_3)
FNDA:0,(anonymous_4)
FNDA:0,(anonymous_5)
FNDA:5,renderGeneratedDocsPage
FNDA:5,(anonymous_7)
FNDA:0,(anonymous_8)
FNDA:5,expectedPage
FNDA:5,(anonymous_10)
FNDA:5,(anonymous_11)
FNDA:0,(anonymous_12)
FNDA:5,(anonymous_13)
FNDA:3,compileDocsFromNotes
FNDA:3,(anonymous_15)
FNDA:2,checkDocsDrift
DA:34,46
DA:40,46
DA:56,5
DA:61,5
DA:63,0
DA:70,10
DA:74,8
DA:77,8
DA:78,0
DA:82,0
DA:89,5
DA:90,5
DA:91,5
DA:103,5
DA:104,5
DA:105,5
DA:106,5
DA:107,5
DA:108,5
DA:109,5
DA:110,5
DA:111,5
DA:112,0
DA:113,0
DA:116,5
DA:117,5
DA:118,5
DA:122,5
DA:123,5
DA:124,5
DA:125,5
DA:126,5
DA:141,5
DA:142,5
DA:143,0
DA:145,5
DA:146,5
DA:147,5
DA:148,5
DA:150,0
DA:152,5
DA:161,5
DA:165,5
DA:180,3
DA:181,3
DA:184,3
DA:185,3
DA:186,3
DA:187,3
DA:191,3
DA:203,2
DA:204,2
DA:206,2
DA:207,2
DA:212,2
DA:213,0
DA:220,0
DA:222,2
DA:223,2
DA:224,1
DA:234,2
LF:61
LH:52
BRDA:56,0,0,5
BRDA:56,0,1,0
BRDA:57,1,0,5
BRDA:57,1,1,0
BRDA:57,1,2,0
BRDA:78,2,0,0
BRDA:78,2,1,0
BRDA:93,3,0,5
BRDA:93,3,1,0
BRDA:94,4,0,5
BRDA:94,4,1,5
BRDA:103,5,0,5
BRDA:103,5,1,0
BRDA:111,6,0,0
BRDA:111,6,1,5
BRDA:142,7,0,0
BRDA:142,7,1,5
BRDA:148,8,0,5
BRDA:148,8,1,0
BRDA:156,9,0,5
BRDA:156,9,1,0
BRDA:181,10,0,0
BRDA:181,10,1,3
BRDA:203,11,0,2
BRDA:203,11,1,0
BRDA:210,12,0,2
BRDA:210,12,1,2
BRDA:212,13,0,0
BRDA:212,13,1,2
BRDA:223,14,0,1
BRDA:223,14,1,1
BRF:31
BRH:17
end_of_record
[...]
DA:3,53
DA:4,53
DA:8,183
DA:10,183
DA:11,888
DA:12,888
DA:13,888
DA:14,3592
DA:15,3592
DA:16,0
DA:19,3592
DA:20,888
DA:21,888
DA:24,2704
DA:25,367
DA:27,2704
DA:31,183
DA:32,183
DA:33,550
DA:34,97
DA:36,367
DA:37,367
DA:39,550
DA:40,465
DA:42,888
DA:46,183
DA:47,183
DA:51,161
DA:64,161
DA:70,161
DA:71,157
DA:76,161
DA:80,8
DA:87,14
DA:97,183
DA:98,1255
DA:103,152
DA:146,9
DA:182,8
DA:231,22
DA:248,14
DA:285,19
DA:286,19
DA:287,19
DA:291,861
DA:292,34
DA:295,827
DA:296,827
DA:300,16
DA:301,16
DA:302,16
DA:304,16
LF:52
LH:51
BRDA:15,0,0,0
BRDA:15,0,1,3592
BRDA:19,1,0,888
BRDA:19,1,1,2704
BRDA:24,2,0,367
BRDA:24,2,1,2337
BRDA:51,3,0,4
BRDA:51,3,1,157
BRDA:70,4,0,157
BRDA:70,4,1,4
BRDA:285,5,0,19
BRDA:285,5,1,14
BRDA:291,6,0,34
BRDA:291,6,1,827
BRDA:296,7,0,2
BRDA:296,7,1,825
BRDA:301,8,0,16
BRDA:301,8,1,1
BRF:18
BRH:17
end_of_record
TN:
SF:src/render/native/json.ts
FN:5,renderNativeJsonSection
FNF:1
FNH:1
FNDA:12,renderNativeJsonSection
DA:9,12
DA:10,12
DA:12,12
DA:13,21
DA:16,12
DA:21,12
LF:6
LH:6
BRF:0
BRH:0
end_of_record
TN:
SF:src/render/native/markdown.ts
FN:4,renderNativeMarkdownSection
FNF:1
FNH:1
FNDA:9,renderNativeMarkdownSection
DA:9,9
DA:10,9
DA:11,9
DA:12,9
DA:15,9
DA:17,9
DA:18,15
DA:19,15
DA:20,15
DA:22,15
DA:25,15
DA:26,15
DA:30,15
DA:31,15
DA:34,9
LF:15
LH:15
BRDA:31,0,0,9
BRDA:31,0,1,6
BRF:2
BRH:2
end_of_record
TN:
SF:src/render/native/plain.ts
FN:11,renderNativePlainSection
FNF:1
FNH:1
FNDA:6,renderNativePlainSection
DA:15,6
DA:16,6
DA:28,6
DA:30,6
DA:31,12
DA:36,12
DA:38,12
DA:39,12
DA:40,12
DA:41,12
DA:46,12
DA:47,6
DA:48,6
DA:50,6
DA:51,6
DA:55,6
DA:57,6
LF:17
LH:17
BRDA:38,0,0,0
BRDA:38,0,1,12
BRDA:46,1,0,6
BRDA:46,1,1,6
BRF:4
BRH:3
end_of_record
TN:
SF:src/render/native/section.ts
FN:13,createNativeRenderSectionFn
FN:16,(anonymous_1)
FN:76,(anonymous_2)
FNF:3
FNH:3
FNDA:51,createNativeRenderSectionFn
FNDA:179,(anonymous_1)
FNDA:874,(anonymous_2)
DA:16,51
DA:17,179
DA:18,2
DA:19,2
DA:29,177
DA:34,177
DA:35,177
DA:36,177
DA:50,179
DA:72,179
DA:74,177
DA:77,874
LF:12
LH:12
BRDA:17,0,0,2
BRDA:17,0,1,177
BRDA:39,1,0,15
BRDA:39,1,1,162
BRDA:44,2,0,21
BRDA:44,2,1,156
BRDA:50,3,0,152
BRDA:50,3,1,25
BRDA:56,4,0,9
BRDA:56,4,1,16
BRDA:62,5,0,5
BRDA:62,5,1,11
BRDA:83,6,0,166
BRDA:83,6,1,11
BRDA:83,7,0,177
BRDA:83,7,1,166
BRF:16
BRH:16
end_of_record
TN:
SF:src/render/native/xml.ts
FN:8,renderNativeXmlSection
FNF:1
FNH:1
FNDA:152,renderNativeXmlSection
DA:13,152
DA:14,152
DA:15,152
DA:16,152
DA:17,152
DA:19,152
DA:20,830
DA:21,830
DA:22,830
DA:23,830
DA:24,830
DA:28,830
DA:31,152
DA:32,152
LF:14
LH:14
BRDA:28,0,0,152
BRDA:28,0,1,678
BRF:2
BRH:2
end_of_record
TN:
SF:src/shared/errors.ts
FN:24,(anonymous_0)
FN:32,asError
FN:36,getErrorRemediation
FN:42,buildScopeHint
FN:72,formatErrorRemediation
FNF:5
FNH:5
FNDA:295,(anonymous_0)
FNDA:17,asError
FNDA:7,getErrorRemediation
FNDA:4,buildScopeHint
FNDA:4,formatErrorRemediation
DA:25,295
DA:26,295
DA:27,295
DA:28,295
DA:33,17
DA:39,7
DA:43,4
DA:45,3
DA:51,1
DA:57,0
DA:64,0
DA:75,4
DA:76,0
DA:79,4
DA:80,4
DA:81,4
DA:83,4
DA:84,4
DA:86,4
DA:87,4
DA:89,4
DA:90,1
DA:94,4
DA:95,7
DA:97,4
LF:25
LH:22
BRDA:24,0,0,295
BRDA:33,1,0,5
BRDA:33,1,1,12
BRDA:39,2,0,7
BRDA:39,2,1,0
BRDA:43,3,0,3
BRDA:43,3,1,1
BRDA:43,3,2,0
BRDA:43,3,3,0
BRDA:75,4,0,0
BRDA:75,4,1,4
BRDA:80,5,0,4
BRDA:80,5,1,0
BRDA:83,6,0,4
BRDA:83,6,1,0
BRDA:86,7,0,4
BRDA:86,7,1,0
BRDA:89,8,0,1
BRDA:89,8,1,3
BRDA:94,9,0,4
BRDA:94,9,1,0
BRF:21
BRH:13
end_of_record
TN:
SF:src/shared/format.ts
FN:4,getLogger
FN:13,formatBytes
FN:24,formatNumber
FN:31,printHeader
FN:39,printSubheader
FN:49,printStat
FN:60,printTable
FN:64,(anonymous_7)
FN:75,printSuccess
FN:85,printWarning
FN:95,printInfo
FN:102,printError
FN:109,printProgress
FN:124,printDivider
FN:131,formatSectionStats
FN:148,printBundleSummary
FNF:16
FNH:16
FNDA:1853,getLogger
FNDA:412,formatBytes
FNDA:631,formatNumber
FNDA:84,printHeader
FNDA:153,printSubheader
FNDA:7,printStat
FNDA:538,printTable
FNDA:1962,(anonymous_7)
FNDA:132,printSuccess
FNDA:12,printWarning
FNDA:534,printInfo
FNDA:2,printError
FNDA:1,printProgress
FNDA:389,printDivider
FNDA:1,formatSectionStats
FNDA:1,printBundleSummary
DA:5,1853
DA:14,412
DA:15,399
DA:16,399
DA:17,399
DA:18,399
DA:25,631
DA:32,84
DA:33,84
DA:43,153
DA:54,7
DA:64,1962
DA:65,538
DA:66,538
DA:67,1962
DA:68,1962
DA:79,132
DA:89,12
DA:96,534
DA:103,2
DA:115,1
DA:116,1
DA:117,1
DA:118,1
DA:125,389
DA:137,1
DA:157,1
DA:158,1
DA:159,1
DA:160,1
DA:161,1
DA:162,1
DA:163,1
DA:164,1
DA:165,1
DA:166,1
LF:36
LH:36
BRDA:4,0,0,1853
BRDA:5,1,0,1853
BRDA:5,1,1,0
BRDA:14,2,0,13
BRDA:14,2,1,399
BRDA:31,3,0,84
BRDA:41,4,0,153
BRDA:52,5,0,7
BRDA:62,6,0,538
BRDA:77,7,0,132
BRDA:87,8,0,12
BRDA:95,9,0,534
BRDA:102,10,0,2
BRDA:113,11,0,1
BRDA:124,12,0,389
BRDA:155,13,0,1
BRF:16
BRH:15
end_of_record
TN:
SF:src/shared/fs.ts
FN:6,ensureDir
FN:10,pathExists
FN:19,listFilesRecursive
FN:22,(anonymous_3)
FN:39,sortLexically
FN:40,(anonymous_5)
FN:43,relativePosix
FNF:7
FNH:7
FNDA:1498,ensureDir
FNDA:6914,pathExists
FNDA:1140,listFilesRecursive
FNDA:2314,(anonymous_3)
FNDA:564,sortLexically
FNDA:14610,(anonymous_5)
FNDA:3691,relativePosix
DA:7,1498
DA:11,6914
DA:12,6914
DA:13,4162
DA:15,2752
DA:20,1140
DA:21,1140
DA:23,2314
DA:24,2314
DA:25,735
DA:28,1579
DA:29,1578
DA:32,1
DA:36,1140
DA:40,14610
DA:44,3691
LF:16
LH:16
BRDA:24,0,0,735
BRDA:24,0,1,1579
BRDA:28,1,0,1578
BRDA:28,1,1,1
BRF:4
BRH:4
end_of_record
TN:
SF:src/shared/hashing.ts
FN:4,sha256File
FN:9,normalizeText
FN:13,sha256Text
FN:17,sha256NormalizedText
FNF:4
FNH:4
FNDA:2411,sha256File
FNDA:1020,normalizeText
FNDA:1573,sha256Text
FNDA:116,sha256NormalizedText
DA:5,2411
DA:6,2407
DA:10,1020
DA:14,1573
DA:18,116
LF:5
LH:5
BRF:0
BRH:0
end_of_record
TN:
SF:src/shared/manifestSummary.ts
FN:23,summarizeManifest
FN:30,(anonymous_1)
FN:31,(anonymous_2)
FN:34,(anonymous_3)
FN:34,(anonymous_4)
FN:40,(anonymous_5)
FN:43,(anonymous_6)
FN:48,(anonymous_7)
FN:49,(anonymous_8)
FN:53,selectManifestSections
FN:59,(anonymous_10)
FN:60,(anonymous_11)
FN:62,(anonymous_12)
FN:67,selectManifestAssets
FN:72,(anonymous_14)
FN:72,(anonymous_15)
FN:74,(anonymous_16)
FNF:17
FNH:17
FNDA:37,summarizeManifest
FNDA:149,(anonymous_1)
FNDA:149,(anonymous_2)
FNDA:149,(anonymous_3)
FNDA:20,(anonymous_4)
FNDA:87,(anonymous_5)
FNDA:48,(anonymous_6)
FNDA:149,(anonymous_7)
FNDA:149,(anonymous_8)
FNDA:26,selectManifestSections
FNDA:120,(anonymous_10)
FNDA:120,(anonymous_11)
FNDA:60,(anonymous_12)
FNDA:25,selectManifestAssets
FNDA:114,(anonymous_14)
FNDA:15,(anonymous_15)
FNDA:31,(anonymous_16)
DA:28,37
DA:30,149
DA:31,149
DA:33,37
DA:34,149
DA:37,37
DA:41,87
DA:44,48
DA:48,149
DA:49,149
DA:57,26
DA:59,120
DA:60,120
DA:62,26
DA:63,60
DA:71,25
DA:72,114
DA:74,25
DA:75,31
LF:19
LH:19
BRDA:26,0,0,37
BRDA:46,1,0,37
BRDA:46,1,1,33
BRF:3
BRH:3
end_of_record
TN:
SF:src/shared/mime.ts
FN:39,detectMediaType
FNF:1
FNH:1
FNDA:2323,detectMediaType
DA:3,60
DA:43,2323
DA:46,2323
DA:47,2323
DA:48,954
DA:52,1369
DA:53,91
DA:57,1278
LF:8
LH:8
BRDA:41,0,0,2323
BRDA:47,1,0,954
BRDA:47,1,1,1369
BRDA:52,2,0,91
BRDA:52,2,1,1278
BRDA:57,3,0,2
BRDA:57,3,1,1276
BRF:7
BRH:7
end_of_record
TN:
SF:src/shared/output.ts
FN:21,resolveCommandIo
FN:33,writeStdout
FN:37,writeStderr
FN:41,writeLog
FN:48,writeJson
FN:52,writeValidatedJson
FNF:6
FNH:6
FNDA:1104,resolveCommandIo
FNDA:615,writeStdout
FNDA:51,writeStderr
FNDA:1,writeLog
FNDA:120,writeJson
FNDA:69,writeValidatedJson
DA:22,1104
DA:34,615
DA:38,51
DA:44,1
DA:45,1
DA:49,120
DA:57,69
LF:7
LH:7
BRDA:21,0,0,1104
BRDA:23,1,0,1104
BRDA:23,1,1,73
BRDA:24,2,0,1104
BRDA:24,2,1,73
BRDA:25,3,0,1104
BRDA:25,3,1,73
BRDA:26,4,0,1104
BRDA:26,4,1,73
BRDA:27,5,0,1104
BRDA:27,5,1,72
BRDA:28,6,0,1104
BRDA:28,6,1,384
BRDA:29,7,0,1104
BRDA:29,7,1,74
BRDA:33,8,0,615
BRDA:37,9,0,51
BRDA:44,10,0,1
BRDA:48,11,0,120
BRDA:55,12,0,69
BRF:20
BRH:20
end_of_record
TN:
SF:src/shared/paths.ts
FN:3,toPosixPath
FN:7,isSubpath
FNF:2
FNH:2
FNDA:3747,toPosixPath
FNDA:231,isSubpath
DA:4,3747
DA:8,231
DA:9,231
LF:3
LH:3
BRDA:10,0,0,231
BRDA:10,0,1,228
BRDA:10,0,2,215
BRF:3
BRH:3
end_of_record
TN:
SF:src/shared/tokenizer.ts
FNF:0
FNH:0
DA:11,57
LF:1
LH:1
BRF:0
BRH:0
end_of_record
TN:
SF:src/shared/tokens.ts
FN:25,getEncoding
FN:37,countTokens
FN:53,countTokensForFiles
FNF:3
FNH:3
FNDA:1096,getEncoding
FNDA:1096,countTokens
FNDA:8,countTokensForFiles
DA:16,59
DA:26,1096
DA:27,1096
DA:28,2
DA:29,2
DA:34,1092
DA:38,1096
DA:39,1096
DA:41,4
DA:42,2
DA:44,2
DA:57,8
DA:59,8
DA:60,12
DA:61,12
DA:64,8
LF:16
LH:16
BRDA:27,0,0,2
BRDA:27,0,1,1094
BRDA:41,1,0,2
BRDA:41,1,1,2
BRDA:46,2,0,2
BRDA:46,2,1,0
BRF:6
BRH:5
end_of_record
TN:
SF:src/shared/verifyFilters.ts
FN:8,selectManifestRows
FN:12,(anonymous_1)
FNF:2
FNH:2
FNDA:102,selectManifestRows
FNDA:519,(anonymous_1)
DA:12,102
DA:13,519
DA:19,42
DA:22,477
DA:27,81
DA:30,396
LF:6
LH:6
BRDA:13,0,0,42
BRDA:13,0,1,477
BRDA:14,1,0,519
BRDA:14,1,1,131
BRDA:14,1,2,113
BRDA:14,1,3,80
BRDA:22,2,0,81
BRDA:22,2,1,396
BRDA:23,3,0,477
BRDA:23,3,1,120
BRDA:23,3,2,114
BRF:11
BRH:11
end_of_record
TN:
SF:src/shared/version.ts
FNF:0
FNH:0
DA:3,48
DA:4,48
LF:2
LH:2
BRF:0
BRH:0
end_of_record
TN:
SF:src/shared/wizard.ts
FN:26,getWizardPromptAdapter
FN:30,setWizardPromptAdapter
FN:39,resetWizardPromptAdapter
FN:48,getWizardLogger
FN:61,wizardInput
FN:79,wizardSelect
FN:90,(anonymous_6)
FN:100,wizardConfirm
FN:117,wizardCheckbox
FN:128,(anonymous_9)
FN:138,printWizardHeader
FN:148,printWizardStep
FN:162,printWizardTip
FN:169,printWizardComplete
FNF:14
FNH:14
FNDA:5,getWizardPromptAdapter
FNDA:5,setWizardPromptAdapter
FNDA:10,resetWizardPromptAdapter
FNDA:12,getWizardLogger
FNDA:1,wizardInput
FNDA:2,wizardSelect
FNDA:4,(anonymous_6)
FNDA:1,wizardConfirm
FNDA:1,wizardCheckbox
FNDA:2,(anonymous_9)
FNDA:2,printWizardHeader
FNDA:1,printWizardStep
FNDA:2,printWizardTip
FNDA:2,printWizardComplete
DA:19,22
DA:27,5
DA:33,5
DA:40,10
DA:49,12
DA:66,1
DA:67,1
DA:69,1
DA:73,1
DA:85,2
DA:86,2
DA:88,2
DA:90,4
DA:105,1
DA:106,1
DA:108,1
DA:123,1
DA:124,1
DA:126,1
DA:128,2
DA:139,2
DA:140,2
DA:141,2
DA:142,2
DA:154,1
DA:163,2
DA:170,2
LF:27
LH:27
BRDA:48,0,0,12
BRDA:49,1,0,12
BRDA:49,1,1,4
BRDA:63,2,0,1
BRDA:64,3,0,1
BRDA:66,4,0,1
BRDA:66,4,1,0
BRDA:71,5,0,1
BRDA:71,5,1,0
BRDA:82,6,0,2
BRDA:83,7,0,2
BRDA:85,8,0,2
BRDA:85,8,1,0
BRDA:102,9,0,1
BRDA:103,10,0,1
BRDA:105,11,0,1
BRDA:105,11,1,0
BRDA:110,12,0,1
BRDA:110,12,1,0
BRDA:120,13,0,1
BRDA:121,14,0,1
BRDA:123,15,0,1
BRDA:123,15,1,0
BRDA:138,16,0,2
BRDA:152,17,0,1
BRDA:162,18,0,2
BRDA:169,19,0,2
BRF:27
BRH:21
end_of_record
TN:
SF:src/templates/descriptors.ts
FN:184,defineDescriptor
FN:408,(anonymous_1)
FN:411,getTemplateDescriptor
FN:421,listTemplateDescriptors
FN:425,getTemplateMetadataList
FN:426,(anonymous_5)
FNF:6
FNH:6
FNDA:220,defineDescriptor
FNDA:220,(anonymous_1)
FNDA:1227,getTemplateDescriptor
FNDA:139,listTemplateDescriptors
FNDA:2,getTemplateMetadataList
FNDA:20,(anonymous_5)
DA:7,22
DA:185,220
DA:188,22
DA:407,22
DA:408,220
DA:414,1227
DA:415,1227
DA:416,0
DA:418,1227
DA:422,139
DA:426,20
LF:11
LH:10
BRDA:415,0,0,0
BRDA:415,0,1,1227
BRF:2
BRH:1
end_of_record
TN:
SF:src/templates/detect.ts
FN:20,(anonymous_0)
FN:24,isEnvironmentSupported
FN:30,getSupportedTemplates
FN:34,getSupportedTemplateDescriptors
FN:38,detectEnvironment
FN:55,getTemplateDescriptorByName
FNF:6
FNH:6
FNDA:220,(anonymous_0)
FNDA:1142,isEnvironmentSupported
FNDA:2,getSupportedTemplates
FNDA:25,getSupportedTemplateDescriptors
FNDA:92,detectEnvironment
FNDA:1227,getTemplateDescriptorByName
DA:20,22
DA:21,220
DA:27,1142
DA:31,2
DA:35,25
DA:39,92
DA:40,677
DA:41,92
DA:44,585
DA:45,847
DA:46,847
DA:47,44
DA:52,48
DA:58,1227
LF:14
LH:14
BRDA:40,0,0,92
BRDA:40,0,1,585
BRDA:46,1,0,44
BRDA:46,1,1,803
BRF:4
BRH:4
end_of_record
TN:
SF:src/templates/engine.ts
FN:30,loadTemplateSource
FN:53,compileTemplate
FN:63,resolveEnvironment
FN:78,renderInitTemplate
FN:92,renderInitTemplateFile
FNF:5
FNH:5
FNDA:1209,loadTemplateSource
FNDA:1209,compileTemplate
FNDA:1209,resolveEnvironment
FNDA:1209,renderInitTemplate
FNDA:1200,renderInitTemplateFile
DA:25,22
DA:34,1209
DA:39,1209
DA:40,575
DA:43,634
DA:44,634
DA:45,634
DA:48,0
DA:58,1209
DA:59,1209
DA:60,1209
DA:67,1209
DA:68,1142
DA:69,0
DA:73,1142
DA:75,67
DA:84,1209
DA:88,1209
DA:89,1209
DA:100,1200
DA:101,1200
DA:102,1200
DA:103,36
DA:111,1164
DA:117,1164
DA:118,1164
DA:120,1164
LF:27
LH:25
BRDA:39,0,0,575
BRDA:39,0,1,634
BRDA:44,1,0,634
BRDA:44,1,1,0
BRDA:67,2,0,1142
BRDA:67,2,1,67
BRDA:68,3,0,0
BRDA:68,3,1,1142
BRDA:102,4,0,36
BRDA:102,4,1,1164
BRDA:102,5,0,1200
BRDA:102,5,1,104
BRF:12
BRH:10
end_of_record
TN:
SF:src/templates/index.ts
FNF:0
FNH:0
LF:0
LH:0
BRF:0
BRH:0
end_of_record
TN:
SF:src/vcs/fallback.ts
FN:14,getFilesystemState
FN:21,(anonymous_1)
FNF:2
FNH:2
FNDA:160,getFilesystemState
FNDA:931,(anonymous_1)
DA:17,160
DA:18,160
DA:21,931
LF:3
LH:3
BRF:0
BRH:0
end_of_record
TN:
SF:src/vcs/fossil.ts
FN:23,runFossil
FN:38,detectFossil
FN:55,getFossilState
FN:63,(anonymous_3)
FN:70,(anonymous_4)
FN:96,getRecentFossilHistory
FN:117,(anonymous_6)
FN:119,(anonymous_7)
FN:137,(anonymous_8)
FNF:9
FNH:9
FNDA:161,runFossil
FNDA:164,detectFossil
FNDA:3,getFossilState
FNDA:9,(anonymous_3)
FNDA:1,(anonymous_4)
FNDA:1,getRecentFossilHistory
FNDA:3,(anonymous_6)
FNDA:2,(anonymous_7)
FNDA:2,(anonymous_8)
DA:7,60
DA:13,60
DA:14,60
DA:27,161
DA:42,164
DA:43,164
DA:44,2
DA:46,162
DA:59,3
DA:60,3
DA:63,9
DA:70,3
DA:74,3
DA:75,3
DA:77,3
DA:78,9
DA:79,9
DA:80,6
DA:81,6
DA:82,2
DA:83,4
DA:84,3
DA:88,3
DA:101,1
DA:102,0
DA:105,1
DA:113,1
DA:115,1
DA:117,3
DA:120,2
DA:121,2
DA:122,0
DA:124,2
DA:125,2
DA:128,2
DA:129,0
DA:131,2
DA:137,2
LF:38
LH:35
BRDA:40,0,0,164
BRDA:57,1,0,3
BRDA:79,2,0,3
BRDA:79,2,1,6
BRDA:81,3,0,2
BRDA:81,3,1,4
BRDA:83,4,0,3
BRDA:83,4,1,1
BRDA:99,5,0,1
BRDA:101,6,0,0
BRDA:101,6,1,1
BRDA:121,7,0,0
BRDA:121,7,1,2
BRDA:128,8,0,0
BRDA:128,8,1,2
BRDA:128,9,0,2
BRDA:128,9,1,2
BRF:17
BRH:14
end_of_record
TN:
SF:src/vcs/git.ts
FN:19,runGit
FN:41,detectGit
FN:58,getGitState
FN:103,getRecentGitHistory
FN:124,(anonymous_4)
FN:126,(anonymous_5)
FN:142,(anonymous_6)
FNF:7
FNH:7
FNDA:344,runGit
FNDA:219,detectGit
FNDA:56,getGitState
FNDA:21,getRecentGitHistory
FNDA:43,(anonymous_4)
FNDA:22,(anonymous_5)
FNDA:22,(anonymous_6)
DA:7,59
DA:23,344
DA:45,219
DA:46,219
DA:47,57
DA:49,162
DA:63,56
DA:67,56
DA:71,56
DA:76,56
DA:77,56
DA:79,56
DA:80,99
DA:81,42
DA:82,42
DA:83,42
DA:85,41
DA:86,33
DA:88,8
DA:92,56
DA:100,59
DA:101,59
DA:108,21
DA:109,0
DA:112,21
DA:122,21
DA:124,43
DA:127,22
DA:128,22
DA:129,0
DA:131,22
DA:132,22
DA:133,22
DA:134,0
DA:136,22
DA:142,22
LF:36
LH:33
BRDA:43,0,0,219
BRDA:60,1,0,56
BRDA:80,2,0,57
BRDA:80,2,1,42
BRDA:83,3,0,1
BRDA:83,3,1,41
BRDA:85,4,0,33
BRDA:85,4,1,8
BRDA:106,5,0,21
BRDA:108,6,0,0
BRDA:108,6,1,21
BRDA:128,7,0,0
BRDA:128,7,1,22
BRDA:133,8,0,0
BRDA:133,8,1,22
BRDA:133,9,0,22
BRDA:133,9,1,22
BRF:17
BRH:14
end_of_record
TN:
SF:src/vcs/mercurial.ts
FN:20,runHg
FN:32,detectHg
FN:58,getHgState
FN:67,(anonymous_3)
FN:72,(anonymous_4)
FN:101,getRecentHgHistory
FN:118,(anonymous_6)
FN:120,(anonymous_7)
FN:136,(anonymous_8)
FNF:9
FNH:9
FNDA:165,runHg
FNDA:164,detectHg
FNDA:4,getHgState
FNDA:15,(anonymous_3)
FNDA:1,(anonymous_4)
FNDA:3,getRecentHgHistory
FNDA:7,(anonymous_6)
FNDA:4,(anonymous_7)
FNDA:4,(anonymous_8)
DA:7,60
DA:10,60
DA:11,60
DA:21,165
DA:36,164
DA:37,164
DA:38,3
DA:40,161
DA:63,4
DA:64,4
DA:67,15
DA:72,4
DA:73,1
DA:76,4
DA:77,4
DA:79,4
DA:80,14
DA:81,10
DA:82,10
DA:83,10
DA:85,9
DA:86,2
DA:87,7
DA:89,3
DA:93,4
DA:106,3
DA:107,0
DA:110,3
DA:111,3
DA:116,3
DA:118,7
DA:121,4
DA:122,4
DA:123,0
DA:125,4
DA:126,4
DA:127,4
DA:128,0
DA:130,4
DA:136,4
LF:40
LH:37
BRDA:34,0,0,164
BRDA:60,1,0,4
BRDA:80,2,0,4
BRDA:80,2,1,10
BRDA:83,3,0,1
BRDA:83,3,1,9
BRDA:85,4,0,2
BRDA:85,4,1,7
BRDA:87,5,0,3
BRDA:87,5,1,4
BRDA:87,6,0,7
BRDA:87,6,1,5
BRDA:104,7,0,3
BRDA:106,8,0,0
BRDA:106,8,1,3
BRDA:122,9,0,0
BRDA:122,9,1,4
BRDA:127,10,0,0
BRDA:127,10,1,4
BRDA:127,11,0,4
BRDA:127,11,1,4
BRF:21
BRH:18
end_of_record
TN:
SF:src/vcs/provider.ts
FN:91,getVCSState
FN:95,getVCSStateWithHandlers
FN:126,classifyDirtyState
FNF:3
FNH:3
FNDA:214,getVCSState
FNDA:222,getVCSStateWithHandlers
FNDA:178,classifyDirtyState
DA:71,57
DA:92,214
DA:101,222
DA:102,56
DA:106,166
DA:107,2
DA:111,164
DA:112,3
DA:116,161
DA:129,178
DA:131,128
DA:133,50
DA:134,13
DA:136,37
DA:137,16
DA:139,21
LF:16
LH:16
BRDA:101,0,0,56
BRDA:101,0,1,166
BRDA:106,1,0,2
BRDA:106,1,1,164
BRDA:111,2,0,3
BRDA:111,2,1,161
BRDA:129,3,0,128
BRDA:129,3,1,50
BRDA:133,4,0,13
BRDA:133,4,1,37
BRDA:136,5,0,16
BRDA:136,5,1,21
BRF:12
BRH:12
end_of_record
TN:
SF:tests/bundle/helpers.ts
FN:31,commandAvailable
FN:40,initializeHgRepository
FN:48,initializeFossilRepository
FN:75,countLogicalLines
FN:84,countNewlines
FN:94,findExpectedContentStartLine
FN:144,expectExtractedFilesToMatchManifest
FN:155,createProject
FN:246,seedAntoraDocs
FN:265,(anonymous_9)
FN:281,tamperSectionOutput
FN:288,(anonymous_11)
FN:301,readLogicalLineCount
FN:305,runQuietBundleCommand
FN:310,runQuietValidateCommand
FN:317,runQuietVerifyCommand
FNF:16
FNH:15
FNDA:1,commandAvailable
FNDA:1,initializeHgRepository
FNDA:0,initializeFossilRepository
FNDA:2,countLogicalLines
FNDA:8,countNewlines
FNDA:8,findExpectedContentStartLine
FNDA:4,expectExtractedFilesToMatchManifest
FNDA:80,createProject
FNDA:11,seedAntoraDocs
FNDA:10,(anonymous_9)
FNDA:8,tamperSectionOutput
FNDA:16,(anonymous_11)
FNDA:2,readLogicalLineCount
FNDA:66,runQuietBundleCommand
FNDA:1,runQuietValidateCommand
FNDA:8,runQuietVerifyCommand
DA:29,12
DA:32,1
DA:33,1
DA:34,1
DA:36,0
DA:41,1
DA:42,1
DA:43,1
DA:49,0
DA:50,0
DA:51,0
DA:52,0
DA:53,0
DA:54,0
DA:55,0
DA:62,0
DA:63,0
DA:67,0
DA:68,0
DA:76,2
DA:77,0
DA:80,2
DA:81,2
DA:85,8
DA:86,8
DA:87,22726
DA:88,673
DA:91,8
DA:99,8
DA:101,8
DA:102,2
DA:103,2
DA:104,2
DA:105,0
DA:107,2
DA:108,2
DA:111,6
DA:112,3
DA:113,3
DA:114,3
DA:115,0
DA:117,3
DA:118,3
DA:119,0
DA:121,3
DA:122,3
DA:125,3
DA:126,3
DA:127,3
DA:128,3
DA:129,0
DA:131,3
DA:132,3
DA:135,0
DA:136,0
DA:137,0
DA:138,0
DA:140,0
DA:141,0
DA:148,4
DA:149,4
DA:150,16
DA:151,16
DA:170,80
DA:174,80
DA:217,80
DA:218,11
DA:219,11
DA:222,11
DA:225,11
DA:226,11
DA:231,80
DA:232,1
DA:235,80
DA:236,0
DA:239,80
DA:247,11
DA:248,11
DA:255,11
DA:259,11
DA:264,11
DA:265,11
DA:266,11
DA:267,10
DA:268,10
DA:271,10
DA:274,10
DA:275,10
DA:287,8
DA:288,16
DA:289,8
DA:290,0
DA:293,8
DA:294,8
DA:295,8
DA:296,0
DA:298,8
DA:302,2
DA:306,66
DA:307,66
DA:313,1
DA:314,1
DA:318,8
DA:319,8
LF:104
LH:78
BRDA:76,0,0,0
BRDA:76,0,1,2
BRDA:81,1,0,0
BRDA:81,1,1,2
BRDA:87,2,0,673
BRDA:87,2,1,22053
BRDA:101,3,0,2
BRDA:101,3,1,6
BRDA:104,4,0,0
BRDA:104,4,1,2
BRDA:111,5,0,3
BRDA:111,5,1,3
BRDA:114,6,0,0
BRDA:114,6,1,3
BRDA:118,7,0,0
BRDA:118,7,1,3
BRDA:125,8,0,3
BRDA:125,8,1,0
BRDA:128,9,0,0
BRDA:128,9,1,3
BRDA:137,10,0,0
BRDA:137,10,1,0
BRDA:170,11,0,80
BRDA:170,11,1,77
BRDA:170,11,2,77
BRDA:175,12,0,80
BRDA:175,12,1,80
BRDA:180,13,0,80
BRDA:180,13,1,71
BRDA:183,14,0,80
BRDA:183,14,1,80
BRDA:188,15,0,3
BRDA:188,15,1,77
BRDA:207,16,0,1
BRDA:207,16,1,79
BRDA:213,17,0,80
BRDA:213,17,1,71
BRDA:217,18,0,11
BRDA:217,18,1,69
BRDA:231,19,0,1
BRDA:231,19,1,79
BRDA:235,20,0,0
BRDA:235,20,1,80
BRDA:266,21,0,10
BRDA:266,21,1,1
BRDA:289,22,0,0
BRDA:289,22,1,8
BRDA:295,23,0,0
BRDA:295,23,1,8
BRF:49
BRH:37
end_of_record
TN:
SF:tests/init/templateHarness.ts
FN:7,generateTemplateWorkspace
FN:33,(anonymous_1)
FN:36,(anonymous_2)
FN:39,(anonymous_3)
FN:40,(anonymous_4)
FNF:5
FNH:4
FNDA:5,generateTemplateWorkspace
FNDA:10,(anonymous_1)
FNDA:4,(anonymous_2)
FNDA:0,(anonymous_3)
FNDA:4,(anonymous_4)
DA:12,5
DA:15,5
DA:16,5
DA:29,5
DA:34,10
DA:37,4
DA:39,0
DA:40,4
LF:8
LH:7
BRF:0
BRH:0
end_of_record
TN:
SF:tests/oracle/helpers.ts
FN:10,loadQuietCxConfig
FN:16,createRenderFixture
FN:60,writeMockReferenceOracleAdapter
FNF:3
FNH:3
FNDA:13,loadQuietCxConfig
FNDA:13,createRenderFixture
FNDA:7,writeMockReferenceOracleAdapter
DA:11,13
DA:27,13
DA:52,13
DA:68,7
DA:78,7
DA:106,7
DA:107,4
DA:141,7
DA:142,2
DA:159,7
LF:10
LH:10
BRDA:17,0,0,13
BRDA:48,1,0,13
BRDA:48,1,1,9
BRDA:106,2,0,4
BRDA:106,2,1,3
BRDA:121,3,0,3
BRDA:121,3,1,1
BRDA:141,4,0,2
BRDA:141,4,1,5
BRF:9
BRH:9
end_of_record
